<?xml version="1.0" encoding="UTF-8"?>
<robot generator="Robot 7.0 (Python 3.12.1 on linux)" generated="2024-06-11T07:06:42.774844" rpa="false" schemaversion="5">
<suite id="s1" name="tc01 logintestChrome &amp; tc02 logintestFirefox &amp; tc03 logoutTest &amp; tc04 itemMenuSort &amp; tc05 shoppingCart &amp; tc06 reloginShoppingCart">
<suite id="s1-s1" name="tc01 logintestChrome" source="/tarobot/Tests/prod/tc01_logintestChrome.robot">
<test id="s1-s1-t1" name="LoginTestwithAcceptedUsernames" line="12">
<kw name="Valid login">
<kw name="Open headless Browser in chrome" owner="logintest_common_resources">
<kw name="Evaluate" owner="BuiltIn">
<msg time="2024-06-11T07:06:43.947151" level="INFO">${chrome_options} = &lt;selenium.webdriver.chrome.options.Options object at 0x7f23c5e59040&gt;</msg>
<var>${chrome_options}</var>
<arg>sys.modules['selenium.webdriver'].ChromeOptions()</arg>
<arg>sys, selenium.webdriver</arg>
<doc>Evaluates the given expression in Python and returns the result.</doc>
<status status="PASS" start="2024-06-11T07:06:43.946847" elapsed="0.000347"/>
</kw>
<kw name="Call Method" owner="BuiltIn">
<arg>${chrome_options}</arg>
<arg>add_argument</arg>
<arg>--headless</arg>
<doc>Calls the named method of the given object with the provided arguments.</doc>
<status status="PASS" start="2024-06-11T07:06:43.947363" elapsed="0.000157"/>
</kw>
<kw name="Call Method" owner="BuiltIn">
<arg>${chrome_options}</arg>
<arg>add_argument</arg>
<arg>--no-sandbox</arg>
<doc>Calls the named method of the given object with the provided arguments.</doc>
<status status="PASS" start="2024-06-11T07:06:43.947708" elapsed="0.000154"/>
</kw>
<kw name="Call Method" owner="BuiltIn">
<arg>${chrome_options}</arg>
<arg>add_argument</arg>
<arg>--disable-dev-shm-usage</arg>
<doc>Calls the named method of the given object with the provided arguments.</doc>
<status status="PASS" start="2024-06-11T07:06:43.947982" elapsed="0.000137"/>
</kw>
<kw name="Create Webdriver" owner="SeleniumLibrary">
<msg time="2024-06-11T07:06:43.948432" level="INFO">Creating an instance of the Chrome WebDriver.</msg>
<arg>Chrome</arg>
<arg>options=${chrome_options}</arg>
<doc>Creates an instance of Selenium WebDriver.</doc>
<status status="PASS" start="2024-06-11T07:06:43.948247" elapsed="1.110823"/>
</kw>
<kw name="Go To" owner="SeleniumLibrary">
<msg time="2024-06-11T07:06:45.059479" level="INFO">Opening url 'https://www.saucedemo.com/'</msg>
<arg>${URL}</arg>
<doc>Navigates the current browser window to the provided ``url``.</doc>
<status status="PASS" start="2024-06-11T07:06:45.059286" elapsed="0.723714"/>
</kw>
<status status="PASS" start="2024-06-11T07:06:43.945964" elapsed="1.837230"/>
</kw>
<kw name="Input username" owner="logintest_common_resources">
<kw name="Input Text" owner="SeleniumLibrary">
<msg time="2024-06-11T07:06:45.785449" level="INFO">Typing text 'standard_user' into text field 'id=user-name'.</msg>
<arg>id=user-name</arg>
<arg>${username}</arg>
<doc>Types the given ``text`` into the text field identified by ``locator``.</doc>
<status status="PASS" start="2024-06-11T07:06:45.784364" elapsed="0.223640"/>
</kw>
<arg>${username}</arg>
<status status="PASS" start="2024-06-11T07:06:45.783449" elapsed="0.224748"/>
</kw>
<kw name="Input pwd" owner="logintest_common_resources">
<kw name="Input Text" owner="SeleniumLibrary">
<msg time="2024-06-11T07:06:46.009178" level="INFO">Typing text 'secret_sauce' into text field 'id=password'.</msg>
<arg>id=password</arg>
<arg>${password}</arg>
<doc>Types the given ``text`` into the text field identified by ``locator``.</doc>
<status status="PASS" start="2024-06-11T07:06:46.008906" elapsed="0.153186"/>
</kw>
<arg>${password}</arg>
<status status="PASS" start="2024-06-11T07:06:46.008422" elapsed="0.153801"/>
</kw>
<kw name="Click login button" owner="logintest_common_resources">
<kw name="Click Button" owner="SeleniumLibrary">
<msg time="2024-06-11T07:06:46.162932" level="INFO">Clicking button 'id=login-button'.</msg>
<arg>id=login-button</arg>
<doc>Clicks the button identified by ``locator``.</doc>
<status status="PASS" start="2024-06-11T07:06:46.162757" elapsed="0.130309"/>
</kw>
<status status="PASS" start="2024-06-11T07:06:46.162406" elapsed="0.130789"/>
</kw>
<kw name="Welcome page should be visible" owner="logintest_common_resources">
<kw name="Page Should Contain Element" owner="SeleniumLibrary">
<msg time="2024-06-11T07:06:46.309241" level="INFO">Current page contains element 'xpath=//*[@id="shopping_cart_container"]'.</msg>
<arg>xpath=//*[@id="shopping_cart_container"]</arg>
<doc>Verifies that element ``locator`` is found on the current page.</doc>
<status status="PASS" start="2024-06-11T07:06:46.293721" elapsed="0.015617"/>
</kw>
<status status="PASS" start="2024-06-11T07:06:46.293377" elapsed="0.016067"/>
</kw>
<kw name="Close Browsers" owner="logintest_common_resources">
<kw name="Close All Browsers" owner="SeleniumLibrary">
<doc>Closes all open browsers and resets the browser cache.</doc>
<status status="PASS" start="2024-06-11T07:06:46.309964" elapsed="0.083638"/>
</kw>
<status status="PASS" start="2024-06-11T07:06:46.309616" elapsed="0.084206"/>
</kw>
<arg>standard_user</arg>
<arg>secret_sauce</arg>
<tag>Acceptedusers</tag>
<status status="PASS" start="2024-06-11T07:06:43.945458" elapsed="2.448455"/>
</kw>
<status status="PASS" start="2024-06-11T07:06:43.944033" elapsed="2.450201"/>
</test>
<test id="s1-s1-t2" name="LoginTestwithAcceptedUsernames" line="12">
<kw name="Valid login">
<kw name="Open headless Browser in chrome" owner="logintest_common_resources">
<kw name="Evaluate" owner="BuiltIn">
<msg time="2024-06-11T07:06:46.398264" level="INFO">${chrome_options} = &lt;selenium.webdriver.chrome.options.Options object at 0x7f23c5e81370&gt;</msg>
<var>${chrome_options}</var>
<arg>sys.modules['selenium.webdriver'].ChromeOptions()</arg>
<arg>sys, selenium.webdriver</arg>
<doc>Evaluates the given expression in Python and returns the result.</doc>
<status status="PASS" start="2024-06-11T07:06:46.397902" elapsed="0.000407"/>
</kw>
<kw name="Call Method" owner="BuiltIn">
<arg>${chrome_options}</arg>
<arg>add_argument</arg>
<arg>--headless</arg>
<doc>Calls the named method of the given object with the provided arguments.</doc>
<status status="PASS" start="2024-06-11T07:06:46.398644" elapsed="0.000216"/>
</kw>
<kw name="Call Method" owner="BuiltIn">
<arg>${chrome_options}</arg>
<arg>add_argument</arg>
<arg>--no-sandbox</arg>
<doc>Calls the named method of the given object with the provided arguments.</doc>
<status status="PASS" start="2024-06-11T07:06:46.399023" elapsed="0.000185"/>
</kw>
<kw name="Call Method" owner="BuiltIn">
<arg>${chrome_options}</arg>
<arg>add_argument</arg>
<arg>--disable-dev-shm-usage</arg>
<doc>Calls the named method of the given object with the provided arguments.</doc>
<status status="PASS" start="2024-06-11T07:06:46.399367" elapsed="0.000218"/>
</kw>
<kw name="Create Webdriver" owner="SeleniumLibrary">
<msg time="2024-06-11T07:06:46.399995" level="INFO">Creating an instance of the Chrome WebDriver.</msg>
<arg>Chrome</arg>
<arg>options=${chrome_options}</arg>
<doc>Creates an instance of Selenium WebDriver.</doc>
<status status="PASS" start="2024-06-11T07:06:46.399755" elapsed="0.978037"/>
</kw>
<kw name="Go To" owner="SeleniumLibrary">
<msg time="2024-06-11T07:06:47.378258" level="INFO">Opening url 'https://www.saucedemo.com/'</msg>
<arg>${URL}</arg>
<doc>Navigates the current browser window to the provided ``url``.</doc>
<status status="PASS" start="2024-06-11T07:06:47.378045" elapsed="0.603804"/>
</kw>
<status status="PASS" start="2024-06-11T07:06:46.397477" elapsed="1.584554"/>
</kw>
<kw name="Input username" owner="logintest_common_resources">
<kw name="Input Text" owner="SeleniumLibrary">
<msg time="2024-06-11T07:06:47.983406" level="INFO">Typing text 'problem_user' into text field 'id=user-name'.</msg>
<arg>id=user-name</arg>
<arg>${username}</arg>
<doc>Types the given ``text`` into the text field identified by ``locator``.</doc>
<status status="PASS" start="2024-06-11T07:06:47.982980" elapsed="0.254989"/>
</kw>
<arg>${username}</arg>
<status status="PASS" start="2024-06-11T07:06:47.982291" elapsed="0.255834"/>
</kw>
<kw name="Input pwd" owner="logintest_common_resources">
<kw name="Input Text" owner="SeleniumLibrary">
<msg time="2024-06-11T07:06:48.240377" level="INFO">Typing text 'secret_sauce' into text field 'id=password'.</msg>
<arg>id=password</arg>
<arg>${password}</arg>
<doc>Types the given ``text`` into the text field identified by ``locator``.</doc>
<status status="PASS" start="2024-06-11T07:06:48.240082" elapsed="0.196066"/>
</kw>
<arg>${password}</arg>
<status status="PASS" start="2024-06-11T07:06:48.239423" elapsed="0.196897"/>
</kw>
<kw name="Click login button" owner="logintest_common_resources">
<kw name="Click Button" owner="SeleniumLibrary">
<msg time="2024-06-11T07:06:48.437667" level="INFO">Clicking button 'id=login-button'.</msg>
<arg>id=login-button</arg>
<doc>Clicks the button identified by ``locator``.</doc>
<status status="PASS" start="2024-06-11T07:06:48.437084" elapsed="0.194641"/>
</kw>
<status status="PASS" start="2024-06-11T07:06:48.436652" elapsed="0.195316"/>
</kw>
<kw name="Welcome page should be visible" owner="logintest_common_resources">
<kw name="Page Should Contain Element" owner="SeleniumLibrary">
<msg time="2024-06-11T07:06:48.657121" level="INFO">Current page contains element 'xpath=//*[@id="shopping_cart_container"]'.</msg>
<arg>xpath=//*[@id="shopping_cart_container"]</arg>
<doc>Verifies that element ``locator`` is found on the current page.</doc>
<status status="PASS" start="2024-06-11T07:06:48.633047" elapsed="0.024229"/>
</kw>
<status status="PASS" start="2024-06-11T07:06:48.632252" elapsed="0.025203"/>
</kw>
<kw name="Close Browsers" owner="logintest_common_resources">
<kw name="Close All Browsers" owner="SeleniumLibrary">
<doc>Closes all open browsers and resets the browser cache.</doc>
<status status="PASS" start="2024-06-11T07:06:48.658337" elapsed="0.065135"/>
</kw>
<status status="PASS" start="2024-06-11T07:06:48.657811" elapsed="0.065908"/>
</kw>
<arg>problem_user</arg>
<arg>secret_sauce</arg>
<tag>Acceptedusers</tag>
<status status="PASS" start="2024-06-11T07:06:46.397018" elapsed="2.326807"/>
</kw>
<status status="PASS" start="2024-06-11T07:06:46.395214" elapsed="2.329124"/>
</test>
<test id="s1-s1-t3" name="LoginTestwithAcceptedUsernames" line="12">
<kw name="Valid login">
<kw name="Open headless Browser in chrome" owner="logintest_common_resources">
<kw name="Evaluate" owner="BuiltIn">
<msg time="2024-06-11T07:06:48.729593" level="INFO">${chrome_options} = &lt;selenium.webdriver.chrome.options.Options object at 0x7f23c5e81c40&gt;</msg>
<var>${chrome_options}</var>
<arg>sys.modules['selenium.webdriver'].ChromeOptions()</arg>
<arg>sys, selenium.webdriver</arg>
<doc>Evaluates the given expression in Python and returns the result.</doc>
<status status="PASS" start="2024-06-11T07:06:48.729145" elapsed="0.000506"/>
</kw>
<kw name="Call Method" owner="BuiltIn">
<arg>${chrome_options}</arg>
<arg>add_argument</arg>
<arg>--headless</arg>
<doc>Calls the named method of the given object with the provided arguments.</doc>
<status status="PASS" start="2024-06-11T07:06:48.729853" elapsed="0.000281"/>
</kw>
<kw name="Call Method" owner="BuiltIn">
<arg>${chrome_options}</arg>
<arg>add_argument</arg>
<arg>--no-sandbox</arg>
<doc>Calls the named method of the given object with the provided arguments.</doc>
<status status="PASS" start="2024-06-11T07:06:48.730324" elapsed="0.000277"/>
</kw>
<kw name="Call Method" owner="BuiltIn">
<arg>${chrome_options}</arg>
<arg>add_argument</arg>
<arg>--disable-dev-shm-usage</arg>
<doc>Calls the named method of the given object with the provided arguments.</doc>
<status status="PASS" start="2024-06-11T07:06:48.730846" elapsed="0.000288"/>
</kw>
<kw name="Create Webdriver" owner="SeleniumLibrary">
<msg time="2024-06-11T07:06:48.731662" level="INFO">Creating an instance of the Chrome WebDriver.</msg>
<arg>Chrome</arg>
<arg>options=${chrome_options}</arg>
<doc>Creates an instance of Selenium WebDriver.</doc>
<status status="PASS" start="2024-06-11T07:06:48.731381" elapsed="0.932199"/>
</kw>
<kw name="Go To" owner="SeleniumLibrary">
<msg time="2024-06-11T07:06:49.664073" level="INFO">Opening url 'https://www.saucedemo.com/'</msg>
<arg>${URL}</arg>
<doc>Navigates the current browser window to the provided ``url``.</doc>
<status status="PASS" start="2024-06-11T07:06:49.663845" elapsed="0.531562"/>
</kw>
<status status="PASS" start="2024-06-11T07:06:48.728704" elapsed="1.466959"/>
</kw>
<kw name="Input username" owner="logintest_common_resources">
<kw name="Input Text" owner="SeleniumLibrary">
<msg time="2024-06-11T07:06:50.196688" level="INFO">Typing text 'performance_glitch_user' into text field 'id=user-name'.</msg>
<arg>id=user-name</arg>
<arg>${username}</arg>
<doc>Types the given ``text`` into the text field identified by ``locator``.</doc>
<status status="PASS" start="2024-06-11T07:06:50.196354" elapsed="0.208938"/>
</kw>
<arg>${username}</arg>
<status status="PASS" start="2024-06-11T07:06:50.195895" elapsed="0.209552"/>
</kw>
<kw name="Input pwd" owner="logintest_common_resources">
<kw name="Input Text" owner="SeleniumLibrary">
<msg time="2024-06-11T07:06:50.406699" level="INFO">Typing text 'secret_sauce' into text field 'id=password'.</msg>
<arg>id=password</arg>
<arg>${password}</arg>
<doc>Types the given ``text`` into the text field identified by ``locator``.</doc>
<status status="PASS" start="2024-06-11T07:06:50.406372" elapsed="0.142292"/>
</kw>
<arg>${password}</arg>
<status status="PASS" start="2024-06-11T07:06:50.405874" elapsed="0.142920"/>
</kw>
<kw name="Click login button" owner="logintest_common_resources">
<kw name="Click Button" owner="SeleniumLibrary">
<msg time="2024-06-11T07:06:50.549444" level="INFO">Clicking button 'id=login-button'.</msg>
<arg>id=login-button</arg>
<doc>Clicks the button identified by ``locator``.</doc>
<status status="PASS" start="2024-06-11T07:06:50.549263" elapsed="5.159419"/>
</kw>
<status status="PASS" start="2024-06-11T07:06:50.548979" elapsed="5.159826"/>
</kw>
<kw name="Welcome page should be visible" owner="logintest_common_resources">
<kw name="Page Should Contain Element" owner="SeleniumLibrary">
<msg time="2024-06-11T07:06:55.725558" level="INFO">Current page contains element 'xpath=//*[@id="shopping_cart_container"]'.</msg>
<arg>xpath=//*[@id="shopping_cart_container"]</arg>
<doc>Verifies that element ``locator`` is found on the current page.</doc>
<status status="PASS" start="2024-06-11T07:06:55.709337" elapsed="0.016317"/>
</kw>
<status status="PASS" start="2024-06-11T07:06:55.708983" elapsed="0.016775"/>
</kw>
<kw name="Close Browsers" owner="logintest_common_resources">
<kw name="Close All Browsers" owner="SeleniumLibrary">
<doc>Closes all open browsers and resets the browser cache.</doc>
<status status="PASS" start="2024-06-11T07:06:55.726315" elapsed="0.063757"/>
</kw>
<status status="PASS" start="2024-06-11T07:06:55.725952" elapsed="0.064274"/>
</kw>
<arg>performance_glitch_user</arg>
<arg>secret_sauce</arg>
<tag>Acceptedusers</tag>
<status status="PASS" start="2024-06-11T07:06:48.728023" elapsed="7.062343"/>
</kw>
<status status="PASS" start="2024-06-11T07:06:48.725495" elapsed="7.065173"/>
</test>
<test id="s1-s1-t4" name="LoginTestwithAcceptedUsernames" line="12">
<kw name="Valid login">
<kw name="Open headless Browser in chrome" owner="logintest_common_resources">
<kw name="Evaluate" owner="BuiltIn">
<msg time="2024-06-11T07:06:55.794624" level="INFO">${chrome_options} = &lt;selenium.webdriver.chrome.options.Options object at 0x7f23c5e9de20&gt;</msg>
<var>${chrome_options}</var>
<arg>sys.modules['selenium.webdriver'].ChromeOptions()</arg>
<arg>sys, selenium.webdriver</arg>
<doc>Evaluates the given expression in Python and returns the result.</doc>
<status status="PASS" start="2024-06-11T07:06:55.794247" elapsed="0.000423"/>
</kw>
<kw name="Call Method" owner="BuiltIn">
<arg>${chrome_options}</arg>
<arg>add_argument</arg>
<arg>--headless</arg>
<doc>Calls the named method of the given object with the provided arguments.</doc>
<status status="PASS" start="2024-06-11T07:06:55.794833" elapsed="0.000187"/>
</kw>
<kw name="Call Method" owner="BuiltIn">
<arg>${chrome_options}</arg>
<arg>add_argument</arg>
<arg>--no-sandbox</arg>
<doc>Calls the named method of the given object with the provided arguments.</doc>
<status status="PASS" start="2024-06-11T07:06:55.795170" elapsed="0.000951"/>
</kw>
<kw name="Call Method" owner="BuiltIn">
<arg>${chrome_options}</arg>
<arg>add_argument</arg>
<arg>--disable-dev-shm-usage</arg>
<doc>Calls the named method of the given object with the provided arguments.</doc>
<status status="PASS" start="2024-06-11T07:06:55.796293" elapsed="0.000240"/>
</kw>
<kw name="Create Webdriver" owner="SeleniumLibrary">
<msg time="2024-06-11T07:06:55.797216" level="INFO">Creating an instance of the Chrome WebDriver.</msg>
<arg>Chrome</arg>
<arg>options=${chrome_options}</arg>
<doc>Creates an instance of Selenium WebDriver.</doc>
<status status="PASS" start="2024-06-11T07:06:55.796709" elapsed="0.895243"/>
</kw>
<kw name="Go To" owner="SeleniumLibrary">
<msg time="2024-06-11T07:06:56.692441" level="INFO">Opening url 'https://www.saucedemo.com/'</msg>
<arg>${URL}</arg>
<doc>Navigates the current browser window to the provided ``url``.</doc>
<status status="PASS" start="2024-06-11T07:06:56.692193" elapsed="0.528009"/>
</kw>
<status status="PASS" start="2024-06-11T07:06:55.793939" elapsed="1.426545"/>
</kw>
<kw name="Input username" owner="logintest_common_resources">
<kw name="Input Text" owner="SeleniumLibrary">
<msg time="2024-06-11T07:06:57.221487" level="INFO">Typing text 'error_user' into text field 'id=user-name'.</msg>
<arg>id=user-name</arg>
<arg>${username}</arg>
<doc>Types the given ``text`` into the text field identified by ``locator``.</doc>
<status status="PASS" start="2024-06-11T07:06:57.221162" elapsed="0.185383"/>
</kw>
<arg>${username}</arg>
<status status="PASS" start="2024-06-11T07:06:57.220714" elapsed="0.185982"/>
</kw>
<kw name="Input pwd" owner="logintest_common_resources">
<kw name="Input Text" owner="SeleniumLibrary">
<msg time="2024-06-11T07:06:57.407597" level="INFO">Typing text 'secret_sauce' into text field 'id=password'.</msg>
<arg>id=password</arg>
<arg>${password}</arg>
<doc>Types the given ``text`` into the text field identified by ``locator``.</doc>
<status status="PASS" start="2024-06-11T07:06:57.407307" elapsed="0.148679"/>
</kw>
<arg>${password}</arg>
<status status="PASS" start="2024-06-11T07:06:57.406905" elapsed="0.149232"/>
</kw>
<kw name="Click login button" owner="logintest_common_resources">
<kw name="Click Button" owner="SeleniumLibrary">
<msg time="2024-06-11T07:06:57.556890" level="INFO">Clicking button 'id=login-button'.</msg>
<arg>id=login-button</arg>
<doc>Clicks the button identified by ``locator``.</doc>
<status status="PASS" start="2024-06-11T07:06:57.556706" elapsed="0.128865"/>
</kw>
<status status="PASS" start="2024-06-11T07:06:57.556330" elapsed="0.129370"/>
</kw>
<kw name="Welcome page should be visible" owner="logintest_common_resources">
<kw name="Page Should Contain Element" owner="SeleniumLibrary">
<msg time="2024-06-11T07:06:57.702522" level="INFO">Current page contains element 'xpath=//*[@id="shopping_cart_container"]'.</msg>
<arg>xpath=//*[@id="shopping_cart_container"]</arg>
<doc>Verifies that element ``locator`` is found on the current page.</doc>
<status status="PASS" start="2024-06-11T07:06:57.686236" elapsed="0.016387"/>
</kw>
<status status="PASS" start="2024-06-11T07:06:57.685889" elapsed="0.016847"/>
</kw>
<kw name="Close Browsers" owner="logintest_common_resources">
<kw name="Close All Browsers" owner="SeleniumLibrary">
<doc>Closes all open browsers and resets the browser cache.</doc>
<status status="PASS" start="2024-06-11T07:06:57.703437" elapsed="0.061693"/>
</kw>
<status status="PASS" start="2024-06-11T07:06:57.702921" elapsed="0.062356"/>
</kw>
<arg>error_user</arg>
<arg>secret_sauce</arg>
<tag>Acceptedusers</tag>
<status status="PASS" start="2024-06-11T07:06:55.793483" elapsed="1.971947"/>
</kw>
<status status="PASS" start="2024-06-11T07:06:55.791397" elapsed="1.974318"/>
</test>
<test id="s1-s1-t5" name="LoginTestwithAcceptedUsernames" line="12">
<kw name="Valid login">
<kw name="Open headless Browser in chrome" owner="logintest_common_resources">
<kw name="Evaluate" owner="BuiltIn">
<msg time="2024-06-11T07:06:57.769508" level="INFO">${chrome_options} = &lt;selenium.webdriver.chrome.options.Options object at 0x7f23c5e9d520&gt;</msg>
<var>${chrome_options}</var>
<arg>sys.modules['selenium.webdriver'].ChromeOptions()</arg>
<arg>sys, selenium.webdriver</arg>
<doc>Evaluates the given expression in Python and returns the result.</doc>
<status status="PASS" start="2024-06-11T07:06:57.769105" elapsed="0.000447"/>
</kw>
<kw name="Call Method" owner="BuiltIn">
<arg>${chrome_options}</arg>
<arg>add_argument</arg>
<arg>--headless</arg>
<doc>Calls the named method of the given object with the provided arguments.</doc>
<status status="PASS" start="2024-06-11T07:06:57.769722" elapsed="0.000182"/>
</kw>
<kw name="Call Method" owner="BuiltIn">
<arg>${chrome_options}</arg>
<arg>add_argument</arg>
<arg>--no-sandbox</arg>
<doc>Calls the named method of the given object with the provided arguments.</doc>
<status status="PASS" start="2024-06-11T07:06:57.770055" elapsed="0.000171"/>
</kw>
<kw name="Call Method" owner="BuiltIn">
<arg>${chrome_options}</arg>
<arg>add_argument</arg>
<arg>--disable-dev-shm-usage</arg>
<doc>Calls the named method of the given object with the provided arguments.</doc>
<status status="PASS" start="2024-06-11T07:06:57.770375" elapsed="0.000231"/>
</kw>
<kw name="Create Webdriver" owner="SeleniumLibrary">
<msg time="2024-06-11T07:06:57.770995" level="INFO">Creating an instance of the Chrome WebDriver.</msg>
<arg>Chrome</arg>
<arg>options=${chrome_options}</arg>
<doc>Creates an instance of Selenium WebDriver.</doc>
<status status="PASS" start="2024-06-11T07:06:57.770772" elapsed="0.911808"/>
</kw>
<kw name="Go To" owner="SeleniumLibrary">
<msg time="2024-06-11T07:06:58.683392" level="INFO">Opening url 'https://www.saucedemo.com/'</msg>
<arg>${URL}</arg>
<doc>Navigates the current browser window to the provided ``url``.</doc>
<status status="PASS" start="2024-06-11T07:06:58.682829" elapsed="0.544048"/>
</kw>
<status status="PASS" start="2024-06-11T07:06:57.768788" elapsed="1.458244"/>
</kw>
<kw name="Input username" owner="logintest_common_resources">
<kw name="Input Text" owner="SeleniumLibrary">
<msg time="2024-06-11T07:06:59.228054" level="INFO">Typing text 'visual_user' into text field 'id=user-name'.</msg>
<arg>id=user-name</arg>
<arg>${username}</arg>
<doc>Types the given ``text`` into the text field identified by ``locator``.</doc>
<status status="PASS" start="2024-06-11T07:06:59.227783" elapsed="0.187978"/>
</kw>
<arg>${username}</arg>
<status status="PASS" start="2024-06-11T07:06:59.227334" elapsed="0.188576"/>
</kw>
<kw name="Input pwd" owner="logintest_common_resources">
<kw name="Input Text" owner="SeleniumLibrary">
<msg time="2024-06-11T07:06:59.416902" level="INFO">Typing text 'secret_sauce' into text field 'id=password'.</msg>
<arg>id=password</arg>
<arg>${password}</arg>
<doc>Types the given ``text`` into the text field identified by ``locator``.</doc>
<status status="PASS" start="2024-06-11T07:06:59.416635" elapsed="0.148847"/>
</kw>
<arg>${password}</arg>
<status status="PASS" start="2024-06-11T07:06:59.416123" elapsed="0.149487"/>
</kw>
<kw name="Click login button" owner="logintest_common_resources">
<kw name="Click Button" owner="SeleniumLibrary">
<msg time="2024-06-11T07:06:59.566266" level="INFO">Clicking button 'id=login-button'.</msg>
<arg>id=login-button</arg>
<doc>Clicks the button identified by ``locator``.</doc>
<status status="PASS" start="2024-06-11T07:06:59.566090" elapsed="0.127104"/>
</kw>
<status status="PASS" start="2024-06-11T07:06:59.565795" elapsed="0.127531"/>
</kw>
<kw name="Welcome page should be visible" owner="logintest_common_resources">
<kw name="Page Should Contain Element" owner="SeleniumLibrary">
<msg time="2024-06-11T07:06:59.710958" level="INFO">Current page contains element 'xpath=//*[@id="shopping_cart_container"]'.</msg>
<arg>xpath=//*[@id="shopping_cart_container"]</arg>
<doc>Verifies that element ``locator`` is found on the current page.</doc>
<status status="PASS" start="2024-06-11T07:06:59.694065" elapsed="0.016993"/>
</kw>
<status status="PASS" start="2024-06-11T07:06:59.693578" elapsed="0.018156"/>
</kw>
<kw name="Close Browsers" owner="logintest_common_resources">
<kw name="Close All Browsers" owner="SeleniumLibrary">
<doc>Closes all open browsers and resets the browser cache.</doc>
<status status="PASS" start="2024-06-11T07:06:59.712240" elapsed="0.063585"/>
</kw>
<status status="PASS" start="2024-06-11T07:06:59.711938" elapsed="0.064049"/>
</kw>
<arg>visual_user</arg>
<arg>secret_sauce</arg>
<tag>Acceptedusers</tag>
<status status="PASS" start="2024-06-11T07:06:57.768241" elapsed="2.007915"/>
</kw>
<status status="PASS" start="2024-06-11T07:06:57.766504" elapsed="2.009996"/>
</test>
<kw name="Close Browsers" owner="logintest_common_resources" type="TEARDOWN">
<kw name="Close All Browsers" owner="SeleniumLibrary">
<doc>Closes all open browsers and resets the browser cache.</doc>
<status status="PASS" start="2024-06-11T07:06:59.777756" elapsed="0.000182"/>
</kw>
<status status="PASS" start="2024-06-11T07:06:59.777346" elapsed="0.000688"/>
</kw>
<status status="PASS" start="2024-06-11T07:06:42.806108" elapsed="16.971984"/>
</suite>
<suite id="s1-s2" name="tc02 logintestFirefox" source="/tarobot/Tests/prod/tc02_logintestFirefox.robot">
<test id="s1-s2-t1" name="LoginTestwithAcceptedUsernames" line="12">
<kw name="Valid login">
<kw name="Open headless Browser in firefox" owner="logintest_common_resources">
<kw name="Evaluate" owner="BuiltIn">
<msg time="2024-06-11T07:06:59.812144" level="INFO">${firefox_options} = &lt;selenium.webdriver.firefox.options.Options object at 0x7f23c5e9dd00&gt;</msg>
<var>${firefox_options}</var>
<arg>sys.modules['selenium.webdriver'].FirefoxOptions()</arg>
<arg>sys, selenium.webdriver</arg>
<doc>Evaluates the given expression in Python and returns the result.</doc>
<status status="PASS" start="2024-06-11T07:06:59.811787" elapsed="0.000402"/>
</kw>
<kw name="Call Method" owner="BuiltIn">
<arg>${firefox_options}</arg>
<arg>add_argument</arg>
<arg>-headless</arg>
<doc>Calls the named method of the given object with the provided arguments.</doc>
<status status="PASS" start="2024-06-11T07:06:59.812365" elapsed="0.000251"/>
</kw>
<kw name="Call Method" owner="BuiltIn">
<arg>${firefox_options}</arg>
<arg>add_argument</arg>
<arg>-no-sandbox</arg>
<doc>Calls the named method of the given object with the provided arguments.</doc>
<status status="PASS" start="2024-06-11T07:06:59.812776" elapsed="0.000177"/>
</kw>
<kw name="Call Method" owner="BuiltIn">
<arg>${firefox_options}</arg>
<arg>add_argument</arg>
<arg>-disable-dev-shm-usage</arg>
<doc>Calls the named method of the given object with the provided arguments.</doc>
<status status="PASS" start="2024-06-11T07:06:59.813105" elapsed="0.000173"/>
</kw>
<kw name="Create Webdriver" owner="SeleniumLibrary">
<msg time="2024-06-11T07:06:59.813735" level="INFO">Creating an instance of the Firefox WebDriver.</msg>
<arg>Firefox</arg>
<arg>options=${firefox_options}</arg>
<doc>Creates an instance of Selenium WebDriver.</doc>
<status status="PASS" start="2024-06-11T07:06:59.813497" elapsed="3.183168"/>
</kw>
<kw name="Go To" owner="SeleniumLibrary">
<msg time="2024-06-11T07:07:02.997115" level="INFO">Opening url 'https://www.saucedemo.com/'</msg>
<arg>${url}</arg>
<doc>Navigates the current browser window to the provided ``url``.</doc>
<status status="PASS" start="2024-06-11T07:07:02.996906" elapsed="0.533965"/>
</kw>
<status status="PASS" start="2024-06-11T07:06:59.811068" elapsed="3.720115"/>
</kw>
<kw name="Input username" owner="logintest_common_resources">
<kw name="Input Text" owner="SeleniumLibrary">
<msg time="2024-06-11T07:07:03.533177" level="INFO">Typing text 'standard_user' into text field 'id=user-name'.</msg>
<arg>id=user-name</arg>
<arg>${username}</arg>
<doc>Types the given ``text`` into the text field identified by ``locator``.</doc>
<status status="PASS" start="2024-06-11T07:07:03.532610" elapsed="0.204049"/>
</kw>
<arg>${username}</arg>
<status status="PASS" start="2024-06-11T07:07:03.531655" elapsed="0.205226"/>
</kw>
<kw name="Input pwd" owner="logintest_common_resources">
<kw name="Input Text" owner="SeleniumLibrary">
<msg time="2024-06-11T07:07:03.739065" level="INFO">Typing text 'secret_sauce' into text field 'id=password'.</msg>
<arg>id=password</arg>
<arg>${password}</arg>
<doc>Types the given ``text`` into the text field identified by ``locator``.</doc>
<status status="PASS" start="2024-06-11T07:07:03.738425" elapsed="0.060581"/>
</kw>
<arg>${password}</arg>
<status status="PASS" start="2024-06-11T07:07:03.737207" elapsed="0.061954"/>
</kw>
<kw name="Click login button" owner="logintest_common_resources">
<kw name="Click Button" owner="SeleniumLibrary">
<msg time="2024-06-11T07:07:03.800043" level="INFO">Clicking button 'id=login-button'.</msg>
<arg>id=login-button</arg>
<doc>Clicks the button identified by ``locator``.</doc>
<status status="PASS" start="2024-06-11T07:07:03.799821" elapsed="0.275999"/>
</kw>
<status status="PASS" start="2024-06-11T07:07:03.799445" elapsed="0.276564"/>
</kw>
<kw name="Welcome page should be visible" owner="logintest_common_resources">
<kw name="Page Should Contain Element" owner="SeleniumLibrary">
<msg time="2024-06-11T07:07:04.083025" level="INFO">Current page contains element 'xpath=//*[@id="shopping_cart_container"]'.</msg>
<arg>xpath=//*[@id="shopping_cart_container"]</arg>
<doc>Verifies that element ``locator`` is found on the current page.</doc>
<status status="PASS" start="2024-06-11T07:07:04.077061" elapsed="0.006088"/>
</kw>
<status status="PASS" start="2024-06-11T07:07:04.076483" elapsed="0.006801"/>
</kw>
<kw name="Close Browsers" owner="logintest_common_resources">
<kw name="Close All Browsers" owner="SeleniumLibrary">
<doc>Closes all open browsers and resets the browser cache.</doc>
<status status="PASS" start="2024-06-11T07:07:04.083953" elapsed="2.156754"/>
</kw>
<status status="PASS" start="2024-06-11T07:07:04.083560" elapsed="2.157312"/>
</kw>
<arg>standard_user</arg>
<arg>secret_sauce</arg>
<tag>Acceptedusers</tag>
<status status="PASS" start="2024-06-11T07:06:59.810541" elapsed="6.430418"/>
</kw>
<status status="PASS" start="2024-06-11T07:06:59.808397" elapsed="6.432903"/>
</test>
<test id="s1-s2-t2" name="LoginTestwithAcceptedUsernames" line="12">
<kw name="Valid login">
<kw name="Open headless Browser in firefox" owner="logintest_common_resources">
<kw name="Evaluate" owner="BuiltIn">
<msg time="2024-06-11T07:07:06.245172" level="INFO">${firefox_options} = &lt;selenium.webdriver.firefox.options.Options object at 0x7f23c5ec6a20&gt;</msg>
<var>${firefox_options}</var>
<arg>sys.modules['selenium.webdriver'].FirefoxOptions()</arg>
<arg>sys, selenium.webdriver</arg>
<doc>Evaluates the given expression in Python and returns the result.</doc>
<status status="PASS" start="2024-06-11T07:07:06.244857" elapsed="0.000358"/>
</kw>
<kw name="Call Method" owner="BuiltIn">
<arg>${firefox_options}</arg>
<arg>add_argument</arg>
<arg>-headless</arg>
<doc>Calls the named method of the given object with the provided arguments.</doc>
<status status="PASS" start="2024-06-11T07:07:06.245435" elapsed="0.000310"/>
</kw>
<kw name="Call Method" owner="BuiltIn">
<arg>${firefox_options}</arg>
<arg>add_argument</arg>
<arg>-no-sandbox</arg>
<doc>Calls the named method of the given object with the provided arguments.</doc>
<status status="PASS" start="2024-06-11T07:07:06.245950" elapsed="0.000193"/>
</kw>
<kw name="Call Method" owner="BuiltIn">
<arg>${firefox_options}</arg>
<arg>add_argument</arg>
<arg>-disable-dev-shm-usage</arg>
<doc>Calls the named method of the given object with the provided arguments.</doc>
<status status="PASS" start="2024-06-11T07:07:06.246294" elapsed="0.001023"/>
</kw>
<kw name="Create Webdriver" owner="SeleniumLibrary">
<msg time="2024-06-11T07:07:06.247807" level="INFO">Creating an instance of the Firefox WebDriver.</msg>
<arg>Firefox</arg>
<arg>options=${firefox_options}</arg>
<doc>Creates an instance of Selenium WebDriver.</doc>
<status status="PASS" start="2024-06-11T07:07:06.247557" elapsed="2.950536"/>
</kw>
<kw name="Go To" owner="SeleniumLibrary">
<msg time="2024-06-11T07:07:09.199975" level="INFO">Opening url 'https://www.saucedemo.com/'</msg>
<arg>${url}</arg>
<doc>Navigates the current browser window to the provided ``url``.</doc>
<status status="PASS" start="2024-06-11T07:07:09.199551" elapsed="0.740555"/>
</kw>
<status status="PASS" start="2024-06-11T07:07:06.244540" elapsed="3.695801"/>
</kw>
<kw name="Input username" owner="logintest_common_resources">
<kw name="Input Text" owner="SeleniumLibrary">
<msg time="2024-06-11T07:07:09.941985" level="INFO">Typing text 'problem_user' into text field 'id=user-name'.</msg>
<arg>id=user-name</arg>
<arg>${username}</arg>
<doc>Types the given ``text`` into the text field identified by ``locator``.</doc>
<status status="PASS" start="2024-06-11T07:07:09.941216" elapsed="0.156377"/>
</kw>
<arg>${username}</arg>
<status status="PASS" start="2024-06-11T07:07:09.940582" elapsed="0.157173"/>
</kw>
<kw name="Input pwd" owner="logintest_common_resources">
<kw name="Input Text" owner="SeleniumLibrary">
<msg time="2024-06-11T07:07:10.099121" level="INFO">Typing text 'secret_sauce' into text field 'id=password'.</msg>
<arg>id=password</arg>
<arg>${password}</arg>
<doc>Types the given ``text`` into the text field identified by ``locator``.</doc>
<status status="PASS" start="2024-06-11T07:07:10.098691" elapsed="0.079070"/>
</kw>
<arg>${password}</arg>
<status status="PASS" start="2024-06-11T07:07:10.098037" elapsed="0.079894"/>
</kw>
<kw name="Click login button" owner="logintest_common_resources">
<kw name="Click Button" owner="SeleniumLibrary">
<msg time="2024-06-11T07:07:10.178952" level="INFO">Clicking button 'id=login-button'.</msg>
<arg>id=login-button</arg>
<doc>Clicks the button identified by ``locator``.</doc>
<status status="PASS" start="2024-06-11T07:07:10.178708" elapsed="0.431109"/>
</kw>
<status status="PASS" start="2024-06-11T07:07:10.178181" elapsed="0.431792"/>
</kw>
<kw name="Welcome page should be visible" owner="logintest_common_resources">
<kw name="Page Should Contain Element" owner="SeleniumLibrary">
<msg time="2024-06-11T07:07:10.716886" level="INFO">Current page contains element 'xpath=//*[@id="shopping_cart_container"]'.</msg>
<arg>xpath=//*[@id="shopping_cart_container"]</arg>
<doc>Verifies that element ``locator`` is found on the current page.</doc>
<status status="PASS" start="2024-06-11T07:07:10.610659" elapsed="0.106340"/>
</kw>
<status status="PASS" start="2024-06-11T07:07:10.610195" elapsed="0.106927"/>
</kw>
<kw name="Close Browsers" owner="logintest_common_resources">
<kw name="Close All Browsers" owner="SeleniumLibrary">
<doc>Closes all open browsers and resets the browser cache.</doc>
<status status="PASS" start="2024-06-11T07:07:10.717723" elapsed="0.794110"/>
</kw>
<status status="PASS" start="2024-06-11T07:07:10.717378" elapsed="0.794622"/>
</kw>
<arg>problem_user</arg>
<arg>secret_sauce</arg>
<tag>Acceptedusers</tag>
<status status="PASS" start="2024-06-11T07:07:06.244001" elapsed="5.268095"/>
</kw>
<status status="PASS" start="2024-06-11T07:07:06.242078" elapsed="5.270397"/>
</test>
<test id="s1-s2-t3" name="LoginTestwithAcceptedUsernames" line="12">
<kw name="Valid login">
<kw name="Open headless Browser in firefox" owner="logintest_common_resources">
<kw name="Evaluate" owner="BuiltIn">
<msg time="2024-06-11T07:07:11.516232" level="INFO">${firefox_options} = &lt;selenium.webdriver.firefox.options.Options object at 0x7f23c5ec7500&gt;</msg>
<var>${firefox_options}</var>
<arg>sys.modules['selenium.webdriver'].FirefoxOptions()</arg>
<arg>sys, selenium.webdriver</arg>
<doc>Evaluates the given expression in Python and returns the result.</doc>
<status status="PASS" start="2024-06-11T07:07:11.515911" elapsed="0.000364"/>
</kw>
<kw name="Call Method" owner="BuiltIn">
<arg>${firefox_options}</arg>
<arg>add_argument</arg>
<arg>-headless</arg>
<doc>Calls the named method of the given object with the provided arguments.</doc>
<status status="PASS" start="2024-06-11T07:07:11.516530" elapsed="0.000186"/>
</kw>
<kw name="Call Method" owner="BuiltIn">
<arg>${firefox_options}</arg>
<arg>add_argument</arg>
<arg>-no-sandbox</arg>
<doc>Calls the named method of the given object with the provided arguments.</doc>
<status status="PASS" start="2024-06-11T07:07:11.516868" elapsed="0.000168"/>
</kw>
<kw name="Call Method" owner="BuiltIn">
<arg>${firefox_options}</arg>
<arg>add_argument</arg>
<arg>-disable-dev-shm-usage</arg>
<doc>Calls the named method of the given object with the provided arguments.</doc>
<status status="PASS" start="2024-06-11T07:07:11.517185" elapsed="0.000244"/>
</kw>
<kw name="Create Webdriver" owner="SeleniumLibrary">
<msg time="2024-06-11T07:07:11.517842" level="INFO">Creating an instance of the Firefox WebDriver.</msg>
<arg>Firefox</arg>
<arg>options=${firefox_options}</arg>
<doc>Creates an instance of Selenium WebDriver.</doc>
<status status="PASS" start="2024-06-11T07:07:11.517613" elapsed="2.986392"/>
</kw>
<kw name="Go To" owner="SeleniumLibrary">
<msg time="2024-06-11T07:07:14.504886" level="INFO">Opening url 'https://www.saucedemo.com/'</msg>
<arg>${url}</arg>
<doc>Navigates the current browser window to the provided ``url``.</doc>
<status status="PASS" start="2024-06-11T07:07:14.504535" elapsed="0.586666"/>
</kw>
<status status="PASS" start="2024-06-11T07:07:11.515596" elapsed="3.575905"/>
</kw>
<kw name="Input username" owner="logintest_common_resources">
<kw name="Input Text" owner="SeleniumLibrary">
<msg time="2024-06-11T07:07:15.092719" level="INFO">Typing text 'performance_glitch_user' into text field 'id=user-name'.</msg>
<arg>id=user-name</arg>
<arg>${username}</arg>
<doc>Types the given ``text`` into the text field identified by ``locator``.</doc>
<status status="PASS" start="2024-06-11T07:07:15.092374" elapsed="0.174297"/>
</kw>
<arg>${username}</arg>
<status status="PASS" start="2024-06-11T07:07:15.091810" elapsed="0.175284"/>
</kw>
<kw name="Input pwd" owner="logintest_common_resources">
<kw name="Input Text" owner="SeleniumLibrary">
<msg time="2024-06-11T07:07:15.269445" level="INFO">Typing text 'secret_sauce' into text field 'id=password'.</msg>
<arg>id=password</arg>
<arg>${password}</arg>
<doc>Types the given ``text`` into the text field identified by ``locator``.</doc>
<status status="PASS" start="2024-06-11T07:07:15.268829" elapsed="0.058340"/>
</kw>
<arg>${password}</arg>
<status status="PASS" start="2024-06-11T07:07:15.267825" elapsed="0.059504"/>
</kw>
<kw name="Click login button" owner="logintest_common_resources">
<kw name="Click Button" owner="SeleniumLibrary">
<msg time="2024-06-11T07:07:15.328695" level="INFO">Clicking button 'id=login-button'.</msg>
<arg>id=login-button</arg>
<doc>Clicks the button identified by ``locator``.</doc>
<status status="PASS" start="2024-06-11T07:07:15.328460" elapsed="5.264413"/>
</kw>
<status status="PASS" start="2024-06-11T07:07:15.327971" elapsed="5.265203"/>
</kw>
<kw name="Welcome page should be visible" owner="logintest_common_resources">
<kw name="Page Should Contain Element" owner="SeleniumLibrary">
<msg time="2024-06-11T07:07:20.598971" level="INFO">Current page contains element 'xpath=//*[@id="shopping_cart_container"]'.</msg>
<arg>xpath=//*[@id="shopping_cart_container"]</arg>
<doc>Verifies that element ``locator`` is found on the current page.</doc>
<status status="PASS" start="2024-06-11T07:07:20.594270" elapsed="0.004819"/>
</kw>
<status status="PASS" start="2024-06-11T07:07:20.593795" elapsed="0.005421"/>
</kw>
<kw name="Close Browsers" owner="logintest_common_resources">
<kw name="Close All Browsers" owner="SeleniumLibrary">
<doc>Closes all open browsers and resets the browser cache.</doc>
<status status="PASS" start="2024-06-11T07:07:20.599866" elapsed="0.986709"/>
</kw>
<status status="PASS" start="2024-06-11T07:07:20.599506" elapsed="0.987217"/>
</kw>
<arg>performance_glitch_user</arg>
<arg>secret_sauce</arg>
<tag>Acceptedusers</tag>
<status status="PASS" start="2024-06-11T07:07:11.515095" elapsed="10.071712"/>
</kw>
<status status="PASS" start="2024-06-11T07:07:11.513142" elapsed="10.073938"/>
</test>
<test id="s1-s2-t4" name="LoginTestwithAcceptedUsernames" line="12">
<kw name="Valid login">
<kw name="Open headless Browser in firefox" owner="logintest_common_resources">
<kw name="Evaluate" owner="BuiltIn">
<msg time="2024-06-11T07:07:21.593568" level="INFO">${firefox_options} = &lt;selenium.webdriver.firefox.options.Options object at 0x7f23c5ec7980&gt;</msg>
<var>${firefox_options}</var>
<arg>sys.modules['selenium.webdriver'].FirefoxOptions()</arg>
<arg>sys, selenium.webdriver</arg>
<doc>Evaluates the given expression in Python and returns the result.</doc>
<status status="PASS" start="2024-06-11T07:07:21.593193" elapsed="0.000420"/>
</kw>
<kw name="Call Method" owner="BuiltIn">
<arg>${firefox_options}</arg>
<arg>add_argument</arg>
<arg>-headless</arg>
<doc>Calls the named method of the given object with the provided arguments.</doc>
<status status="PASS" start="2024-06-11T07:07:21.593781" elapsed="0.000185"/>
</kw>
<kw name="Call Method" owner="BuiltIn">
<arg>${firefox_options}</arg>
<arg>add_argument</arg>
<arg>-no-sandbox</arg>
<doc>Calls the named method of the given object with the provided arguments.</doc>
<status status="PASS" start="2024-06-11T07:07:21.594118" elapsed="0.000266"/>
</kw>
<kw name="Call Method" owner="BuiltIn">
<arg>${firefox_options}</arg>
<arg>add_argument</arg>
<arg>-disable-dev-shm-usage</arg>
<doc>Calls the named method of the given object with the provided arguments.</doc>
<status status="PASS" start="2024-06-11T07:07:21.594658" elapsed="0.000194"/>
</kw>
<kw name="Create Webdriver" owner="SeleniumLibrary">
<msg time="2024-06-11T07:07:21.595245" level="INFO">Creating an instance of the Firefox WebDriver.</msg>
<arg>Firefox</arg>
<arg>options=${firefox_options}</arg>
<doc>Creates an instance of Selenium WebDriver.</doc>
<status status="PASS" start="2024-06-11T07:07:21.595019" elapsed="3.007755"/>
</kw>
<kw name="Go To" owner="SeleniumLibrary">
<msg time="2024-06-11T07:07:24.603255" level="INFO">Opening url 'https://www.saucedemo.com/'</msg>
<arg>${url}</arg>
<doc>Navigates the current browser window to the provided ``url``.</doc>
<status status="PASS" start="2024-06-11T07:07:24.602995" elapsed="0.716430"/>
</kw>
<status status="PASS" start="2024-06-11T07:07:21.592799" elapsed="3.726820"/>
</kw>
<kw name="Input username" owner="logintest_common_resources">
<kw name="Input Text" owner="SeleniumLibrary">
<msg time="2024-06-11T07:07:25.320728" level="INFO">Typing text 'error_user' into text field 'id=user-name'.</msg>
<arg>id=user-name</arg>
<arg>${username}</arg>
<doc>Types the given ``text`` into the text field identified by ``locator``.</doc>
<status status="PASS" start="2024-06-11T07:07:25.320451" elapsed="0.146747"/>
</kw>
<arg>${username}</arg>
<status status="PASS" start="2024-06-11T07:07:25.319951" elapsed="0.147477"/>
</kw>
<kw name="Input pwd" owner="logintest_common_resources">
<kw name="Input Text" owner="SeleniumLibrary">
<msg time="2024-06-11T07:07:25.469086" level="INFO">Typing text 'secret_sauce' into text field 'id=password'.</msg>
<arg>id=password</arg>
<arg>${password}</arg>
<doc>Types the given ``text`` into the text field identified by ``locator``.</doc>
<status status="PASS" start="2024-06-11T07:07:25.468650" elapsed="0.093375"/>
</kw>
<arg>${password}</arg>
<status status="PASS" start="2024-06-11T07:07:25.467778" elapsed="0.094415"/>
</kw>
<kw name="Click login button" owner="logintest_common_resources">
<kw name="Click Button" owner="SeleniumLibrary">
<msg time="2024-06-11T07:07:25.563301" level="INFO">Clicking button 'id=login-button'.</msg>
<arg>id=login-button</arg>
<doc>Clicks the button identified by ``locator``.</doc>
<status status="PASS" start="2024-06-11T07:07:25.562985" elapsed="0.299603"/>
</kw>
<status status="PASS" start="2024-06-11T07:07:25.562440" elapsed="0.300305"/>
</kw>
<kw name="Welcome page should be visible" owner="logintest_common_resources">
<kw name="Page Should Contain Element" owner="SeleniumLibrary">
<msg time="2024-06-11T07:07:25.954580" level="INFO">Current page contains element 'xpath=//*[@id="shopping_cart_container"]'.</msg>
<arg>xpath=//*[@id="shopping_cart_container"]</arg>
<doc>Verifies that element ``locator`` is found on the current page.</doc>
<status status="PASS" start="2024-06-11T07:07:25.863454" elapsed="0.091329"/>
</kw>
<status status="PASS" start="2024-06-11T07:07:25.863066" elapsed="0.092005"/>
</kw>
<kw name="Close Browsers" owner="logintest_common_resources">
<kw name="Close All Browsers" owner="SeleniumLibrary">
<doc>Closes all open browsers and resets the browser cache.</doc>
<status status="PASS" start="2024-06-11T07:07:25.955704" elapsed="0.945883"/>
</kw>
<status status="PASS" start="2024-06-11T07:07:25.955313" elapsed="0.946424"/>
</kw>
<arg>error_user</arg>
<arg>secret_sauce</arg>
<tag>Acceptedusers</tag>
<status status="PASS" start="2024-06-11T07:07:21.592085" elapsed="5.309748"/>
</kw>
<status status="PASS" start="2024-06-11T07:07:21.589448" elapsed="5.312743"/>
</test>
<test id="s1-s2-t5" name="LoginTestwithAcceptedUsernames" line="12">
<kw name="Valid login">
<kw name="Open headless Browser in firefox" owner="logintest_common_resources">
<kw name="Evaluate" owner="BuiltIn">
<msg time="2024-06-11T07:07:26.906393" level="INFO">${firefox_options} = &lt;selenium.webdriver.firefox.options.Options object at 0x7f23c5ed1fa0&gt;</msg>
<var>${firefox_options}</var>
<arg>sys.modules['selenium.webdriver'].FirefoxOptions()</arg>
<arg>sys, selenium.webdriver</arg>
<doc>Evaluates the given expression in Python and returns the result.</doc>
<status status="PASS" start="2024-06-11T07:07:26.905924" elapsed="0.000516"/>
</kw>
<kw name="Call Method" owner="BuiltIn">
<arg>${firefox_options}</arg>
<arg>add_argument</arg>
<arg>-headless</arg>
<doc>Calls the named method of the given object with the provided arguments.</doc>
<status status="PASS" start="2024-06-11T07:07:26.906620" elapsed="0.000208"/>
</kw>
<kw name="Call Method" owner="BuiltIn">
<arg>${firefox_options}</arg>
<arg>add_argument</arg>
<arg>-no-sandbox</arg>
<doc>Calls the named method of the given object with the provided arguments.</doc>
<status status="PASS" start="2024-06-11T07:07:26.907039" elapsed="0.000184"/>
</kw>
<kw name="Call Method" owner="BuiltIn">
<arg>${firefox_options}</arg>
<arg>add_argument</arg>
<arg>-disable-dev-shm-usage</arg>
<doc>Calls the named method of the given object with the provided arguments.</doc>
<status status="PASS" start="2024-06-11T07:07:26.907391" elapsed="0.000179"/>
</kw>
<kw name="Create Webdriver" owner="SeleniumLibrary">
<msg time="2024-06-11T07:07:26.907992" level="INFO">Creating an instance of the Firefox WebDriver.</msg>
<arg>Firefox</arg>
<arg>options=${firefox_options}</arg>
<doc>Creates an instance of Selenium WebDriver.</doc>
<status status="PASS" start="2024-06-11T07:07:26.907734" elapsed="3.208401"/>
</kw>
<kw name="Go To" owner="SeleniumLibrary">
<msg time="2024-06-11T07:07:30.116886" level="INFO">Opening url 'https://www.saucedemo.com/'</msg>
<arg>${url}</arg>
<doc>Navigates the current browser window to the provided ``url``.</doc>
<status status="PASS" start="2024-06-11T07:07:30.116609" elapsed="0.625133"/>
</kw>
<status status="PASS" start="2024-06-11T07:07:26.905566" elapsed="3.836440"/>
</kw>
<kw name="Input username" owner="logintest_common_resources">
<kw name="Input Text" owner="SeleniumLibrary">
<msg time="2024-06-11T07:07:30.743214" level="INFO">Typing text 'visual_user' into text field 'id=user-name'.</msg>
<arg>id=user-name</arg>
<arg>${username}</arg>
<doc>Types the given ``text`` into the text field identified by ``locator``.</doc>
<status status="PASS" start="2024-06-11T07:07:30.742697" elapsed="0.151344"/>
</kw>
<arg>${username}</arg>
<status status="PASS" start="2024-06-11T07:07:30.742253" elapsed="0.151945"/>
</kw>
<kw name="Input pwd" owner="logintest_common_resources">
<kw name="Input Text" owner="SeleniumLibrary">
<msg time="2024-06-11T07:07:30.895172" level="INFO">Typing text 'secret_sauce' into text field 'id=password'.</msg>
<arg>id=password</arg>
<arg>${password}</arg>
<doc>Types the given ``text`` into the text field identified by ``locator``.</doc>
<status status="PASS" start="2024-06-11T07:07:30.894847" elapsed="0.107361"/>
</kw>
<arg>${password}</arg>
<status status="PASS" start="2024-06-11T07:07:30.894422" elapsed="0.108941"/>
</kw>
<kw name="Click login button" owner="logintest_common_resources">
<kw name="Click Button" owner="SeleniumLibrary">
<msg time="2024-06-11T07:07:31.004386" level="INFO">Clicking button 'id=login-button'.</msg>
<arg>id=login-button</arg>
<doc>Clicks the button identified by ``locator``.</doc>
<status status="PASS" start="2024-06-11T07:07:31.004086" elapsed="0.269845"/>
</kw>
<status status="PASS" start="2024-06-11T07:07:31.003638" elapsed="0.270478"/>
</kw>
<kw name="Welcome page should be visible" owner="logintest_common_resources">
<kw name="Page Should Contain Element" owner="SeleniumLibrary">
<msg time="2024-06-11T07:07:31.341351" level="INFO">Current page contains element 'xpath=//*[@id="shopping_cart_container"]'.</msg>
<arg>xpath=//*[@id="shopping_cart_container"]</arg>
<doc>Verifies that element ``locator`` is found on the current page.</doc>
<status status="PASS" start="2024-06-11T07:07:31.274754" elapsed="0.066715"/>
</kw>
<status status="PASS" start="2024-06-11T07:07:31.274363" elapsed="0.067233"/>
</kw>
<kw name="Close Browsers" owner="logintest_common_resources">
<kw name="Close All Browsers" owner="SeleniumLibrary">
<doc>Closes all open browsers and resets the browser cache.</doc>
<status status="PASS" start="2024-06-11T07:07:31.342210" elapsed="0.942330"/>
</kw>
<status status="PASS" start="2024-06-11T07:07:31.341805" elapsed="0.942878"/>
</kw>
<arg>visual_user</arg>
<arg>secret_sauce</arg>
<tag>Acceptedusers</tag>
<status status="PASS" start="2024-06-11T07:07:26.905026" elapsed="5.379742"/>
</kw>
<status status="PASS" start="2024-06-11T07:07:26.902863" elapsed="5.382219"/>
</test>
<kw name="Close Browsers" owner="logintest_common_resources" type="TEARDOWN">
<kw name="Close All Browsers" owner="SeleniumLibrary">
<doc>Closes all open browsers and resets the browser cache.</doc>
<status status="PASS" start="2024-06-11T07:07:32.286266" elapsed="0.000249"/>
</kw>
<status status="PASS" start="2024-06-11T07:07:32.285809" elapsed="0.000807"/>
</kw>
<status status="PASS" start="2024-06-11T07:06:59.780046" elapsed="32.506647"/>
</suite>
<suite id="s1-s3" name="tc03 logoutTest" source="/tarobot/Tests/prod/tc03_logoutTest.robot">
<test id="s1-s3-t1" name="Checking logout functionality of accepted users in chrome" line="11">
<kw name="Open loged in Window in chrome" owner="logedInUserSetup">
<kw name="Open headless Browser in chrome" owner="logintest_common_resources">
<kw name="Evaluate" owner="BuiltIn">
<msg time="2024-06-11T07:07:32.307506" level="INFO">${chrome_options} = &lt;selenium.webdriver.chrome.options.Options object at 0x7f23c5ec7350&gt;</msg>
<var>${chrome_options}</var>
<arg>sys.modules['selenium.webdriver'].ChromeOptions()</arg>
<arg>sys, selenium.webdriver</arg>
<doc>Evaluates the given expression in Python and returns the result.</doc>
<status status="PASS" start="2024-06-11T07:07:32.307190" elapsed="0.000360"/>
</kw>
<kw name="Call Method" owner="BuiltIn">
<arg>${chrome_options}</arg>
<arg>add_argument</arg>
<arg>--headless</arg>
<doc>Calls the named method of the given object with the provided arguments.</doc>
<status status="PASS" start="2024-06-11T07:07:32.307757" elapsed="0.000293"/>
</kw>
<kw name="Call Method" owner="BuiltIn">
<arg>${chrome_options}</arg>
<arg>add_argument</arg>
<arg>--no-sandbox</arg>
<doc>Calls the named method of the given object with the provided arguments.</doc>
<status status="PASS" start="2024-06-11T07:07:32.308217" elapsed="0.000177"/>
</kw>
<kw name="Call Method" owner="BuiltIn">
<arg>${chrome_options}</arg>
<arg>add_argument</arg>
<arg>--disable-dev-shm-usage</arg>
<doc>Calls the named method of the given object with the provided arguments.</doc>
<status status="PASS" start="2024-06-11T07:07:32.308547" elapsed="0.000167"/>
</kw>
<kw name="Create Webdriver" owner="SeleniumLibrary">
<msg time="2024-06-11T07:07:32.309204" level="INFO">Creating an instance of the Chrome WebDriver.</msg>
<arg>Chrome</arg>
<arg>options=${chrome_options}</arg>
<doc>Creates an instance of Selenium WebDriver.</doc>
<status status="PASS" start="2024-06-11T07:07:32.308972" elapsed="0.931467"/>
</kw>
<kw name="Go To" owner="SeleniumLibrary">
<msg time="2024-06-11T07:07:33.240981" level="INFO">Opening url 'https://www.saucedemo.com/'</msg>
<arg>${URL}</arg>
<doc>Navigates the current browser window to the provided ``url``.</doc>
<status status="PASS" start="2024-06-11T07:07:33.240697" elapsed="0.534191"/>
</kw>
<status status="PASS" start="2024-06-11T07:07:32.306759" elapsed="1.468342"/>
</kw>
<kw name="Input username" owner="logintest_common_resources">
<kw name="Input Text" owner="SeleniumLibrary">
<msg time="2024-06-11T07:07:33.776358" level="INFO">Typing text 'standard_user' into text field 'id=user-name'.</msg>
<arg>id=user-name</arg>
<arg>${username}</arg>
<doc>Types the given ``text`` into the text field identified by ``locator``.</doc>
<status status="PASS" start="2024-06-11T07:07:33.776030" elapsed="0.198667"/>
</kw>
<arg>standard_user</arg>
<status status="PASS" start="2024-06-11T07:07:33.775393" elapsed="0.199448"/>
</kw>
<kw name="Input pwd" owner="logintest_common_resources">
<kw name="Input Text" owner="SeleniumLibrary">
<msg time="2024-06-11T07:07:33.976109" level="INFO">Typing text 'secret_sauce' into text field 'id=password'.</msg>
<arg>id=password</arg>
<arg>${password}</arg>
<doc>Types the given ``text`` into the text field identified by ``locator``.</doc>
<status status="PASS" start="2024-06-11T07:07:33.975718" elapsed="0.145804"/>
</kw>
<arg>secret_sauce</arg>
<status status="PASS" start="2024-06-11T07:07:33.975182" elapsed="0.146492"/>
</kw>
<kw name="Click login button" owner="logintest_common_resources">
<kw name="Click Button" owner="SeleniumLibrary">
<msg time="2024-06-11T07:07:34.122490" level="INFO">Clicking button 'id=login-button'.</msg>
<arg>id=login-button</arg>
<doc>Clicks the button identified by ``locator``.</doc>
<status status="PASS" start="2024-06-11T07:07:34.122294" elapsed="0.132847"/>
</kw>
<status status="PASS" start="2024-06-11T07:07:34.121963" elapsed="0.133305"/>
</kw>
<kw name="Sleep" owner="BuiltIn">
<msg time="2024-06-11T07:07:36.256355" level="INFO">Slept 2 seconds.</msg>
<arg>2s</arg>
<doc>Pauses the test executed for the given time.</doc>
<status status="PASS" start="2024-06-11T07:07:34.255427" elapsed="2.001188"/>
</kw>
<status status="PASS" start="2024-06-11T07:07:32.306397" elapsed="3.950590"/>
</kw>
<kw name="Click Logout" owner="logout_common_resource">
<kw name="Wait Until Element Is Visible" owner="SeleniumLibrary">
<arg>id=${menu}</arg>
<doc>Waits until the element ``locator`` is visible.</doc>
<status status="PASS" start="2024-06-11T07:07:36.258169" elapsed="0.047796"/>
</kw>
<kw name="Click Button" owner="SeleniumLibrary">
<msg time="2024-06-11T07:07:36.306539" level="INFO">Clicking button 'id=react-burger-menu-btn'.</msg>
<arg>id=${menu}</arg>
<doc>Clicks the button identified by ``locator``.</doc>
<status status="PASS" start="2024-06-11T07:07:36.306223" elapsed="0.100527"/>
</kw>
<kw name="Wait Until Element Is Visible" owner="SeleniumLibrary">
<arg>id=${logout}</arg>
<doc>Waits until the element ``locator`` is visible.</doc>
<status status="PASS" start="2024-06-11T07:07:36.407007" elapsed="0.267020"/>
</kw>
<kw name="Click Element" owner="SeleniumLibrary">
<msg time="2024-06-11T07:07:36.674602" level="INFO">Clicking element 'id=logout_sidebar_link'.</msg>
<arg>id=${logout}</arg>
<doc>Click the element identified by ``locator``.</doc>
<status status="PASS" start="2024-06-11T07:07:36.674281" elapsed="0.078092"/>
</kw>
<status status="PASS" start="2024-06-11T07:07:36.257545" elapsed="0.494952"/>
</kw>
<kw name="Success messege must appear" owner="logout_common_resource">
<kw name="Page Should Contain" owner="SeleniumLibrary">
<msg time="2024-06-11T07:07:36.777436" level="INFO">Current page contains text 'Accepted usernames are:'.</msg>
<arg>Accepted usernames are:</arg>
<doc>Verifies that current page contains ``text``.</doc>
<status status="PASS" start="2024-06-11T07:07:36.753177" elapsed="0.024387"/>
</kw>
<status status="PASS" start="2024-06-11T07:07:36.752847" elapsed="0.025478"/>
</kw>
<status status="PASS" start="2024-06-11T07:07:32.305692" elapsed="4.472912"/>
</test>
<test id="s1-s3-t2" name="Checking logout functionality of accepted users in firefox" line="16">
<kw name="Open loged in Window in firefox" owner="logedInUserSetup">
<kw name="Open headless Browser in firefox" owner="logintest_common_resources">
<kw name="Evaluate" owner="BuiltIn">
<msg time="2024-06-11T07:07:36.780974" level="INFO">${firefox_options} = &lt;selenium.webdriver.firefox.options.Options object at 0x7f23c5ed25a0&gt;</msg>
<var>${firefox_options}</var>
<arg>sys.modules['selenium.webdriver'].FirefoxOptions()</arg>
<arg>sys, selenium.webdriver</arg>
<doc>Evaluates the given expression in Python and returns the result.</doc>
<status status="PASS" start="2024-06-11T07:07:36.780609" elapsed="0.000412"/>
</kw>
<kw name="Call Method" owner="BuiltIn">
<arg>${firefox_options}</arg>
<arg>add_argument</arg>
<arg>-headless</arg>
<doc>Calls the named method of the given object with the provided arguments.</doc>
<status status="PASS" start="2024-06-11T07:07:36.781197" elapsed="0.000183"/>
</kw>
<kw name="Call Method" owner="BuiltIn">
<arg>${firefox_options}</arg>
<arg>add_argument</arg>
<arg>-no-sandbox</arg>
<doc>Calls the named method of the given object with the provided arguments.</doc>
<status status="PASS" start="2024-06-11T07:07:36.781541" elapsed="0.000174"/>
</kw>
<kw name="Call Method" owner="BuiltIn">
<arg>${firefox_options}</arg>
<arg>add_argument</arg>
<arg>-disable-dev-shm-usage</arg>
<doc>Calls the named method of the given object with the provided arguments.</doc>
<status status="PASS" start="2024-06-11T07:07:36.781871" elapsed="0.000262"/>
</kw>
<kw name="Create Webdriver" owner="SeleniumLibrary">
<msg time="2024-06-11T07:07:36.782530" level="INFO">Creating an instance of the Firefox WebDriver.</msg>
<arg>Firefox</arg>
<arg>options=${firefox_options}</arg>
<doc>Creates an instance of Selenium WebDriver.</doc>
<status status="PASS" start="2024-06-11T07:07:36.782306" elapsed="3.024088"/>
</kw>
<kw name="Go To" owner="SeleniumLibrary">
<msg time="2024-06-11T07:07:39.807310" level="INFO">Opening url 'https://www.saucedemo.com/'</msg>
<arg>${url}</arg>
<doc>Navigates the current browser window to the provided ``url``.</doc>
<status status="PASS" start="2024-06-11T07:07:39.806771" elapsed="0.612310"/>
</kw>
<status status="PASS" start="2024-06-11T07:07:36.780291" elapsed="3.639060"/>
</kw>
<kw name="Input username" owner="logintest_common_resources">
<kw name="Input Text" owner="SeleniumLibrary">
<msg time="2024-06-11T07:07:40.420900" level="INFO">Typing text 'standard_user' into text field 'id=user-name'.</msg>
<arg>id=user-name</arg>
<arg>${username}</arg>
<doc>Types the given ``text`` into the text field identified by ``locator``.</doc>
<status status="PASS" start="2024-06-11T07:07:40.420497" elapsed="0.149069"/>
</kw>
<arg>standard_user</arg>
<status status="PASS" start="2024-06-11T07:07:40.419868" elapsed="0.150057"/>
</kw>
<kw name="Input pwd" owner="logintest_common_resources">
<kw name="Input Text" owner="SeleniumLibrary">
<msg time="2024-06-11T07:07:40.570959" level="INFO">Typing text 'secret_sauce' into text field 'id=password'.</msg>
<arg>id=password</arg>
<arg>${password}</arg>
<doc>Types the given ``text`` into the text field identified by ``locator``.</doc>
<status status="PASS" start="2024-06-11T07:07:40.570618" elapsed="0.108095"/>
</kw>
<arg>secret_sauce</arg>
<status status="PASS" start="2024-06-11T07:07:40.570192" elapsed="0.108762"/>
</kw>
<kw name="Click login button" owner="logintest_common_resources">
<kw name="Click Button" owner="SeleniumLibrary">
<msg time="2024-06-11T07:07:40.679789" level="INFO">Clicking button 'id=login-button'.</msg>
<arg>id=login-button</arg>
<doc>Clicks the button identified by ``locator``.</doc>
<status status="PASS" start="2024-06-11T07:07:40.679562" elapsed="0.357527"/>
</kw>
<status status="PASS" start="2024-06-11T07:07:40.679204" elapsed="0.358128"/>
</kw>
<kw name="Sleep" owner="BuiltIn">
<msg time="2024-06-11T07:07:43.039236" level="INFO">Slept 2 seconds.</msg>
<arg>2s</arg>
<doc>Pauses the test executed for the given time.</doc>
<status status="PASS" start="2024-06-11T07:07:41.037744" elapsed="2.001629"/>
</kw>
<status status="PASS" start="2024-06-11T07:07:36.779834" elapsed="6.259678"/>
</kw>
<kw name="Click Logout" owner="logout_common_resource">
<kw name="Wait Until Element Is Visible" owner="SeleniumLibrary">
<arg>id=${menu}</arg>
<doc>Waits until the element ``locator`` is visible.</doc>
<status status="PASS" start="2024-06-11T07:07:43.040344" elapsed="0.021579"/>
</kw>
<kw name="Click Button" owner="SeleniumLibrary">
<msg time="2024-06-11T07:07:43.062672" level="INFO">Clicking button 'id=react-burger-menu-btn'.</msg>
<arg>id=${menu}</arg>
<doc>Clicks the button identified by ``locator``.</doc>
<status status="PASS" start="2024-06-11T07:07:43.062346" elapsed="0.231697"/>
</kw>
<kw name="Wait Until Element Is Visible" owner="SeleniumLibrary">
<arg>id=${logout}</arg>
<doc>Waits until the element ``locator`` is visible.</doc>
<status status="PASS" start="2024-06-11T07:07:43.294357" elapsed="0.023742"/>
</kw>
<kw name="Click Element" owner="SeleniumLibrary">
<msg time="2024-06-11T07:07:43.318880" level="INFO">Clicking element 'id=logout_sidebar_link'.</msg>
<arg>id=${logout}</arg>
<doc>Click the element identified by ``locator``.</doc>
<status status="PASS" start="2024-06-11T07:07:43.318460" elapsed="0.226882"/>
</kw>
<status status="PASS" start="2024-06-11T07:07:43.039965" elapsed="0.505531"/>
</kw>
<kw name="Success messege must appear" owner="logout_common_resource">
<kw name="Page Should Contain" owner="SeleniumLibrary">
<msg time="2024-06-11T07:07:43.560419" level="INFO">Current page contains text 'Accepted usernames are:'.</msg>
<arg>Accepted usernames are:</arg>
<doc>Verifies that current page contains ``text``.</doc>
<status status="PASS" start="2024-06-11T07:07:43.546417" elapsed="0.014209"/>
</kw>
<status status="PASS" start="2024-06-11T07:07:43.545952" elapsed="0.014879"/>
</kw>
<status status="PASS" start="2024-06-11T07:07:36.779205" elapsed="6.782197"/>
</test>
<status status="PASS" start="2024-06-11T07:07:32.288395" elapsed="11.273846"/>
</suite>
<suite id="s1-s4" name="tc04 itemMenuSort" source="/tarobot/Tests/prod/tc04_itemMenuSort.robot">
<test id="s1-s4-t1" name="Interact with drop down menu on logedin page Z TO A" line="18">
<kw name="Close Browsers" owner="logintest_common_resources">
<kw name="Close All Browsers" owner="SeleniumLibrary">
<doc>Closes all open browsers and resets the browser cache.</doc>
<status status="PASS" start="2024-06-11T07:07:43.611762" elapsed="0.917515"/>
</kw>
<status status="PASS" start="2024-06-11T07:07:43.610661" elapsed="0.918763"/>
</kw>
<kw name="Set login page ready" owner="dropDown_common_resources">
<kw name="Open loged in Window in chrome" owner="logedInUserSetup">
<kw name="Open headless Browser in chrome" owner="logintest_common_resources">
<kw name="Evaluate" owner="BuiltIn">
<msg time="2024-06-11T07:07:44.531515" level="INFO">${chrome_options} = &lt;selenium.webdriver.chrome.options.Options object at 0x7f23c5b55fa0&gt;</msg>
<var>${chrome_options}</var>
<arg>sys.modules['selenium.webdriver'].ChromeOptions()</arg>
<arg>sys, selenium.webdriver</arg>
<doc>Evaluates the given expression in Python and returns the result.</doc>
<status status="PASS" start="2024-06-11T07:07:44.531180" elapsed="0.000379"/>
</kw>
<kw name="Call Method" owner="BuiltIn">
<arg>${chrome_options}</arg>
<arg>add_argument</arg>
<arg>--headless</arg>
<doc>Calls the named method of the given object with the provided arguments.</doc>
<status status="PASS" start="2024-06-11T07:07:44.531756" elapsed="0.000269"/>
</kw>
<kw name="Call Method" owner="BuiltIn">
<arg>${chrome_options}</arg>
<arg>add_argument</arg>
<arg>--no-sandbox</arg>
<doc>Calls the named method of the given object with the provided arguments.</doc>
<status status="PASS" start="2024-06-11T07:07:44.532213" elapsed="0.000177"/>
</kw>
<kw name="Call Method" owner="BuiltIn">
<arg>${chrome_options}</arg>
<arg>add_argument</arg>
<arg>--disable-dev-shm-usage</arg>
<doc>Calls the named method of the given object with the provided arguments.</doc>
<status status="PASS" start="2024-06-11T07:07:44.532564" elapsed="0.001425"/>
</kw>
<kw name="Create Webdriver" owner="SeleniumLibrary">
<msg time="2024-06-11T07:07:44.534585" level="INFO">Creating an instance of the Chrome WebDriver.</msg>
<arg>Chrome</arg>
<arg>options=${chrome_options}</arg>
<doc>Creates an instance of Selenium WebDriver.</doc>
<status status="PASS" start="2024-06-11T07:07:44.534237" elapsed="0.909939"/>
</kw>
<kw name="Go To" owner="SeleniumLibrary">
<msg time="2024-06-11T07:07:45.444657" level="INFO">Opening url 'https://www.saucedemo.com/'</msg>
<arg>${URL}</arg>
<doc>Navigates the current browser window to the provided ``url``.</doc>
<status status="PASS" start="2024-06-11T07:07:45.444448" elapsed="0.562887"/>
</kw>
<status status="PASS" start="2024-06-11T07:07:44.530738" elapsed="1.476831"/>
</kw>
<kw name="Input username" owner="logintest_common_resources">
<kw name="Input Text" owner="SeleniumLibrary">
<msg time="2024-06-11T07:07:46.008614" level="INFO">Typing text 'standard_user' into text field 'id=user-name'.</msg>
<arg>id=user-name</arg>
<arg>${username}</arg>
<doc>Types the given ``text`` into the text field identified by ``locator``.</doc>
<status status="PASS" start="2024-06-11T07:07:46.008327" elapsed="0.235210"/>
</kw>
<arg>standard_user</arg>
<status status="PASS" start="2024-06-11T07:07:46.007882" elapsed="0.235811"/>
</kw>
<kw name="Input pwd" owner="logintest_common_resources">
<kw name="Input Text" owner="SeleniumLibrary">
<msg time="2024-06-11T07:07:46.244782" level="INFO">Typing text 'secret_sauce' into text field 'id=password'.</msg>
<arg>id=password</arg>
<arg>${password}</arg>
<doc>Types the given ``text`` into the text field identified by ``locator``.</doc>
<status status="PASS" start="2024-06-11T07:07:46.244502" elapsed="0.166396"/>
</kw>
<arg>secret_sauce</arg>
<status status="PASS" start="2024-06-11T07:07:46.243996" elapsed="0.167028"/>
</kw>
<kw name="Click login button" owner="logintest_common_resources">
<kw name="Click Button" owner="SeleniumLibrary">
<msg time="2024-06-11T07:07:46.411693" level="INFO">Clicking button 'id=login-button'.</msg>
<arg>id=login-button</arg>
<doc>Clicks the button identified by ``locator``.</doc>
<status status="PASS" start="2024-06-11T07:07:46.411507" elapsed="0.167406"/>
</kw>
<status status="PASS" start="2024-06-11T07:07:46.411218" elapsed="0.167859"/>
</kw>
<kw name="Sleep" owner="BuiltIn">
<msg time="2024-06-11T07:07:48.580101" level="INFO">Slept 2 seconds.</msg>
<arg>2s</arg>
<doc>Pauses the test executed for the given time.</doc>
<status status="PASS" start="2024-06-11T07:07:46.579282" elapsed="2.000953"/>
</kw>
<status status="PASS" start="2024-06-11T07:07:44.530260" elapsed="4.050105"/>
</kw>
<status status="PASS" start="2024-06-11T07:07:44.529769" elapsed="4.050676"/>
</kw>
<kw name="Wait for page to appear" owner="dropDown_common_resources">
<kw name="Sleep" owner="BuiltIn">
<msg time="2024-06-11T07:07:49.582367" level="INFO">Slept 1 second.</msg>
<arg>1s</arg>
<doc>Pauses the test executed for the given time.</doc>
<status status="PASS" start="2024-06-11T07:07:48.581223" elapsed="1.001328"/>
</kw>
<status status="PASS" start="2024-06-11T07:07:48.580802" elapsed="1.001942"/>
</kw>
<kw name="Sort products from Z to A" owner="dropDown_common_resources">
<kw name="Select From List By Value" owner="SeleniumLibrary">
<msg time="2024-06-11T07:07:49.584370" level="INFO">Selecting options from selection list 'css:.product_sort_container' by value za.</msg>
<arg>css:.product_sort_container</arg>
<arg>za</arg>
<doc>Selects options from selection list ``locator`` by ``values``.</doc>
<status status="PASS" start="2024-06-11T07:07:49.584024" elapsed="0.152783"/>
</kw>
<status status="PASS" start="2024-06-11T07:07:49.583380" elapsed="0.153600"/>
</kw>
<kw name="Get price and name details to nameprice.csv file" owner="dropDown_common_resources">
<kw name="Create File" owner="OperatingSystem">
<msg time="2024-06-11T07:07:49.738130" level="INFO" html="true">Created file '&lt;a href="file:///tarobot/elements.csv"&gt;/tarobot/elements.csv&lt;/a&gt;'.</msg>
<arg>${file1}</arg>
<doc>Creates a file with the given content and encoding.</doc>
<status status="PASS" start="2024-06-11T07:07:49.737697" elapsed="0.000509"/>
</kw>
<kw name="Get WebElements" owner="SeleniumLibrary">
<msg time="2024-06-11T07:07:49.755091" level="INFO">@{elements} = [ &lt;selenium.webdriver.remote.webelement.WebElement (session="0517755dbe7cbee2a14c259db7346fe2", element="223DC4E8058F96F14FC1FEED2FF58230_element_28")&gt; | &lt;selenium.webdriver.remote.webelement.WebEleme...</msg>
<var>@{elements}</var>
<arg>css:.inventory_item_name</arg>
<doc>Returns a list of WebElement objects matching the ``locator``.</doc>
<status status="PASS" start="2024-06-11T07:07:49.738396" elapsed="0.016791"/>
</kw>
<for flavor="IN">
<iter>
<kw name="Append To File" owner="OperatingSystem">
<msg time="2024-06-11T07:07:49.782104" level="INFO" html="true">Appended to file '&lt;a href="file:///tarobot/elements.csv"&gt;/tarobot/elements.csv&lt;/a&gt;'.</msg>
<arg>${file1}</arg>
<arg>${element.text}\n</arg>
<doc>Appends the given content to the specified file.</doc>
<status status="PASS" start="2024-06-11T07:07:49.756150" elapsed="0.026054"/>
</kw>
<var name="${element}">&lt;selenium.webdriver.remote.webelement.WebElement (session="0517755dbe7cbee2a14c259db7346fe2", element="223DC4E8058F96F14FC1FEED2FF58230_element_28")&gt;</var>
<status status="PASS" start="2024-06-11T07:07:49.755915" elapsed="0.026383"/>
</iter>
<iter>
<kw name="Append To File" owner="OperatingSystem">
<msg time="2024-06-11T07:07:49.800249" level="INFO" html="true">Appended to file '&lt;a href="file:///tarobot/elements.csv"&gt;/tarobot/elements.csv&lt;/a&gt;'.</msg>
<arg>${file1}</arg>
<arg>${element.text}\n</arg>
<doc>Appends the given content to the specified file.</doc>
<status status="PASS" start="2024-06-11T07:07:49.782695" elapsed="0.017651"/>
</kw>
<var name="${element}">&lt;selenium.webdriver.remote.webelement.WebElement (session="0517755dbe7cbee2a14c259db7346fe2", element="223DC4E8058F96F14FC1FEED2FF58230_element_32")&gt;</var>
<status status="PASS" start="2024-06-11T07:07:49.782507" elapsed="0.017932"/>
</iter>
<iter>
<kw name="Append To File" owner="OperatingSystem">
<msg time="2024-06-11T07:07:49.817632" level="INFO" html="true">Appended to file '&lt;a href="file:///tarobot/elements.csv"&gt;/tarobot/elements.csv&lt;/a&gt;'.</msg>
<arg>${file1}</arg>
<arg>${element.text}\n</arg>
<doc>Appends the given content to the specified file.</doc>
<status status="PASS" start="2024-06-11T07:07:49.800827" elapsed="0.016905"/>
</kw>
<var name="${element}">&lt;selenium.webdriver.remote.webelement.WebElement (session="0517755dbe7cbee2a14c259db7346fe2", element="223DC4E8058F96F14FC1FEED2FF58230_element_33")&gt;</var>
<status status="PASS" start="2024-06-11T07:07:49.800641" elapsed="0.017264"/>
</iter>
<iter>
<kw name="Append To File" owner="OperatingSystem">
<msg time="2024-06-11T07:07:49.835427" level="INFO" html="true">Appended to file '&lt;a href="file:///tarobot/elements.csv"&gt;/tarobot/elements.csv&lt;/a&gt;'.</msg>
<arg>${file1}</arg>
<arg>${element.text}\n</arg>
<doc>Appends the given content to the specified file.</doc>
<status status="PASS" start="2024-06-11T07:07:49.818286" elapsed="0.017243"/>
</kw>
<var name="${element}">&lt;selenium.webdriver.remote.webelement.WebElement (session="0517755dbe7cbee2a14c259db7346fe2", element="223DC4E8058F96F14FC1FEED2FF58230_element_34")&gt;</var>
<status status="PASS" start="2024-06-11T07:07:49.818100" elapsed="0.017748"/>
</iter>
<iter>
<kw name="Append To File" owner="OperatingSystem">
<msg time="2024-06-11T07:07:49.853131" level="INFO" html="true">Appended to file '&lt;a href="file:///tarobot/elements.csv"&gt;/tarobot/elements.csv&lt;/a&gt;'.</msg>
<arg>${file1}</arg>
<arg>${element.text}\n</arg>
<doc>Appends the given content to the specified file.</doc>
<status status="PASS" start="2024-06-11T07:07:49.836251" elapsed="0.016998"/>
</kw>
<var name="${element}">&lt;selenium.webdriver.remote.webelement.WebElement (session="0517755dbe7cbee2a14c259db7346fe2", element="223DC4E8058F96F14FC1FEED2FF58230_element_35")&gt;</var>
<status status="PASS" start="2024-06-11T07:07:49.836064" elapsed="0.017988"/>
</iter>
<iter>
<kw name="Append To File" owner="OperatingSystem">
<msg time="2024-06-11T07:07:49.872336" level="INFO" html="true">Appended to file '&lt;a href="file:///tarobot/elements.csv"&gt;/tarobot/elements.csv&lt;/a&gt;'.</msg>
<arg>${file1}</arg>
<arg>${element.text}\n</arg>
<doc>Appends the given content to the specified file.</doc>
<status status="PASS" start="2024-06-11T07:07:49.854476" elapsed="0.017964"/>
</kw>
<var name="${element}">&lt;selenium.webdriver.remote.webelement.WebElement (session="0517755dbe7cbee2a14c259db7346fe2", element="223DC4E8058F96F14FC1FEED2FF58230_element_36")&gt;</var>
<status status="PASS" start="2024-06-11T07:07:49.854283" elapsed="0.018254"/>
</iter>
<var>${element}</var>
<value>@{elements}</value>
<status status="PASS" start="2024-06-11T07:07:49.755336" elapsed="0.117287"/>
</for>
<kw name="Create File" owner="OperatingSystem">
<msg time="2024-06-11T07:07:49.873300" level="INFO" html="true">Created file '&lt;a href="file:///tarobot/prices.csv"&gt;/tarobot/prices.csv&lt;/a&gt;'.</msg>
<arg>${file2}</arg>
<doc>Creates a file with the given content and encoding.</doc>
<status status="PASS" start="2024-06-11T07:07:49.872878" elapsed="0.000501"/>
</kw>
<kw name="Get WebElements" owner="SeleniumLibrary">
<msg time="2024-06-11T07:07:49.893970" level="INFO">@{prices} = [ &lt;selenium.webdriver.remote.webelement.WebElement (session="0517755dbe7cbee2a14c259db7346fe2", element="223DC4E8058F96F14FC1FEED2FF58230_element_37")&gt; | &lt;selenium.webdriver.remote.webelement.WebEleme...</msg>
<var>@{prices}</var>
<arg>css:.inventory_item_price</arg>
<doc>Returns a list of WebElement objects matching the ``locator``.</doc>
<status status="PASS" start="2024-06-11T07:07:49.873648" elapsed="0.020388"/>
</kw>
<for flavor="IN">
<iter>
<kw name="Append To File" owner="OperatingSystem">
<msg time="2024-06-11T07:07:49.913501" level="INFO" html="true">Appended to file '&lt;a href="file:///tarobot/prices.csv"&gt;/tarobot/prices.csv&lt;/a&gt;'.</msg>
<arg>${file2}</arg>
<arg>${price.text}\n</arg>
<doc>Appends the given content to the specified file.</doc>
<status status="PASS" start="2024-06-11T07:07:49.895111" elapsed="0.018570"/>
</kw>
<var name="${price}">&lt;selenium.webdriver.remote.webelement.WebElement (session="0517755dbe7cbee2a14c259db7346fe2", element="223DC4E8058F96F14FC1FEED2FF58230_element_37")&gt;</var>
<status status="PASS" start="2024-06-11T07:07:49.894737" elapsed="0.019054"/>
</iter>
<iter>
<kw name="Append To File" owner="OperatingSystem">
<msg time="2024-06-11T07:07:49.933811" level="INFO" html="true">Appended to file '&lt;a href="file:///tarobot/prices.csv"&gt;/tarobot/prices.csv&lt;/a&gt;'.</msg>
<arg>${file2}</arg>
<arg>${price.text}\n</arg>
<doc>Appends the given content to the specified file.</doc>
<status status="PASS" start="2024-06-11T07:07:49.914264" elapsed="0.019729"/>
</kw>
<var name="${price}">&lt;selenium.webdriver.remote.webelement.WebElement (session="0517755dbe7cbee2a14c259db7346fe2", element="223DC4E8058F96F14FC1FEED2FF58230_element_38")&gt;</var>
<status status="PASS" start="2024-06-11T07:07:49.914066" elapsed="0.020024"/>
</iter>
<iter>
<kw name="Append To File" owner="OperatingSystem">
<msg time="2024-06-11T07:07:49.952317" level="INFO" html="true">Appended to file '&lt;a href="file:///tarobot/prices.csv"&gt;/tarobot/prices.csv&lt;/a&gt;'.</msg>
<arg>${file2}</arg>
<arg>${price.text}\n</arg>
<doc>Appends the given content to the specified file.</doc>
<status status="PASS" start="2024-06-11T07:07:49.934461" elapsed="0.017954"/>
</kw>
<var name="${price}">&lt;selenium.webdriver.remote.webelement.WebElement (session="0517755dbe7cbee2a14c259db7346fe2", element="223DC4E8058F96F14FC1FEED2FF58230_element_39")&gt;</var>
<status status="PASS" start="2024-06-11T07:07:49.934276" elapsed="0.018234"/>
</iter>
<iter>
<kw name="Append To File" owner="OperatingSystem">
<msg time="2024-06-11T07:07:49.970327" level="INFO" html="true">Appended to file '&lt;a href="file:///tarobot/prices.csv"&gt;/tarobot/prices.csv&lt;/a&gt;'.</msg>
<arg>${file2}</arg>
<arg>${price.text}\n</arg>
<doc>Appends the given content to the specified file.</doc>
<status status="PASS" start="2024-06-11T07:07:49.952886" elapsed="0.017543"/>
</kw>
<var name="${price}">&lt;selenium.webdriver.remote.webelement.WebElement (session="0517755dbe7cbee2a14c259db7346fe2", element="223DC4E8058F96F14FC1FEED2FF58230_element_40")&gt;</var>
<status status="PASS" start="2024-06-11T07:07:49.952698" elapsed="0.017826"/>
</iter>
<iter>
<kw name="Append To File" owner="OperatingSystem">
<msg time="2024-06-11T07:07:49.989435" level="INFO" html="true">Appended to file '&lt;a href="file:///tarobot/prices.csv"&gt;/tarobot/prices.csv&lt;/a&gt;'.</msg>
<arg>${file2}</arg>
<arg>${price.text}\n</arg>
<doc>Appends the given content to the specified file.</doc>
<status status="PASS" start="2024-06-11T07:07:49.970889" elapsed="0.018644"/>
</kw>
<var name="${price}">&lt;selenium.webdriver.remote.webelement.WebElement (session="0517755dbe7cbee2a14c259db7346fe2", element="223DC4E8058F96F14FC1FEED2FF58230_element_41")&gt;</var>
<status status="PASS" start="2024-06-11T07:07:49.970708" elapsed="0.018917"/>
</iter>
<iter>
<kw name="Append To File" owner="OperatingSystem">
<msg time="2024-06-11T07:07:50.007757" level="INFO" html="true">Appended to file '&lt;a href="file:///tarobot/prices.csv"&gt;/tarobot/prices.csv&lt;/a&gt;'.</msg>
<arg>${file2}</arg>
<arg>${price.text}\n</arg>
<doc>Appends the given content to the specified file.</doc>
<status status="PASS" start="2024-06-11T07:07:49.990134" elapsed="0.017719"/>
</kw>
<var name="${price}">&lt;selenium.webdriver.remote.webelement.WebElement (session="0517755dbe7cbee2a14c259db7346fe2", element="223DC4E8058F96F14FC1FEED2FF58230_element_42")&gt;</var>
<status status="PASS" start="2024-06-11T07:07:49.989907" elapsed="0.018116"/>
</iter>
<var>${price}</var>
<value>@{prices}</value>
<status status="PASS" start="2024-06-11T07:07:49.894329" elapsed="0.113778"/>
</for>
<kw name="Create File" owner="OperatingSystem">
<msg time="2024-06-11T07:07:50.008673" level="INFO" html="true">Created file '&lt;a href="file:///tarobot/nameprice.csv"&gt;/tarobot/nameprice.csv&lt;/a&gt;'.</msg>
<arg>${combinedfile}</arg>
[...]
<msg time="2024-06-11T07:08:49.790143" level="INFO">${truth_value} = True</msg>
<var>${truth_value}</var>
<arg>${cart_list}</arg>
<arg>${user_list}</arg>
<status status="PASS" start="2024-06-11T07:08:49.789873" elapsed="0.000306"/>
</kw>
<kw name="Get Message Cart" owner="python_common_modules">
<msg time="2024-06-11T07:08:49.790558" level="INFO">${messege} = Success: Test passed - Items addition is successful</msg>
<var>${messege}</var>
<arg>${truth_value}</arg>
<status status="PASS" start="2024-06-11T07:08:49.790357" elapsed="0.000236"/>
</kw>
<return>
<value>${messege}</value>
<status status="PASS" start="2024-06-11T07:08:49.790675" elapsed="0.000073"/>
</return>
<msg time="2024-06-11T07:08:49.790981" level="INFO">${message} = Success: Test passed - Items addition is successful</msg>
<var>${message}</var>
<status status="PASS" start="2024-06-11T07:08:49.784222" elapsed="0.006794"/>
</kw>
<kw name="Remove File" owner="OperatingSystem">
<msg time="2024-06-11T07:08:49.791527" level="INFO" html="true">Removed file '&lt;a href="file:///tarobot/nameprice.csv"&gt;/tarobot/nameprice.csv&lt;/a&gt;'.</msg>
<arg>nameprice.csv</arg>
<doc>Removes a file with the given path.</doc>
<status status="PASS" start="2024-06-11T07:08:49.791295" elapsed="0.000308"/>
</kw>
<kw name="Check Message">
<kw name="Run Keyword If" owner="BuiltIn">
<arg>'Fail' in '''${message}'''</arg>
<arg>Fail</arg>
<arg>The test should not indicate success</arg>
<doc>Runs the given keyword with the given arguments, if ``condition`` is true.</doc>
<status status="PASS" start="2024-06-11T07:08:49.792680" elapsed="0.000455"/>
</kw>
<arg>${message}</arg>
<status status="PASS" start="2024-06-11T07:08:49.792000" elapsed="0.001278"/>
</kw>
<kw name="Click Logout" owner="logout_common_resource">
<kw name="Wait Until Element Is Visible" owner="SeleniumLibrary">
<arg>id=${menu}</arg>
<doc>Waits until the element ``locator`` is visible.</doc>
<status status="PASS" start="2024-06-11T07:08:49.794126" elapsed="0.037942"/>
</kw>
<kw name="Click Button" owner="SeleniumLibrary">
<msg time="2024-06-11T07:08:49.832654" level="INFO">Clicking button 'id=react-burger-menu-btn'.</msg>
<arg>id=${menu}</arg>
<doc>Clicks the button identified by ``locator``.</doc>
<status status="PASS" start="2024-06-11T07:08:49.832340" elapsed="0.090016"/>
</kw>
<kw name="Wait Until Element Is Visible" owner="SeleniumLibrary">
<arg>id=${logout}</arg>
<doc>Waits until the element ``locator`` is visible.</doc>
<status status="PASS" start="2024-06-11T07:08:49.922583" elapsed="0.262783"/>
</kw>
<kw name="Click Element" owner="SeleniumLibrary">
<msg time="2024-06-11T07:08:50.186196" level="INFO">Clicking element 'id=logout_sidebar_link'.</msg>
<arg>id=${logout}</arg>
<doc>Click the element identified by ``locator``.</doc>
<status status="PASS" start="2024-06-11T07:08:50.185638" elapsed="0.076781"/>
</kw>
<status status="PASS" start="2024-06-11T07:08:49.793653" elapsed="0.468891"/>
</kw>
<kw name="Input username" owner="logintest_common_resources">
<kw name="Input Text" owner="SeleniumLibrary">
<msg time="2024-06-11T07:08:50.264079" level="INFO">Typing text 'standard_user' into text field 'id=user-name'.</msg>
<arg>id=user-name</arg>
<arg>${username}</arg>
<doc>Types the given ``text`` into the text field identified by ``locator``.</doc>
<status status="PASS" start="2024-06-11T07:08:50.263538" elapsed="0.133550"/>
</kw>
<arg>standard_user</arg>
<status status="PASS" start="2024-06-11T07:08:50.263052" elapsed="0.134161"/>
</kw>
<kw name="Input pwd" owner="logintest_common_resources">
<kw name="Input Text" owner="SeleniumLibrary">
<msg time="2024-06-11T07:08:50.398115" level="INFO">Typing text 'secret_sauce' into text field 'id=password'.</msg>
<arg>id=password</arg>
<arg>${password}</arg>
<doc>Types the given ``text`` into the text field identified by ``locator``.</doc>
<status status="PASS" start="2024-06-11T07:08:50.397886" elapsed="0.124622"/>
</kw>
<arg>secret_sauce</arg>
<status status="PASS" start="2024-06-11T07:08:50.397491" elapsed="0.125141"/>
</kw>
<kw name="Click login button" owner="logintest_common_resources">
<kw name="Click Button" owner="SeleniumLibrary">
<msg time="2024-06-11T07:08:50.523487" level="INFO">Clicking button 'id=login-button'.</msg>
<arg>id=login-button</arg>
<doc>Clicks the button identified by ``locator``.</doc>
<status status="PASS" start="2024-06-11T07:08:50.523286" elapsed="0.115180"/>
</kw>
<status status="PASS" start="2024-06-11T07:08:50.522978" elapsed="0.115639"/>
</kw>
<kw name="Click shopping cart icon" owner="logedInUserSetup">
<kw name="Click Element" owner="SeleniumLibrary">
<msg time="2024-06-11T07:08:50.639862" level="INFO">Clicking element 'id=shopping_cart_container'.</msg>
<arg>id=${shopingcarticon}</arg>
<doc>Click the element identified by ``locator``.</doc>
<status status="PASS" start="2024-06-11T07:08:50.639431" elapsed="0.084812"/>
</kw>
<status status="PASS" start="2024-06-11T07:08:50.639047" elapsed="0.085346"/>
</kw>
<kw name="Sleep" owner="BuiltIn">
<msg time="2024-06-11T07:08:55.726111" level="INFO">Slept 5 seconds.</msg>
<arg>5s</arg>
<doc>Pauses the test executed for the given time.</doc>
<status status="PASS" start="2024-06-11T07:08:50.724702" elapsed="5.001544"/>
</kw>
<kw name="Take Screenshot" owner="Screenshot">
<msg time="2024-06-11T07:08:55.732945" level="WARN">Taking screenshot failed: Taking screenshots is not supported on this platform by default. See library documentation for details.
Make sure tests are run with a physical or virtual display.</msg>
<msg time="2024-06-11T07:08:55.733944" level="INFO" html="true">&lt;a href="screenshot_1.jpg"&gt;&lt;img src="screenshot_1.jpg" width="800px"&gt;&lt;/a&gt;</msg>
<doc>Takes a screenshot in JPEG format and embeds it into the log file.</doc>
<status status="PASS" start="2024-06-11T07:08:55.726708" elapsed="0.008364"/>
</kw>
<kw name="Get price and name details to nameprice.csv file" owner="dropDown_common_resources">
<kw name="Create File" owner="OperatingSystem">
<msg time="2024-06-11T07:08:55.736638" level="INFO" html="true">Created file '&lt;a href="file:///tarobot/elements.csv"&gt;/tarobot/elements.csv&lt;/a&gt;'.</msg>
<arg>${file1}</arg>
<doc>Creates a file with the given content and encoding.</doc>
<status status="PASS" start="2024-06-11T07:08:55.736251" elapsed="0.000473"/>
</kw>
<kw name="Get WebElements" owner="SeleniumLibrary">
<msg time="2024-06-11T07:08:55.758170" level="INFO">@{elements} = [ &lt;selenium.webdriver.remote.webelement.WebElement (session="d72372f1cf6e2cf261659adf7a6609f2", element="A3ACD892F49AD19E2854F5782F46D6CF_element_73")&gt; | &lt;selenium.webdriver.remote.webelement.WebEleme...</msg>
<var>@{elements}</var>
<arg>css:.inventory_item_name</arg>
<doc>Returns a list of WebElement objects matching the ``locator``.</doc>
<status status="PASS" start="2024-06-11T07:08:55.737019" elapsed="0.021234"/>
</kw>
<for flavor="IN">
<iter>
<kw name="Append To File" owner="OperatingSystem">
<msg time="2024-06-11T07:08:55.777752" level="INFO" html="true">Appended to file '&lt;a href="file:///tarobot/elements.csv"&gt;/tarobot/elements.csv&lt;/a&gt;'.</msg>
<arg>${file1}</arg>
<arg>${element.text}\n</arg>
<doc>Appends the given content to the specified file.</doc>
<status status="PASS" start="2024-06-11T07:08:55.759002" elapsed="0.018853"/>
</kw>
<var name="${element}">&lt;selenium.webdriver.remote.webelement.WebElement (session="d72372f1cf6e2cf261659adf7a6609f2", element="A3ACD892F49AD19E2854F5782F46D6CF_element_73")&gt;</var>
<status status="PASS" start="2024-06-11T07:08:55.758729" elapsed="0.019299"/>
</iter>
<iter>
<kw name="Append To File" owner="OperatingSystem">
<msg time="2024-06-11T07:08:55.797495" level="INFO" html="true">Appended to file '&lt;a href="file:///tarobot/elements.csv"&gt;/tarobot/elements.csv&lt;/a&gt;'.</msg>
<arg>${file1}</arg>
<arg>${element.text}\n</arg>
<doc>Appends the given content to the specified file.</doc>
<status status="PASS" start="2024-06-11T07:08:55.778398" elapsed="0.019206"/>
</kw>
<var name="${element}">&lt;selenium.webdriver.remote.webelement.WebElement (session="d72372f1cf6e2cf261659adf7a6609f2", element="A3ACD892F49AD19E2854F5782F46D6CF_element_74")&gt;</var>
<status status="PASS" start="2024-06-11T07:08:55.778217" elapsed="0.019486"/>
</iter>
<var>${element}</var>
<value>@{elements}</value>
<status status="PASS" start="2024-06-11T07:08:55.758466" elapsed="0.039406"/>
</for>
<kw name="Create File" owner="OperatingSystem">
<msg time="2024-06-11T07:08:55.798456" level="INFO" html="true">Created file '&lt;a href="file:///tarobot/prices.csv"&gt;/tarobot/prices.csv&lt;/a&gt;'.</msg>
<arg>${file2}</arg>
<doc>Creates a file with the given content and encoding.</doc>
<status status="PASS" start="2024-06-11T07:08:55.798110" elapsed="0.000424"/>
</kw>
<kw name="Get WebElements" owner="SeleniumLibrary">
<msg time="2024-06-11T07:08:55.813501" level="INFO">@{prices} = [ &lt;selenium.webdriver.remote.webelement.WebElement (session="d72372f1cf6e2cf261659adf7a6609f2", element="A3ACD892F49AD19E2854F5782F46D6CF_element_75")&gt; | &lt;selenium.webdriver.remote.webelement.WebEleme...</msg>
<var>@{prices}</var>
<arg>css:.inventory_item_price</arg>
<doc>Returns a list of WebElement objects matching the ``locator``.</doc>
<status status="PASS" start="2024-06-11T07:08:55.798741" elapsed="0.014822"/>
</kw>
<for flavor="IN">
<iter>
<kw name="Append To File" owner="OperatingSystem">
<msg time="2024-06-11T07:08:55.832128" level="INFO" html="true">Appended to file '&lt;a href="file:///tarobot/prices.csv"&gt;/tarobot/prices.csv&lt;/a&gt;'.</msg>
<arg>${file2}</arg>
<arg>${price.text}\n</arg>
<doc>Appends the given content to the specified file.</doc>
<status status="PASS" start="2024-06-11T07:08:55.814224" elapsed="0.018004"/>
</kw>
<var name="${price}">&lt;selenium.webdriver.remote.webelement.WebElement (session="d72372f1cf6e2cf261659adf7a6609f2", element="A3ACD892F49AD19E2854F5782F46D6CF_element_75")&gt;</var>
<status status="PASS" start="2024-06-11T07:08:55.814028" elapsed="0.018292"/>
</iter>
<iter>
<kw name="Append To File" owner="OperatingSystem">
<msg time="2024-06-11T07:08:55.850566" level="INFO" html="true">Appended to file '&lt;a href="file:///tarobot/prices.csv"&gt;/tarobot/prices.csv&lt;/a&gt;'.</msg>
<arg>${file2}</arg>
<arg>${price.text}\n</arg>
<doc>Appends the given content to the specified file.</doc>
<status status="PASS" start="2024-06-11T07:08:55.832691" elapsed="0.017979"/>
</kw>
<var name="${price}">&lt;selenium.webdriver.remote.webelement.WebElement (session="d72372f1cf6e2cf261659adf7a6609f2", element="A3ACD892F49AD19E2854F5782F46D6CF_element_76")&gt;</var>
<status status="PASS" start="2024-06-11T07:08:55.832510" elapsed="0.018328"/>
</iter>
<var>${price}</var>
<value>@{prices}</value>
<status status="PASS" start="2024-06-11T07:08:55.813690" elapsed="0.037246"/>
</for>
<kw name="Create File" owner="OperatingSystem">
<msg time="2024-06-11T07:08:55.851575" level="INFO" html="true">Created file '&lt;a href="file:///tarobot/nameprice.csv"&gt;/tarobot/nameprice.csv&lt;/a&gt;'.</msg>
<arg>${combinedfile}</arg>
<doc>Creates a file with the given content and encoding.</doc>
<status status="PASS" start="2024-06-11T07:08:55.851168" elapsed="0.000490"/>
</kw>
<kw name="Combine Csv Files" owner="python_common_modules">
<arg>${file1}</arg>
<arg>${file2}</arg>
<arg>${combinedfile}</arg>
<status status="PASS" start="2024-06-11T07:08:55.851977" elapsed="0.003781"/>
</kw>
<kw name="Remove File" owner="OperatingSystem">
<msg time="2024-06-11T07:08:55.856358" level="INFO" html="true">Removed file '&lt;a href="file:///tarobot/elements.csv"&gt;/tarobot/elements.csv&lt;/a&gt;'.</msg>
<arg>${file1}</arg>
<doc>Removes a file with the given path.</doc>
<status status="PASS" start="2024-06-11T07:08:55.856080" elapsed="0.000353"/>
</kw>
<kw name="Remove File" owner="OperatingSystem">
<msg time="2024-06-11T07:08:55.856851" level="INFO" html="true">Removed file '&lt;a href="file:///tarobot/prices.csv"&gt;/tarobot/prices.csv&lt;/a&gt;'.</msg>
<arg>${file2}</arg>
<doc>Removes a file with the given path.</doc>
<status status="PASS" start="2024-06-11T07:08:55.856630" elapsed="0.000336"/>
</kw>
<status status="PASS" start="2024-06-11T07:08:55.735724" elapsed="0.121351"/>
</kw>
<kw name="Match cart items to shopping list" owner="shoppingCart">
<kw name="Cart List" owner="python_common_modules">
<msg time="2024-06-11T07:08:55.859726" level="INFO">${cart_list} = ['backpack', 'bike light']</msg>
<var>${cart_list}</var>
<arg>nameprice.csv</arg>
<status status="PASS" start="2024-06-11T07:08:55.857752" elapsed="0.002024"/>
</kw>
<kw name="User List" owner="python_common_modules">
<msg time="2024-06-11T07:08:55.861822" level="INFO">${user_list} = ['backpack', 'bike light']</msg>
<var>${user_list}</var>
<arg>Data/shopping_cart.txt</arg>
<status status="PASS" start="2024-06-11T07:08:55.860109" elapsed="0.001799"/>
</kw>
<kw name="Match List" owner="python_common_modules">
<msg time="2024-06-11T07:08:55.862369" level="INFO">${truth_value} = True</msg>
<var>${truth_value}</var>
<arg>${cart_list}</arg>
<arg>${user_list}</arg>
<status status="PASS" start="2024-06-11T07:08:55.862113" elapsed="0.000291"/>
</kw>
<kw name="Get Message Cart" owner="python_common_modules">
<msg time="2024-06-11T07:08:55.862789" level="INFO">${messege} = Success: Test passed - Items addition is successful</msg>
<var>${messege}</var>
<arg>${truth_value}</arg>
<status status="PASS" start="2024-06-11T07:08:55.862574" elapsed="0.000289"/>
</kw>
<return>
<value>${messege}</value>
<status status="PASS" start="2024-06-11T07:08:55.862954" elapsed="0.000065"/>
</return>
<msg time="2024-06-11T07:08:55.863205" level="INFO">${message} = Success: Test passed - Items addition is successful</msg>
<var>${message}</var>
<status status="PASS" start="2024-06-11T07:08:55.857428" elapsed="0.005814"/>
</kw>
<kw name="Remove File" owner="OperatingSystem">
<msg time="2024-06-11T07:08:55.864722" level="INFO" html="true">Removed file '&lt;a href="file:///tarobot/nameprice.csv"&gt;/tarobot/nameprice.csv&lt;/a&gt;'.</msg>
<arg>nameprice.csv</arg>
<doc>Removes a file with the given path.</doc>
<status status="PASS" start="2024-06-11T07:08:55.864375" elapsed="0.000538"/>
</kw>
<kw name="Check Message">
<kw name="Run Keyword If" owner="BuiltIn">
<arg>'Fail' in '''${message}'''</arg>
<arg>Fail</arg>
<arg>The test should not indicate success</arg>
<doc>Runs the given keyword with the given arguments, if ``condition`` is true.</doc>
<status status="PASS" start="2024-06-11T07:08:55.866087" elapsed="0.000290"/>
</kw>
<arg>${message}</arg>
<status status="PASS" start="2024-06-11T07:08:55.865367" elapsed="0.001132"/>
</kw>
<kw name="Close Browsers" owner="logintest_common_resources">
<kw name="Close All Browsers" owner="SeleniumLibrary">
<doc>Closes all open browsers and resets the browser cache.</doc>
<status status="PASS" start="2024-06-11T07:08:55.867340" elapsed="0.066854"/>
</kw>
<status status="PASS" start="2024-06-11T07:08:55.866941" elapsed="0.067420"/>
</kw>
<status status="PASS" start="2024-06-11T07:08:36.624485" elapsed="19.310167"/>
</test>
<status status="PASS" start="2024-06-11T07:08:36.611549" elapsed="19.323829"/>
</suite>
<status status="PASS" start="2024-06-11T07:06:42.777265" elapsed="133.159492"/>
</suite>
<statistics>
<total>
<stat pass="19" fail="0" skip="0">All Tests</stat>
</total>
<tag>
</tag>
<suite>
<stat pass="19" fail="0" skip="0" id="s1" name="tc01 logintestChrome &amp; tc02 logintestFirefox &amp; tc03 logoutTest &amp; tc04 itemMenuSort &amp; tc05 shoppingCart &amp; tc06 reloginShoppingCart">tc01 logintestChrome &amp; tc02 logintestFirefox &amp; tc03 logoutTest &amp; tc04 itemMenuSort &amp; tc05 shoppingCart &amp; tc06 reloginShoppingCart</stat>
<stat pass="5" fail="0" skip="0" id="s1-s1" name="tc01 logintestChrome">tc01 logintestChrome &amp; tc02 logintestFirefox &amp; tc03 logoutTest &amp; tc04 itemMenuSort &amp; tc05 shoppingCart &amp; tc06 reloginShoppingCart.tc01 logintestChrome</stat>
<stat pass="5" fail="0" skip="0" id="s1-s2" name="tc02 logintestFirefox">tc01 logintestChrome &amp; tc02 logintestFirefox &amp; tc03 logoutTest &amp; tc04 itemMenuSort &amp; tc05 shoppingCart &amp; tc06 reloginShoppingCart.tc02 logintestFirefox</stat>
<stat pass="2" fail="0" skip="0" id="s1-s3" name="tc03 logoutTest">tc01 logintestChrome &amp; tc02 logintestFirefox &amp; tc03 logoutTest &amp; tc04 itemMenuSort &amp; tc05 shoppingCart &amp; tc06 reloginShoppingCart.tc03 logoutTest</stat>
<stat pass="4" fail="0" skip="0" id="s1-s4" name="tc04 itemMenuSort">tc01 logintestChrome &amp; tc02 logintestFirefox &amp; tc03 logoutTest &amp; tc04 itemMenuSort &amp; tc05 shoppingCart &amp; tc06 reloginShoppingCart.tc04 itemMenuSort</stat>
<stat pass="2" fail="0" skip="0" id="s1-s5" name="tc05 shoppingCart">tc01 logintestChrome &amp; tc02 logintestFirefox &amp; tc03 logoutTest &amp; tc04 itemMenuSort &amp; tc05 shoppingCart &amp; tc06 reloginShoppingCart.tc05 shoppingCart</stat>
<stat pass="1" fail="0" skip="0" id="s1-s6" name="tc06 reloginShoppingCart">tc01 logintestChrome &amp; tc02 logintestFirefox &amp; tc03 logoutTest &amp; tc04 itemMenuSort &amp; tc05 shoppingCart &amp; tc06 reloginShoppingCart.tc06 reloginShoppingCart</stat>
</suite>
</statistics>
<errors>
<msg time="2024-06-11T07:06:46.395042" level="WARN">Multiple tests with name 'LoginTestwithAcceptedUsernames' executed in suite 'tc01 logintestChrome &amp; tc02 logintestFirefox &amp; tc03 logoutTest &amp; tc04 itemMenuSort &amp; tc05 shoppingCart &amp; tc06 reloginShoppingCart.tc01 logintestChrome'.</msg>
<msg time="2024-06-11T07:06:48.725271" level="WARN">Multiple tests with name 'LoginTestwithAcceptedUsernames' executed in suite 'tc01 logintestChrome &amp; tc02 logintestFirefox &amp; tc03 logoutTest &amp; tc04 itemMenuSort &amp; tc05 shoppingCart &amp; tc06 reloginShoppingCart.tc01 logintestChrome'.</msg>
<msg time="2024-06-11T07:06:55.791201" level="WARN">Multiple tests with name 'LoginTestwithAcceptedUsernames' executed in suite 'tc01 logintestChrome &amp; tc02 logintestFirefox &amp; tc03 logoutTest &amp; tc04 itemMenuSort &amp; tc05 shoppingCart &amp; tc06 reloginShoppingCart.tc01 logintestChrome'.</msg>
<msg time="2024-06-11T07:06:57.766199" level="WARN">Multiple tests with name 'LoginTestwithAcceptedUsernames' executed in suite 'tc01 logintestChrome &amp; tc02 logintestFirefox &amp; tc03 logoutTest &amp; tc04 itemMenuSort &amp; tc05 shoppingCart &amp; tc06 reloginShoppingCart.tc01 logintestChrome'.</msg>
<msg time="2024-06-11T07:07:06.241910" level="WARN">Multiple tests with name 'LoginTestwithAcceptedUsernames' executed in suite 'tc01 logintestChrome &amp; tc02 logintestFirefox &amp; tc03 logoutTest &amp; tc04 itemMenuSort &amp; tc05 shoppingCart &amp; tc06 reloginShoppingCart.tc02 logintestFirefox'.</msg>
<msg time="2024-06-11T07:07:11.512947" level="WARN">Multiple tests with name 'LoginTestwithAcceptedUsernames' executed in suite 'tc01 logintestChrome &amp; tc02 logintestFirefox &amp; tc03 logoutTest &amp; tc04 itemMenuSort &amp; tc05 shoppingCart &amp; tc06 reloginShoppingCart.tc02 logintestFirefox'.</msg>
<msg time="2024-06-11T07:07:21.588933" level="WARN">Multiple tests with name 'LoginTestwithAcceptedUsernames' executed in suite 'tc01 logintestChrome &amp; tc02 logintestFirefox &amp; tc03 logoutTest &amp; tc04 itemMenuSort &amp; tc05 shoppingCart &amp; tc06 reloginShoppingCart.tc02 logintestFirefox'.</msg>
<msg time="2024-06-11T07:07:26.902655" level="WARN">Multiple tests with name 'LoginTestwithAcceptedUsernames' executed in suite 'tc01 logintestChrome &amp; tc02 logintestFirefox &amp; tc03 logoutTest &amp; tc04 itemMenuSort &amp; tc05 shoppingCart &amp; tc06 reloginShoppingCart.tc02 logintestFirefox'.</msg>
<msg time="2024-06-11T07:08:55.732945" level="WARN">Taking screenshot failed: Taking screenshots is not supported on this platform by default. See library documentation for details.
Make sure tests are run with a physical or virtual display.</msg>
</errors>
</robot>
