<?xml version="1.0" encoding="UTF-8"?>
<robot generator="Robot 7.0 (Python 3.12.1 on linux)" generated="2024-06-07T09:11:58.973913" rpa="false" schemaversion="5">
<suite id="s1" name="tc01 logintestChrome &amp; tc02 logintestFirefox &amp; tc03 logoutTest &amp; tc04 itemMenuSort &amp; tc05 shoppingCart">
<suite id="s1-s1" name="tc01 logintestChrome" source="/tarobot/Tests/prod/tc01_logintestChrome.robot">
<test id="s1-s1-t1" name="LoginTestwithAcceptedUsernames" line="12">
<kw name="Valid login">
<kw name="Open my Browser in chrome" owner="logintest_common_resources">
<kw name="Open Browser" owner="SeleniumLibrary">
<msg time="2024-06-07T09:12:00.228446" level="INFO">Opening browser 'headlesschrome' to base url 'https://www.saucedemo.com/'.</msg>
<arg>${URL}</arg>
<arg>headlesschrome</arg>
<doc>Opens a new browser instance to the optional ``url``.</doc>
<status status="PASS" start="2024-06-07T09:12:00.228156" elapsed="2.810539"/>
</kw>
<kw name="Maximize Browser Window" owner="SeleniumLibrary">
<doc>Maximizes current browser window.</doc>
<status status="PASS" start="2024-06-07T09:12:03.039068" elapsed="0.111037"/>
</kw>
<kw name="Set Selenium Implicit Wait" owner="SeleniumLibrary">
<arg>5</arg>
<doc>Sets the implicit wait value used by Selenium.</doc>
<status status="PASS" start="2024-06-07T09:12:03.150355" elapsed="0.001519"/>
</kw>
<status status="PASS" start="2024-06-07T09:12:00.226910" elapsed="2.925140"/>
</kw>
<kw name="Input username" owner="logintest_common_resources">
<kw name="Input Text" owner="SeleniumLibrary">
<msg time="2024-06-07T09:12:03.153267" level="INFO">Typing text 'standard_user' into text field 'id=user-name'.</msg>
<arg>id=user-name</arg>
<arg>${username}</arg>
<doc>Types the given ``text`` into the text field identified by ``locator``.</doc>
<status status="PASS" start="2024-06-07T09:12:03.152591" elapsed="0.186969"/>
</kw>
<arg>${username}</arg>
<status status="PASS" start="2024-06-07T09:12:03.152238" elapsed="0.187489"/>
</kw>
<kw name="Input pwd" owner="logintest_common_resources">
<kw name="Input Text" owner="SeleniumLibrary">
<msg time="2024-06-07T09:12:03.340763" level="INFO">Typing text 'secret_sauce' into text field 'id=password'.</msg>
<arg>id=password</arg>
<arg>${password}</arg>
<doc>Types the given ``text`` into the text field identified by ``locator``.</doc>
<status status="PASS" start="2024-06-07T09:12:03.340499" elapsed="0.136719"/>
</kw>
<arg>${password}</arg>
<status status="PASS" start="2024-06-07T09:12:03.339959" elapsed="0.137389"/>
</kw>
<kw name="Click login button" owner="logintest_common_resources">
<kw name="Click Button" owner="SeleniumLibrary">
<msg time="2024-06-07T09:12:03.477978" level="INFO">Clicking button 'id=login-button'.</msg>
<arg>id=login-button</arg>
<doc>Clicks the button identified by ``locator``.</doc>
<status status="PASS" start="2024-06-07T09:12:03.477811" elapsed="0.200956"/>
</kw>
<status status="PASS" start="2024-06-07T09:12:03.477529" elapsed="0.201367"/>
</kw>
<kw name="Welcome page should be visible" owner="logintest_common_resources">
<kw name="Page Should Contain Element" owner="SeleniumLibrary">
<msg time="2024-06-07T09:12:03.697835" level="INFO">Current page contains element 'xpath=//*[@id="shopping_cart_container"]'.</msg>
<arg>xpath=//*[@id="shopping_cart_container"]</arg>
<doc>Verifies that element ``locator`` is found on the current page.</doc>
<status status="PASS" start="2024-06-07T09:12:03.679495" elapsed="0.018437"/>
</kw>
<status status="PASS" start="2024-06-07T09:12:03.679087" elapsed="0.018949"/>
</kw>
<kw name="Close Browsers" owner="logintest_common_resources">
<kw name="Close All Browsers" owner="SeleniumLibrary">
<doc>Closes all open browsers and resets the browser cache.</doc>
<status status="PASS" start="2024-06-07T09:12:03.698629" elapsed="0.082464"/>
</kw>
<status status="PASS" start="2024-06-07T09:12:03.698325" elapsed="0.082943"/>
</kw>
<arg>standard_user</arg>
<arg>secret_sauce</arg>
<tag>Acceptedusers</tag>
<status status="PASS" start="2024-06-07T09:12:00.226351" elapsed="3.555007"/>
</kw>
<status status="PASS" start="2024-06-07T09:12:00.224426" elapsed="3.557283"/>
</test>
<test id="s1-s1-t2" name="LoginTestwithAcceptedUsernames" line="12">
<kw name="Valid login">
<kw name="Open my Browser in chrome" owner="logintest_common_resources">
<kw name="Open Browser" owner="SeleniumLibrary">
<msg time="2024-06-07T09:12:03.785897" level="INFO">Opening browser 'headlesschrome' to base url 'https://www.saucedemo.com/'.</msg>
<arg>${URL}</arg>
<arg>headlesschrome</arg>
<doc>Opens a new browser instance to the optional ``url``.</doc>
<status status="PASS" start="2024-06-07T09:12:03.785653" elapsed="1.417692"/>
</kw>
<kw name="Maximize Browser Window" owner="SeleniumLibrary">
<doc>Maximizes current browser window.</doc>
<status status="PASS" start="2024-06-07T09:12:05.203610" elapsed="0.111922"/>
</kw>
<kw name="Set Selenium Implicit Wait" owner="SeleniumLibrary">
<arg>5</arg>
<doc>Sets the implicit wait value used by Selenium.</doc>
<status status="PASS" start="2024-06-07T09:12:05.315779" elapsed="0.002423"/>
</kw>
<status status="PASS" start="2024-06-07T09:12:03.785290" elapsed="1.533190"/>
</kw>
<kw name="Input username" owner="logintest_common_resources">
<kw name="Input Text" owner="SeleniumLibrary">
<msg time="2024-06-07T09:12:05.319981" level="INFO">Typing text 'problem_user' into text field 'id=user-name'.</msg>
<arg>id=user-name</arg>
<arg>${username}</arg>
<doc>Types the given ``text`` into the text field identified by ``locator``.</doc>
<status status="PASS" start="2024-06-07T09:12:05.319570" elapsed="0.224236"/>
</kw>
<arg>${username}</arg>
<status status="PASS" start="2024-06-07T09:12:05.318815" elapsed="0.225140"/>
</kw>
<kw name="Input pwd" owner="logintest_common_resources">
<kw name="Input Text" owner="SeleniumLibrary">
<msg time="2024-06-07T09:12:05.544912" level="INFO">Typing text 'secret_sauce' into text field 'id=password'.</msg>
<arg>id=password</arg>
<arg>${password}</arg>
<doc>Types the given ``text`` into the text field identified by ``locator``.</doc>
<status status="PASS" start="2024-06-07T09:12:05.544659" elapsed="0.129248"/>
</kw>
<arg>${password}</arg>
<status status="PASS" start="2024-06-07T09:12:05.544245" elapsed="0.129886"/>
</kw>
<kw name="Click login button" owner="logintest_common_resources">
<kw name="Click Button" owner="SeleniumLibrary">
<msg time="2024-06-07T09:12:05.674783" level="INFO">Clicking button 'id=login-button'.</msg>
<arg>id=login-button</arg>
<doc>Clicks the button identified by ``locator``.</doc>
<status status="PASS" start="2024-06-07T09:12:05.674610" elapsed="0.125175"/>
</kw>
<status status="PASS" start="2024-06-07T09:12:05.674320" elapsed="0.125629"/>
</kw>
<kw name="Welcome page should be visible" owner="logintest_common_resources">
<kw name="Page Should Contain Element" owner="SeleniumLibrary">
<msg time="2024-06-07T09:12:05.816236" level="INFO">Current page contains element 'xpath=//*[@id="shopping_cart_container"]'.</msg>
<arg>xpath=//*[@id="shopping_cart_container"]</arg>
<doc>Verifies that element ``locator`` is found on the current page.</doc>
<status status="PASS" start="2024-06-07T09:12:05.800578" elapsed="0.015752"/>
</kw>
<status status="PASS" start="2024-06-07T09:12:05.800257" elapsed="0.016174"/>
</kw>
<kw name="Close Browsers" owner="logintest_common_resources">
<kw name="Close All Browsers" owner="SeleniumLibrary">
<doc>Closes all open browsers and resets the browser cache.</doc>
<status status="PASS" start="2024-06-07T09:12:05.816887" elapsed="0.065650"/>
</kw>
<status status="PASS" start="2024-06-07T09:12:05.816604" elapsed="0.066074"/>
</kw>
<arg>problem_user</arg>
<arg>secret_sauce</arg>
<tag>Acceptedusers</tag>
<status status="PASS" start="2024-06-07T09:12:03.784776" elapsed="2.097987"/>
</kw>
<status status="PASS" start="2024-06-07T09:12:03.782681" elapsed="2.100377"/>
</test>
<test id="s1-s1-t3" name="LoginTestwithAcceptedUsernames" line="12">
<kw name="Valid login">
<kw name="Open my Browser in chrome" owner="logintest_common_resources">
<kw name="Open Browser" owner="SeleniumLibrary">
<msg time="2024-06-07T09:12:05.886830" level="INFO">Opening browser 'headlesschrome' to base url 'https://www.saucedemo.com/'.</msg>
<arg>${URL}</arg>
<arg>headlesschrome</arg>
<doc>Opens a new browser instance to the optional ``url``.</doc>
<status status="PASS" start="2024-06-07T09:12:05.886594" elapsed="1.370897"/>
</kw>
<kw name="Maximize Browser Window" owner="SeleniumLibrary">
<doc>Maximizes current browser window.</doc>
<status status="PASS" start="2024-06-07T09:12:07.257763" elapsed="0.110753"/>
</kw>
<kw name="Set Selenium Implicit Wait" owner="SeleniumLibrary">
<arg>5</arg>
<doc>Sets the implicit wait value used by Selenium.</doc>
<status status="PASS" start="2024-06-07T09:12:07.368712" elapsed="0.001354"/>
</kw>
<status status="PASS" start="2024-06-07T09:12:05.886237" elapsed="1.483919"/>
</kw>
<kw name="Input username" owner="logintest_common_resources">
<kw name="Input Text" owner="SeleniumLibrary">
<msg time="2024-06-07T09:12:07.370819" level="INFO">Typing text 'performance_glitch_user' into text field 'id=user-name'.</msg>
<arg>id=user-name</arg>
<arg>${username}</arg>
<doc>Types the given ``text`` into the text field identified by ``locator``.</doc>
<status status="PASS" start="2024-06-07T09:12:07.370631" elapsed="0.214614"/>
</kw>
<arg>${username}</arg>
<status status="PASS" start="2024-06-07T09:12:07.370319" elapsed="0.215051"/>
</kw>
<kw name="Input pwd" owner="logintest_common_resources">
<kw name="Input Text" owner="SeleniumLibrary">
<msg time="2024-06-07T09:12:07.586076" level="INFO">Typing text 'secret_sauce' into text field 'id=password'.</msg>
<arg>id=password</arg>
<arg>${password}</arg>
<doc>Types the given ``text`` into the text field identified by ``locator``.</doc>
<status status="PASS" start="2024-06-07T09:12:07.585878" elapsed="0.120586"/>
</kw>
<arg>${password}</arg>
<status status="PASS" start="2024-06-07T09:12:07.585549" elapsed="0.121042"/>
</kw>
<kw name="Click login button" owner="logintest_common_resources">
<kw name="Click Button" owner="SeleniumLibrary">
<msg time="2024-06-07T09:12:07.707376" level="INFO">Clicking button 'id=login-button'.</msg>
<arg>id=login-button</arg>
<doc>Clicks the button identified by ``locator``.</doc>
<status status="PASS" start="2024-06-07T09:12:07.707192" elapsed="5.133090"/>
</kw>
<status status="PASS" start="2024-06-07T09:12:07.706776" elapsed="5.133640"/>
</kw>
<kw name="Welcome page should be visible" owner="logintest_common_resources">
<kw name="Page Should Contain Element" owner="SeleniumLibrary">
<msg time="2024-06-07T09:12:12.856429" level="INFO">Current page contains element 'xpath=//*[@id="shopping_cart_container"]'.</msg>
<arg>xpath=//*[@id="shopping_cart_container"]</arg>
<doc>Verifies that element ``locator`` is found on the current page.</doc>
<status status="PASS" start="2024-06-07T09:12:12.840896" elapsed="0.015627"/>
</kw>
<status status="PASS" start="2024-06-07T09:12:12.840604" elapsed="0.016020"/>
</kw>
<kw name="Close Browsers" owner="logintest_common_resources">
<kw name="Close All Browsers" owner="SeleniumLibrary">
<doc>Closes all open browsers and resets the browser cache.</doc>
<status status="PASS" start="2024-06-07T09:12:12.857153" elapsed="0.065734"/>
</kw>
<status status="PASS" start="2024-06-07T09:12:12.856796" elapsed="0.066305"/>
</kw>
<arg>performance_glitch_user</arg>
<arg>secret_sauce</arg>
<tag>Acceptedusers</tag>
<status status="PASS" start="2024-06-07T09:12:05.885738" elapsed="7.037460"/>
</kw>
<status status="PASS" start="2024-06-07T09:12:05.883863" elapsed="7.039624"/>
</test>
<test id="s1-s1-t4" name="LoginTestwithAcceptedUsernames" line="12">
<kw name="Valid login">
<kw name="Open my Browser in chrome" owner="logintest_common_resources">
<kw name="Open Browser" owner="SeleniumLibrary">
<msg time="2024-06-07T09:12:12.927260" level="INFO">Opening browser 'headlesschrome' to base url 'https://www.saucedemo.com/'.</msg>
<arg>${URL}</arg>
<arg>headlesschrome</arg>
<doc>Opens a new browser instance to the optional ``url``.</doc>
<status status="PASS" start="2024-06-07T09:12:12.926938" elapsed="1.401562"/>
</kw>
<kw name="Maximize Browser Window" owner="SeleniumLibrary">
<doc>Maximizes current browser window.</doc>
<status status="PASS" start="2024-06-07T09:12:14.328768" elapsed="0.111527"/>
</kw>
<kw name="Set Selenium Implicit Wait" owner="SeleniumLibrary">
<arg>5</arg>
<doc>Sets the implicit wait value used by Selenium.</doc>
<status status="PASS" start="2024-06-07T09:12:14.440520" elapsed="0.001645"/>
</kw>
<status status="PASS" start="2024-06-07T09:12:12.926606" elapsed="1.515672"/>
</kw>
<kw name="Input username" owner="logintest_common_resources">
<kw name="Input Text" owner="SeleniumLibrary">
<msg time="2024-06-07T09:12:14.443352" level="INFO">Typing text 'error_user' into text field 'id=user-name'.</msg>
<arg>id=user-name</arg>
<arg>${username}</arg>
<doc>Types the given ``text`` into the text field identified by ``locator``.</doc>
<status status="PASS" start="2024-06-07T09:12:14.442824" elapsed="0.180886"/>
</kw>
<arg>${username}</arg>
<status status="PASS" start="2024-06-07T09:12:14.442461" elapsed="0.181373"/>
</kw>
<kw name="Input pwd" owner="logintest_common_resources">
<kw name="Input Text" owner="SeleniumLibrary">
<msg time="2024-06-07T09:12:14.624606" level="INFO">Typing text 'secret_sauce' into text field 'id=password'.</msg>
<arg>id=password</arg>
<arg>${password}</arg>
<doc>Types the given ``text`` into the text field identified by ``locator``.</doc>
<status status="PASS" start="2024-06-07T09:12:14.624405" elapsed="0.124367"/>
</kw>
<arg>${password}</arg>
<status status="PASS" start="2024-06-07T09:12:14.624011" elapsed="0.124897"/>
</kw>
<kw name="Click login button" owner="logintest_common_resources">
<kw name="Click Button" owner="SeleniumLibrary">
<msg time="2024-06-07T09:12:14.749689" level="INFO">Clicking button 'id=login-button'.</msg>
<arg>id=login-button</arg>
<doc>Clicks the button identified by ``locator``.</doc>
<status status="PASS" start="2024-06-07T09:12:14.749502" elapsed="0.129375"/>
</kw>
<status status="PASS" start="2024-06-07T09:12:14.749175" elapsed="0.129828"/>
</kw>
<kw name="Welcome page should be visible" owner="logintest_common_resources">
<kw name="Page Should Contain Element" owner="SeleniumLibrary">
<msg time="2024-06-07T09:12:14.895856" level="INFO">Current page contains element 'xpath=//*[@id="shopping_cart_container"]'.</msg>
<arg>xpath=//*[@id="shopping_cart_container"]</arg>
<doc>Verifies that element ``locator`` is found on the current page.</doc>
<status status="PASS" start="2024-06-07T09:12:14.879810" elapsed="0.016199"/>
</kw>
<status status="PASS" start="2024-06-07T09:12:14.879308" elapsed="0.016807"/>
</kw>
<kw name="Close Browsers" owner="logintest_common_resources">
<kw name="Close All Browsers" owner="SeleniumLibrary">
<doc>Closes all open browsers and resets the browser cache.</doc>
<status status="PASS" start="2024-06-07T09:12:14.896552" elapsed="0.065083"/>
</kw>
<status status="PASS" start="2024-06-07T09:12:14.896282" elapsed="0.065500"/>
</kw>
<arg>error_user</arg>
<arg>secret_sauce</arg>
<tag>Acceptedusers</tag>
<status status="PASS" start="2024-06-07T09:12:12.926176" elapsed="2.035693"/>
</kw>
<status status="PASS" start="2024-06-07T09:12:12.924371" elapsed="2.037808"/>
</test>
<test id="s1-s1-t5" name="LoginTestwithAcceptedUsernames" line="12">
<kw name="Valid login">
<kw name="Open my Browser in chrome" owner="logintest_common_resources">
<kw name="Open Browser" owner="SeleniumLibrary">
<msg time="2024-06-07T09:12:14.965747" level="INFO">Opening browser 'headlesschrome' to base url 'https://www.saucedemo.com/'.</msg>
<arg>${URL}</arg>
<arg>headlesschrome</arg>
<doc>Opens a new browser instance to the optional ``url``.</doc>
<status status="PASS" start="2024-06-07T09:12:14.965517" elapsed="1.750311"/>
</kw>
<kw name="Maximize Browser Window" owner="SeleniumLibrary">
<doc>Maximizes current browser window.</doc>
<status status="PASS" start="2024-06-07T09:12:16.716171" elapsed="0.111014"/>
</kw>
<kw name="Set Selenium Implicit Wait" owner="SeleniumLibrary">
<arg>5</arg>
<doc>Sets the implicit wait value used by Selenium.</doc>
<status status="PASS" start="2024-06-07T09:12:16.827420" elapsed="0.001679"/>
</kw>
<status status="PASS" start="2024-06-07T09:12:14.965088" elapsed="1.864141"/>
</kw>
<kw name="Input username" owner="logintest_common_resources">
<kw name="Input Text" owner="SeleniumLibrary">
<msg time="2024-06-07T09:12:16.830901" level="INFO">Typing text 'visual_user' into text field 'id=user-name'.</msg>
<arg>id=user-name</arg>
<arg>${username}</arg>
<doc>Types the given ``text`` into the text field identified by ``locator``.</doc>
<status status="PASS" start="2024-06-07T09:12:16.830611" elapsed="0.217843"/>
</kw>
<arg>${username}</arg>
<status status="PASS" start="2024-06-07T09:12:16.830137" elapsed="0.218452"/>
</kw>
<kw name="Input pwd" owner="logintest_common_resources">
<kw name="Input Text" owner="SeleniumLibrary">
<msg time="2024-06-07T09:12:17.049422" level="INFO">Typing text 'secret_sauce' into text field 'id=password'.</msg>
<arg>id=password</arg>
<arg>${password}</arg>
<doc>Types the given ``text`` into the text field identified by ``locator``.</doc>
<status status="PASS" start="2024-06-07T09:12:17.049121" elapsed="0.120500"/>
</kw>
<arg>${password}</arg>
<status status="PASS" start="2024-06-07T09:12:17.048776" elapsed="0.120969"/>
</kw>
<kw name="Click login button" owner="logintest_common_resources">
<kw name="Click Button" owner="SeleniumLibrary">
<msg time="2024-06-07T09:12:17.170450" level="INFO">Clicking button 'id=login-button'.</msg>
<arg>id=login-button</arg>
<doc>Clicks the button identified by ``locator``.</doc>
<status status="PASS" start="2024-06-07T09:12:17.170278" elapsed="0.121654"/>
</kw>
<status status="PASS" start="2024-06-07T09:12:17.169923" elapsed="0.122222"/>
</kw>
<kw name="Welcome page should be visible" owner="logintest_common_resources">
<kw name="Page Should Contain Element" owner="SeleniumLibrary">
<msg time="2024-06-07T09:12:17.309033" level="INFO">Current page contains element 'xpath=//*[@id="shopping_cart_container"]'.</msg>
<arg>xpath=//*[@id="shopping_cart_container"]</arg>
<doc>Verifies that element ``locator`` is found on the current page.</doc>
<status status="PASS" start="2024-06-07T09:12:17.292623" elapsed="0.016511"/>
</kw>
<status status="PASS" start="2024-06-07T09:12:17.292326" elapsed="0.016916"/>
</kw>
<kw name="Close Browsers" owner="logintest_common_resources">
<kw name="Close All Browsers" owner="SeleniumLibrary">
<doc>Closes all open browsers and resets the browser cache.</doc>
<status status="PASS" start="2024-06-07T09:12:17.309705" elapsed="0.064831"/>
</kw>
<status status="PASS" start="2024-06-07T09:12:17.309419" elapsed="0.065259"/>
</kw>
<arg>visual_user</arg>
<arg>secret_sauce</arg>
<tag>Acceptedusers</tag>
<status status="PASS" start="2024-06-07T09:12:14.964669" elapsed="2.410117"/>
</kw>
<status status="PASS" start="2024-06-07T09:12:14.962828" elapsed="2.412267"/>
</test>
<kw name="Close Browsers" owner="logintest_common_resources" type="TEARDOWN">
<kw name="Close All Browsers" owner="SeleniumLibrary">
<doc>Closes all open browsers and resets the browser cache.</doc>
<status status="PASS" start="2024-06-07T09:12:17.376100" elapsed="0.000177"/>
</kw>
<status status="PASS" start="2024-06-07T09:12:17.375743" elapsed="0.000625"/>
</kw>
<status status="PASS" start="2024-06-07T09:11:59.003777" elapsed="18.372646"/>
</suite>
<suite id="s1-s2" name="tc02 logintestFirefox" source="/tarobot/Tests/prod/tc02_logintestFirefox.robot">
<test id="s1-s2-t1" name="LoginTestwithAcceptedUsernames" line="12">
<kw name="Valid login">
<kw name="Open my Browser in firefox" owner="logintest_common_resources">
<kw name="Open Browser" owner="SeleniumLibrary">
<msg time="2024-06-07T09:12:17.407361" level="INFO">Opening browser 'headlessfirefox' to base url 'https://www.saucedemo.com/'.</msg>
<arg>${URL}</arg>
<arg>headlessfirefox</arg>
<doc>Opens a new browser instance to the optional ``url``.</doc>
<status status="PASS" start="2024-06-07T09:12:17.407033" elapsed="3.614220"/>
</kw>
<kw name="Maximize Browser Window" owner="SeleniumLibrary">
<doc>Maximizes current browser window.</doc>
<status status="PASS" start="2024-06-07T09:12:21.021533" elapsed="0.008878"/>
</kw>
<kw name="Set Selenium Implicit Wait" owner="SeleniumLibrary">
<arg>5</arg>
<doc>Sets the implicit wait value used by Selenium.</doc>
<status status="PASS" start="2024-06-07T09:12:21.030652" elapsed="0.004511"/>
</kw>
<status status="PASS" start="2024-06-07T09:12:17.406601" elapsed="3.628714"/>
</kw>
<kw name="Input username" owner="logintest_common_resources">
<kw name="Input Text" owner="SeleniumLibrary">
<msg time="2024-06-07T09:12:21.036468" level="INFO">Typing text 'standard_user' into text field 'id=user-name'.</msg>
<arg>id=user-name</arg>
<arg>${username}</arg>
<doc>Types the given ``text`` into the text field identified by ``locator``.</doc>
<status status="PASS" start="2024-06-07T09:12:21.036154" elapsed="0.135448"/>
</kw>
<arg>${username}</arg>
<status status="PASS" start="2024-06-07T09:12:21.035536" elapsed="0.136228"/>
</kw>
<kw name="Input pwd" owner="logintest_common_resources">
<kw name="Input Text" owner="SeleniumLibrary">
<msg time="2024-06-07T09:12:21.172801" level="INFO">Typing text 'secret_sauce' into text field 'id=password'.</msg>
<arg>id=password</arg>
<arg>${password}</arg>
<doc>Types the given ``text`` into the text field identified by ``locator``.</doc>
<status status="PASS" start="2024-06-07T09:12:21.172518" elapsed="0.066769"/>
</kw>
<arg>${password}</arg>
<status status="PASS" start="2024-06-07T09:12:21.172068" elapsed="0.067386"/>
</kw>
<kw name="Click login button" owner="logintest_common_resources">
<kw name="Click Button" owner="SeleniumLibrary">
<msg time="2024-06-07T09:12:21.240457" level="INFO">Clicking button 'id=login-button'.</msg>
<arg>id=login-button</arg>
<doc>Clicks the button identified by ``locator``.</doc>
<status status="PASS" start="2024-06-07T09:12:21.240231" elapsed="0.262152"/>
</kw>
<status status="PASS" start="2024-06-07T09:12:21.239685" elapsed="0.262843"/>
</kw>
<kw name="Welcome page should be visible" owner="logintest_common_resources">
<kw name="Page Should Contain Element" owner="SeleniumLibrary">
<msg time="2024-06-07T09:12:21.507159" level="INFO">Current page contains element 'xpath=//*[@id="shopping_cart_container"]'.</msg>
<arg>xpath=//*[@id="shopping_cart_container"]</arg>
<doc>Verifies that element ``locator`` is found on the current page.</doc>
<status status="PASS" start="2024-06-07T09:12:21.503183" elapsed="0.004073"/>
</kw>
<status status="PASS" start="2024-06-07T09:12:21.502744" elapsed="0.004642"/>
</kw>
<kw name="Close Browsers" owner="logintest_common_resources">
<kw name="Close All Browsers" owner="SeleniumLibrary">
<doc>Closes all open browsers and resets the browser cache.</doc>
<status status="PASS" start="2024-06-07T09:12:21.508006" elapsed="0.961713"/>
</kw>
<status status="PASS" start="2024-06-07T09:12:21.507583" elapsed="0.962289"/>
</kw>
<arg>standard_user</arg>
<arg>secret_sauce</arg>
<tag>Acceptedusers</tag>
<status status="PASS" start="2024-06-07T09:12:17.406149" elapsed="5.063912"/>
</kw>
<status status="PASS" start="2024-06-07T09:12:17.404347" elapsed="5.065998"/>
</test>
<test id="s1-s2-t2" name="LoginTestwithAcceptedUsernames" line="12">
<kw name="Valid login">
<kw name="Open my Browser in firefox" owner="logintest_common_resources">
<kw name="Open Browser" owner="SeleniumLibrary">
<msg time="2024-06-07T09:12:22.474317" level="INFO">Opening browser 'headlessfirefox' to base url 'https://www.saucedemo.com/'.</msg>
<arg>${URL}</arg>
<arg>headlessfirefox</arg>
<doc>Opens a new browser instance to the optional ``url``.</doc>
<status status="PASS" start="2024-06-07T09:12:22.474047" elapsed="4.005409"/>
</kw>
<kw name="Maximize Browser Window" owner="SeleniumLibrary">
<doc>Maximizes current browser window.</doc>
<status status="PASS" start="2024-06-07T09:12:26.479724" elapsed="0.005283"/>
</kw>
<kw name="Set Selenium Implicit Wait" owner="SeleniumLibrary">
<arg>5</arg>
<doc>Sets the implicit wait value used by Selenium.</doc>
<status status="PASS" start="2024-06-07T09:12:26.485370" elapsed="0.008023"/>
</kw>
<status status="PASS" start="2024-06-07T09:12:22.473629" elapsed="4.019913"/>
</kw>
<kw name="Input username" owner="logintest_common_resources">
<kw name="Input Text" owner="SeleniumLibrary">
<msg time="2024-06-07T09:12:26.495053" level="INFO">Typing text 'problem_user' into text field 'id=user-name'.</msg>
<arg>id=user-name</arg>
<arg>${username}</arg>
<doc>Types the given ``text`` into the text field identified by ``locator``.</doc>
<status status="PASS" start="2024-06-07T09:12:26.494693" elapsed="0.163561"/>
</kw>
<arg>${username}</arg>
<status status="PASS" start="2024-06-07T09:12:26.493752" elapsed="0.164689"/>
</kw>
<kw name="Input pwd" owner="logintest_common_resources">
<kw name="Input Text" owner="SeleniumLibrary">
<msg time="2024-06-07T09:12:26.659788" level="INFO">Typing text 'secret_sauce' into text field 'id=password'.</msg>
<arg>id=password</arg>
<arg>${password}</arg>
<doc>Types the given ``text`` into the text field identified by ``locator``.</doc>
<status status="PASS" start="2024-06-07T09:12:26.659455" elapsed="0.115394"/>
</kw>
<arg>${password}</arg>
<status status="PASS" start="2024-06-07T09:12:26.658702" elapsed="0.116509"/>
</kw>
<kw name="Click login button" owner="logintest_common_resources">
<kw name="Click Button" owner="SeleniumLibrary">
<msg time="2024-06-07T09:12:26.777278" level="INFO">Clicking button 'id=login-button'.</msg>
<arg>id=login-button</arg>
<doc>Clicks the button identified by ``locator``.</doc>
<status status="PASS" start="2024-06-07T09:12:26.776208" elapsed="0.323312"/>
</kw>
<status status="PASS" start="2024-06-07T09:12:26.775601" elapsed="0.324084"/>
</kw>
<kw name="Welcome page should be visible" owner="logintest_common_resources">
<kw name="Page Should Contain Element" owner="SeleniumLibrary">
<msg time="2024-06-07T09:12:27.204525" level="INFO">Current page contains element 'xpath=//*[@id="shopping_cart_container"]'.</msg>
<arg>xpath=//*[@id="shopping_cart_container"]</arg>
<doc>Verifies that element ``locator`` is found on the current page.</doc>
<status status="PASS" start="2024-06-07T09:12:27.100362" elapsed="0.104268"/>
</kw>
<status status="PASS" start="2024-06-07T09:12:27.099988" elapsed="0.104755"/>
</kw>
<kw name="Close Browsers" owner="logintest_common_resources">
<kw name="Close All Browsers" owner="SeleniumLibrary">
<doc>Closes all open browsers and resets the browser cache.</doc>
<status status="PASS" start="2024-06-07T09:12:27.205427" elapsed="0.811393"/>
</kw>
<status status="PASS" start="2024-06-07T09:12:27.205061" elapsed="0.812005"/>
</kw>
<arg>problem_user</arg>
<arg>secret_sauce</arg>
<tag>Acceptedusers</tag>
<status status="PASS" start="2024-06-07T09:12:22.473200" elapsed="5.543955"/>
</kw>
<status status="PASS" start="2024-06-07T09:12:22.471213" elapsed="5.546223"/>
</test>
<test id="s1-s2-t3" name="LoginTestwithAcceptedUsernames" line="12">
<kw name="Valid login">
<kw name="Open my Browser in firefox" owner="logintest_common_resources">
<kw name="Open Browser" owner="SeleniumLibrary">
<msg time="2024-06-07T09:12:28.022040" level="INFO">Opening browser 'headlessfirefox' to base url 'https://www.saucedemo.com/'.</msg>
<arg>${URL}</arg>
<arg>headlessfirefox</arg>
<doc>Opens a new browser instance to the optional ``url``.</doc>
<status status="PASS" start="2024-06-07T09:12:28.021720" elapsed="3.575615"/>
</kw>
<kw name="Maximize Browser Window" owner="SeleniumLibrary">
<doc>Maximizes current browser window.</doc>
<status status="PASS" start="2024-06-07T09:12:31.597608" elapsed="0.003604"/>
</kw>
<kw name="Set Selenium Implicit Wait" owner="SeleniumLibrary">
<arg>5</arg>
<doc>Sets the implicit wait value used by Selenium.</doc>
<status status="PASS" start="2024-06-07T09:12:31.601589" elapsed="0.007601"/>
</kw>
<status status="PASS" start="2024-06-07T09:12:28.021370" elapsed="3.587975"/>
</kw>
<kw name="Input username" owner="logintest_common_resources">
<kw name="Input Text" owner="SeleniumLibrary">
<msg time="2024-06-07T09:12:31.610356" level="INFO">Typing text 'performance_glitch_user' into text field 'id=user-name'.</msg>
<arg>id=user-name</arg>
<arg>${username}</arg>
<doc>Types the given ``text`` into the text field identified by ``locator``.</doc>
<status status="PASS" start="2024-06-07T09:12:31.610078" elapsed="0.141889"/>
</kw>
<arg>${username}</arg>
<status status="PASS" start="2024-06-07T09:12:31.609568" elapsed="0.142688"/>
</kw>
<kw name="Input pwd" owner="logintest_common_resources">
<kw name="Input Text" owner="SeleniumLibrary">
<msg time="2024-06-07T09:12:31.754018" level="INFO">Typing text 'secret_sauce' into text field 'id=password'.</msg>
<arg>id=password</arg>
<arg>${password}</arg>
<doc>Types the given ``text`` into the text field identified by ``locator``.</doc>
<status status="PASS" start="2024-06-07T09:12:31.753386" elapsed="0.071055"/>
</kw>
<arg>${password}</arg>
<status status="PASS" start="2024-06-07T09:12:31.752545" elapsed="0.072046"/>
</kw>
<kw name="Click login button" owner="logintest_common_resources">
<kw name="Click Button" owner="SeleniumLibrary">
<msg time="2024-06-07T09:12:31.825497" level="INFO">Clicking button 'id=login-button'.</msg>
<arg>id=login-button</arg>
<doc>Clicks the button identified by ``locator``.</doc>
<status status="PASS" start="2024-06-07T09:12:31.825274" elapsed="5.270636"/>
</kw>
<status status="PASS" start="2024-06-07T09:12:31.824889" elapsed="5.271363"/>
</kw>
<kw name="Welcome page should be visible" owner="logintest_common_resources">
<kw name="Page Should Contain Element" owner="SeleniumLibrary">
<msg time="2024-06-07T09:12:37.102115" level="INFO">Current page contains element 'xpath=//*[@id="shopping_cart_container"]'.</msg>
<arg>xpath=//*[@id="shopping_cart_container"]</arg>
<doc>Verifies that element ``locator`` is found on the current page.</doc>
<status status="PASS" start="2024-06-07T09:12:37.097174" elapsed="0.005039"/>
</kw>
<status status="PASS" start="2024-06-07T09:12:37.096577" elapsed="0.005751"/>
</kw>
<kw name="Close Browsers" owner="logintest_common_resources">
<kw name="Close All Browsers" owner="SeleniumLibrary">
<doc>Closes all open browsers and resets the browser cache.</doc>
<status status="PASS" start="2024-06-07T09:12:37.102868" elapsed="0.759260"/>
</kw>
<status status="PASS" start="2024-06-07T09:12:37.102527" elapsed="0.759748"/>
</kw>
<arg>performance_glitch_user</arg>
<arg>secret_sauce</arg>
<tag>Acceptedusers</tag>
<status status="PASS" start="2024-06-07T09:12:28.020775" elapsed="9.841586"/>
</kw>
<status status="PASS" start="2024-06-07T09:12:28.018636" elapsed="9.843998"/>
</test>
<test id="s1-s2-t4" name="LoginTestwithAcceptedUsernames" line="12">
<kw name="Valid login">
<kw name="Open my Browser in firefox" owner="logintest_common_resources">
<kw name="Open Browser" owner="SeleniumLibrary">
<msg time="2024-06-07T09:12:37.867102" level="INFO">Opening browser 'headlessfirefox' to base url 'https://www.saucedemo.com/'.</msg>
<arg>${URL}</arg>
<arg>headlessfirefox</arg>
<doc>Opens a new browser instance to the optional ``url``.</doc>
<status status="PASS" start="2024-06-07T09:12:37.866814" elapsed="3.727334"/>
</kw>
<kw name="Maximize Browser Window" owner="SeleniumLibrary">
<doc>Maximizes current browser window.</doc>
<status status="PASS" start="2024-06-07T09:12:41.594431" elapsed="0.003012"/>
</kw>
<kw name="Set Selenium Implicit Wait" owner="SeleniumLibrary">
<arg>5</arg>
<doc>Sets the implicit wait value used by Selenium.</doc>
<status status="PASS" start="2024-06-07T09:12:41.597668" elapsed="0.002966"/>
</kw>
<status status="PASS" start="2024-06-07T09:12:37.865536" elapsed="3.735291"/>
</kw>
<kw name="Input username" owner="logintest_common_resources">
<kw name="Input Text" owner="SeleniumLibrary">
<msg time="2024-06-07T09:12:41.602001" level="INFO">Typing text 'error_user' into text field 'id=user-name'.</msg>
<arg>id=user-name</arg>
<arg>${username}</arg>
<doc>Types the given ``text`` into the text field identified by ``locator``.</doc>
<status status="PASS" start="2024-06-07T09:12:41.601511" elapsed="0.121608"/>
</kw>
<arg>${username}</arg>
<status status="PASS" start="2024-06-07T09:12:41.601052" elapsed="0.122273"/>
</kw>
<kw name="Input pwd" owner="logintest_common_resources">
<kw name="Input Text" owner="SeleniumLibrary">
<msg time="2024-06-07T09:12:41.725066" level="INFO">Typing text 'secret_sauce' into text field 'id=password'.</msg>
<arg>id=password</arg>
<arg>${password}</arg>
<doc>Types the given ``text`` into the text field identified by ``locator``.</doc>
<status status="PASS" start="2024-06-07T09:12:41.724421" elapsed="0.070889"/>
</kw>
<arg>${password}</arg>
<status status="PASS" start="2024-06-07T09:12:41.723646" elapsed="0.071822"/>
</kw>
<kw name="Click login button" owner="logintest_common_resources">
<kw name="Click Button" owner="SeleniumLibrary">
<msg time="2024-06-07T09:12:41.796479" level="INFO">Clicking button 'id=login-button'.</msg>
<arg>id=login-button</arg>
<doc>Clicks the button identified by ``locator``.</doc>
<status status="PASS" start="2024-06-07T09:12:41.796169" elapsed="0.272803"/>
</kw>
<status status="PASS" start="2024-06-07T09:12:41.795688" elapsed="0.273438"/>
</kw>
<kw name="Welcome page should be visible" owner="logintest_common_resources">
<kw name="Page Should Contain Element" owner="SeleniumLibrary">
<msg time="2024-06-07T09:12:42.073771" level="INFO">Current page contains element 'xpath=//*[@id="shopping_cart_container"]'.</msg>
<arg>xpath=//*[@id="shopping_cart_container"]</arg>
<doc>Verifies that element ``locator`` is found on the current page.</doc>
<status status="PASS" start="2024-06-07T09:12:42.069702" elapsed="0.004274"/>
</kw>
<status status="PASS" start="2024-06-07T09:12:42.069341" elapsed="0.004755"/>
</kw>
<kw name="Close Browsers" owner="logintest_common_resources">
<kw name="Close All Browsers" owner="SeleniumLibrary">
<doc>Closes all open browsers and resets the browser cache.</doc>
<status status="PASS" start="2024-06-07T09:12:42.074627" elapsed="0.742804"/>
</kw>
<status status="PASS" start="2024-06-07T09:12:42.074291" elapsed="0.743312"/>
</kw>
<arg>error_user</arg>
<arg>secret_sauce</arg>
<tag>Acceptedusers</tag>
<status status="PASS" start="2024-06-07T09:12:37.865111" elapsed="4.952579"/>
</kw>
<status status="PASS" start="2024-06-07T09:12:37.863191" elapsed="4.954916"/>
</test>
<test id="s1-s2-t5" name="LoginTestwithAcceptedUsernames" line="12">
<kw name="Valid login">
<kw name="Open my Browser in firefox" owner="logintest_common_resources">
<kw name="Open Browser" owner="SeleniumLibrary">
<msg time="2024-06-07T09:12:42.821483" level="INFO">Opening browser 'headlessfirefox' to base url 'https://www.saucedemo.com/'.</msg>
<arg>${URL}</arg>
<arg>headlessfirefox</arg>
<doc>Opens a new browser instance to the optional ``url``.</doc>
<status status="PASS" start="2024-06-07T09:12:42.821251" elapsed="3.727166"/>
</kw>
<kw name="Maximize Browser Window" owner="SeleniumLibrary">
<doc>Maximizes current browser window.</doc>
<status status="PASS" start="2024-06-07T09:12:46.548747" elapsed="0.005167"/>
</kw>
<kw name="Set Selenium Implicit Wait" owner="SeleniumLibrary">
<arg>5</arg>
<doc>Sets the implicit wait value used by Selenium.</doc>
<status status="PASS" start="2024-06-07T09:12:46.554151" elapsed="0.002905"/>
</kw>
<status status="PASS" start="2024-06-07T09:12:42.820863" elapsed="3.736340"/>
</kw>
<kw name="Input username" owner="logintest_common_resources">
<kw name="Input Text" owner="SeleniumLibrary">
<msg time="2024-06-07T09:12:46.558236" level="INFO">Typing text 'visual_user' into text field 'id=user-name'.</msg>
<arg>id=user-name</arg>
<arg>${username}</arg>
<doc>Types the given ``text`` into the text field identified by ``locator``.</doc>
<status status="PASS" start="2024-06-07T09:12:46.557956" elapsed="0.133291"/>
</kw>
<arg>${username}</arg>
<status status="PASS" start="2024-06-07T09:12:46.557415" elapsed="0.133994"/>
</kw>
<kw name="Input pwd" owner="logintest_common_resources">
<kw name="Input Text" owner="SeleniumLibrary">
<msg time="2024-06-07T09:12:46.692406" level="INFO">Typing text 'secret_sauce' into text field 'id=password'.</msg>
<arg>id=password</arg>
<arg>${password}</arg>
<doc>Types the given ``text`` into the text field identified by ``locator``.</doc>
<status status="PASS" start="2024-06-07T09:12:46.692145" elapsed="0.065395"/>
</kw>
<arg>${password}</arg>
<status status="PASS" start="2024-06-07T09:12:46.691626" elapsed="0.066153"/>
</kw>
<kw name="Click login button" owner="logintest_common_resources">
<kw name="Click Button" owner="SeleniumLibrary">
<msg time="2024-06-07T09:12:46.759440" level="INFO">Clicking button 'id=login-button'.</msg>
<arg>id=login-button</arg>
<doc>Clicks the button identified by ``locator``.</doc>
<status status="PASS" start="2024-06-07T09:12:46.758936" elapsed="0.305276"/>
</kw>
<status status="PASS" start="2024-06-07T09:12:46.758197" elapsed="0.306183"/>
</kw>
<kw name="Welcome page should be visible" owner="logintest_common_resources">
<kw name="Page Should Contain Element" owner="SeleniumLibrary">
<msg time="2024-06-07T09:12:47.107176" level="INFO">Current page contains element 'xpath=//*[@id="shopping_cart_container"]'.</msg>
<arg>xpath=//*[@id="shopping_cart_container"]</arg>
<doc>Verifies that element ``locator`` is found on the current page.</doc>
<status status="PASS" start="2024-06-07T09:12:47.065161" elapsed="0.042133"/>
</kw>
<status status="PASS" start="2024-06-07T09:12:47.064653" elapsed="0.042768"/>
</kw>
<kw name="Close Browsers" owner="logintest_common_resources">
<kw name="Close All Browsers" owner="SeleniumLibrary">
<doc>Closes all open browsers and resets the browser cache.</doc>
<status status="PASS" start="2024-06-07T09:12:47.108026" elapsed="0.810244"/>
</kw>
<status status="PASS" start="2024-06-07T09:12:47.107626" elapsed="0.810804"/>
</kw>
<arg>visual_user</arg>
<arg>secret_sauce</arg>
<tag>Acceptedusers</tag>
<status status="PASS" start="2024-06-07T09:12:42.820450" elapsed="5.098064"/>
</kw>
<status status="PASS" start="2024-06-07T09:12:42.818713" elapsed="5.100139"/>
</test>
<kw name="Close Browsers" owner="logintest_common_resources" type="TEARDOWN">
<kw name="Close All Browsers" owner="SeleniumLibrary">
<doc>Closes all open browsers and resets the browser cache.</doc>
<status status="PASS" start="2024-06-07T09:12:47.920047" elapsed="0.000183"/>
</kw>
<status status="PASS" start="2024-06-07T09:12:47.919662" elapsed="0.000659"/>
</kw>
<status status="PASS" start="2024-06-07T09:12:17.378283" elapsed="30.542092"/>
</suite>
<suite id="s1-s3" name="tc03 logoutTest" source="/tarobot/Tests/prod/tc03_logoutTest.robot">
<test id="s1-s3-t1" name="Checking logout functionality of accepted users in chrome" line="11">
<kw name="Open loged in Window in chrome" owner="logedInUserSetup">
<kw name="Open my Browser in chrome" owner="logintest_common_resources">
<kw name="Open Browser" owner="SeleniumLibrary">
<msg time="2024-06-07T09:12:47.945143" level="INFO">Opening browser 'headlesschrome' to base url 'https://www.saucedemo.com/'.</msg>
<arg>${URL}</arg>
<arg>headlesschrome</arg>
<doc>Opens a new browser instance to the optional ``url``.</doc>
<status status="PASS" start="2024-06-07T09:12:47.944869" elapsed="1.487626"/>
</kw>
<kw name="Maximize Browser Window" owner="SeleniumLibrary">
<doc>Maximizes current browser window.</doc>
<status status="PASS" start="2024-06-07T09:12:49.432746" elapsed="0.111992"/>
</kw>
<kw name="Set Selenium Implicit Wait" owner="SeleniumLibrary">
<arg>5</arg>
<doc>Sets the implicit wait value used by Selenium.</doc>
<status status="PASS" start="2024-06-07T09:12:49.545058" elapsed="0.001564"/>
</kw>
<status status="PASS" start="2024-06-07T09:12:47.944050" elapsed="1.602684"/>
</kw>
<kw name="Input username" owner="logintest_common_resources">
<kw name="Input Text" owner="SeleniumLibrary">
<msg time="2024-06-07T09:12:49.547546" level="INFO">Typing text 'standard_user' into text field 'id=user-name'.</msg>
<arg>id=user-name</arg>
<arg>${username}</arg>
<doc>Types the given ``text`` into the text field identified by ``locator``.</doc>
<status status="PASS" start="2024-06-07T09:12:49.547312" elapsed="0.186280"/>
</kw>
<arg>standard_user</arg>
<status status="PASS" start="2024-06-07T09:12:49.546973" elapsed="0.186741"/>
</kw>
<kw name="Input pwd" owner="logintest_common_resources">
<kw name="Input Text" owner="SeleniumLibrary">
<msg time="2024-06-07T09:12:49.734458" level="INFO">Typing text 'secret_sauce' into text field 'id=password'.</msg>
<arg>id=password</arg>
<arg>${password}</arg>
<doc>Types the given ``text`` into the text field identified by ``locator``.</doc>
<status status="PASS" start="2024-06-07T09:12:49.734255" elapsed="0.124902"/>
</kw>
<arg>secret_sauce</arg>
<status status="PASS" start="2024-06-07T09:12:49.733954" elapsed="0.125329"/>
</kw>
<kw name="Click login button" owner="logintest_common_resources">
<kw name="Click Button" owner="SeleniumLibrary">
<msg time="2024-06-07T09:12:49.860026" level="INFO">Clicking button 'id=login-button'.</msg>
<arg>id=login-button</arg>
<doc>Clicks the button identified by ``locator``.</doc>
<status status="PASS" start="2024-06-07T09:12:49.859826" elapsed="0.129265"/>
</kw>
<status status="PASS" start="2024-06-07T09:12:49.859473" elapsed="0.129750"/>
</kw>
<kw name="Sleep" owner="BuiltIn">
<msg time="2024-06-07T09:12:51.989844" level="INFO">Slept 2 seconds.</msg>
<arg>2s</arg>
<doc>Pauses the test executed for the given time.</doc>
<status status="PASS" start="2024-06-07T09:12:49.989396" elapsed="2.000563"/>
</kw>
<status status="PASS" start="2024-06-07T09:12:47.943187" elapsed="4.046882"/>
</kw>
<kw name="Click Logout" owner="logout_common_resource">
<kw name="Wait Until Element Is Visible" owner="SeleniumLibrary">
<arg>id=${menu}</arg>
<doc>Waits until the element ``locator`` is visible.</doc>
<status status="PASS" start="2024-06-07T09:12:51.990924" elapsed="0.038132"/>
</kw>
<kw name="Click Button" owner="SeleniumLibrary">
<msg time="2024-06-07T09:12:52.029555" level="INFO">Clicking button 'id=react-burger-menu-btn'.</msg>
<arg>id=${menu}</arg>
<doc>Clicks the button identified by ``locator``.</doc>
<status status="PASS" start="2024-06-07T09:12:52.029292" elapsed="0.086892"/>
</kw>
<kw name="Wait Until Element Is Visible" owner="SeleniumLibrary">
<arg>id=${logout}</arg>
<doc>Waits until the element ``locator`` is visible.</doc>
<status status="PASS" start="2024-06-07T09:12:52.116412" elapsed="0.268136"/>
</kw>
<kw name="Click Element" owner="SeleniumLibrary">
<msg time="2024-06-07T09:12:52.385187" level="INFO">Clicking element 'id=logout_sidebar_link'.</msg>
<arg>id=${logout}</arg>
<doc>Click the element identified by ``locator``.</doc>
<status status="PASS" start="2024-06-07T09:12:52.384873" elapsed="0.072972"/>
</kw>
<status status="PASS" start="2024-06-07T09:12:51.990449" elapsed="0.467521"/>
</kw>
<kw name="Success messege must appear" owner="logout_common_resource">
<kw name="Page Should Contain" owner="SeleniumLibrary">
<msg time="2024-06-07T09:12:52.480958" level="INFO">Current page contains text 'Accepted usernames are:'.</msg>
<arg>Accepted usernames are:</arg>
<doc>Verifies that current page contains ``text``.</doc>
<status status="PASS" start="2024-06-07T09:12:52.458535" elapsed="0.022531"/>
</kw>
<status status="PASS" start="2024-06-07T09:12:52.458254" elapsed="0.022926"/>
</kw>
<status status="PASS" start="2024-06-07T09:12:47.942046" elapsed="4.539378"/>
</test>
<test id="s1-s3-t2" name="Checking logout functionality of accepted users in firefox" line="16">
<kw name="Open loged in Window in firefox" owner="logedInUserSetup">
<kw name="Open my Browser in firefox" owner="logintest_common_resources">
<kw name="Open Browser" owner="SeleniumLibrary">
<msg time="2024-06-07T09:12:52.483492" level="INFO">Opening browser 'headlessfirefox' to base url 'https://www.saucedemo.com/'.</msg>
<arg>${URL}</arg>
<arg>headlessfirefox</arg>
<doc>Opens a new browser instance to the optional ``url``.</doc>
<status status="PASS" start="2024-06-07T09:12:52.483260" elapsed="3.609865"/>
</kw>
<kw name="Maximize Browser Window" owner="SeleniumLibrary">
<doc>Maximizes current browser window.</doc>
<status status="PASS" start="2024-06-07T09:12:56.093405" elapsed="0.011633"/>
</kw>
<kw name="Set Selenium Implicit Wait" owner="SeleniumLibrary">
<arg>5</arg>
<doc>Sets the implicit wait value used by Selenium.</doc>
<status status="PASS" start="2024-06-07T09:12:56.105286" elapsed="0.006133"/>
</kw>
<status status="PASS" start="2024-06-07T09:12:52.482921" elapsed="3.628853"/>
</kw>
<kw name="Input username" owner="logintest_common_resources">
<kw name="Input Text" owner="SeleniumLibrary">
<msg time="2024-06-07T09:12:56.113016" level="INFO">Typing text 'standard_user' into text field 'id=user-name'.</msg>
<arg>id=user-name</arg>
<arg>${username}</arg>
<doc>Types the given ``text`` into the text field identified by ``locator``.</doc>
<status status="PASS" start="2024-06-07T09:12:56.112549" elapsed="0.155861"/>
</kw>
<arg>standard_user</arg>
<status status="PASS" start="2024-06-07T09:12:56.112114" elapsed="0.156629"/>
</kw>
<kw name="Input pwd" owner="logintest_common_resources">
<kw name="Input Text" owner="SeleniumLibrary">
<msg time="2024-06-07T09:12:56.270645" level="INFO">Typing text 'secret_sauce' into text field 'id=password'.</msg>
<arg>id=password</arg>
<arg>${password}</arg>
<doc>Types the given ``text`` into the text field identified by ``locator``.</doc>
<status status="PASS" start="2024-06-07T09:12:56.269978" elapsed="0.066275"/>
</kw>
<arg>secret_sauce</arg>
<status status="PASS" start="2024-06-07T09:12:56.269285" elapsed="0.067186"/>
</kw>
<kw name="Click login button" owner="logintest_common_resources">
<kw name="Click Button" owner="SeleniumLibrary">
<msg time="2024-06-07T09:12:56.337540" level="INFO">Clicking button 'id=login-button'.</msg>
<arg>id=login-button</arg>
<doc>Clicks the button identified by ``locator``.</doc>
<status status="PASS" start="2024-06-07T09:12:56.337231" elapsed="0.262987"/>
</kw>
<status status="PASS" start="2024-06-07T09:12:56.336859" elapsed="0.263530"/>
</kw>
<kw name="Sleep" owner="BuiltIn">
<msg time="2024-06-07T09:12:58.602299" level="INFO">Slept 2 seconds.</msg>
<arg>2s</arg>
<doc>Pauses the test executed for the given time.</doc>
<status status="PASS" start="2024-06-07T09:12:56.600619" elapsed="2.001861"/>
</kw>
<status status="PASS" start="2024-06-07T09:12:52.482457" elapsed="6.120218"/>
</kw>
<kw name="Click Logout" owner="logout_common_resource">
<kw name="Wait Until Element Is Visible" owner="SeleniumLibrary">
<arg>id=${menu}</arg>
<doc>Waits until the element ``locator`` is visible.</doc>
<status status="PASS" start="2024-06-07T09:12:58.603907" elapsed="0.020240"/>
</kw>
<kw name="Click Button" owner="SeleniumLibrary">
<msg time="2024-06-07T09:12:58.624718" level="INFO">Clicking button 'id=react-burger-menu-btn'.</msg>
<arg>id=${menu}</arg>
<doc>Clicks the button identified by ``locator``.</doc>
<status status="PASS" start="2024-06-07T09:12:58.624403" elapsed="0.229932"/>
</kw>
<kw name="Wait Until Element Is Visible" owner="SeleniumLibrary">
<arg>id=${logout}</arg>
<doc>Waits until the element ``locator`` is visible.</doc>
<status status="PASS" start="2024-06-07T09:12:58.854630" elapsed="0.018484"/>
</kw>
<kw name="Click Element" owner="SeleniumLibrary">
<msg time="2024-06-07T09:12:58.873664" level="INFO">Clicking element 'id=logout_sidebar_link'.</msg>
<arg>id=${logout}</arg>
<doc>Click the element identified by ``locator``.</doc>
<status status="PASS" start="2024-06-07T09:12:58.873359" elapsed="0.241240"/>
</kw>
<status status="PASS" start="2024-06-07T09:12:58.603294" elapsed="0.511479"/>
</kw>
<kw name="Success messege must appear" owner="logout_common_resource">
<kw name="Page Should Contain" owner="SeleniumLibrary">
<msg time="2024-06-07T09:12:59.124259" level="INFO">Current page contains text 'Accepted usernames are:'.</msg>
<arg>Accepted usernames are:</arg>
<doc>Verifies that current page contains ``text``.</doc>
<status status="PASS" start="2024-06-07T09:12:59.115663" elapsed="0.008762"/>
</kw>
<status status="PASS" start="2024-06-07T09:12:59.115239" elapsed="0.009317"/>
</kw>
<status status="PASS" start="2024-06-07T09:12:52.481863" elapsed="6.643054"/>
</test>
<status status="PASS" start="2024-06-07T09:12:47.921539" elapsed="11.203913"/>
</suite>
<suite id="s1-s4" name="tc04 itemMenuSort" source="/tarobot/Tests/prod/tc04_itemMenuSort.robot">
<test id="s1-s4-t1" name="Interact with drop down menu on logedin page Z TO A" line="18">
<kw name="Close Browsers" owner="logintest_common_resources">
<kw name="Close All Browsers" owner="SeleniumLibrary">
<doc>Closes all open browsers and resets the browser cache.</doc>
<status status="PASS" start="2024-06-07T09:12:59.171627" elapsed="0.846394"/>
</kw>
<status status="PASS" start="2024-06-07T09:12:59.170560" elapsed="0.847612"/>
</kw>
<kw name="Set login page ready" owner="dropDown_common_resources">
<kw name="Open loged in Window in chrome" owner="logedInUserSetup">
<kw name="Open my Browser in chrome" owner="logintest_common_resources">
<kw name="Open Browser" owner="SeleniumLibrary">
<msg time="2024-06-07T09:13:00.020127" level="INFO">Opening browser 'headlesschrome' to base url 'https://www.saucedemo.com/'.</msg>
<arg>${URL}</arg>
<arg>headlesschrome</arg>
<doc>Opens a new browser instance to the optional ``url``.</doc>
<status status="PASS" start="2024-06-07T09:13:00.019703" elapsed="1.431646"/>
</kw>
<kw name="Maximize Browser Window" owner="SeleniumLibrary">
<doc>Maximizes current browser window.</doc>
<status status="PASS" start="2024-06-07T09:13:01.451625" elapsed="0.112340"/>
</kw>
<kw name="Set Selenium Implicit Wait" owner="SeleniumLibrary">
<arg>5</arg>
<doc>Sets the implicit wait value used by Selenium.</doc>
<status status="PASS" start="2024-06-07T09:13:01.564216" elapsed="0.001714"/>
</kw>
<status status="PASS" start="2024-06-07T09:13:00.019333" elapsed="1.546711"/>
</kw>
<kw name="Input username" owner="logintest_common_resources">
<kw name="Input Text" owner="SeleniumLibrary">
<msg time="2024-06-07T09:13:01.566882" level="INFO">Typing text 'standard_user' into text field 'id=user-name'.</msg>
<arg>id=user-name</arg>
<arg>${username}</arg>
<doc>Types the given ``text`` into the text field identified by ``locator``.</doc>
<status status="PASS" start="2024-06-07T09:13:01.566597" elapsed="0.183092"/>
</kw>
<arg>standard_user</arg>
<status status="PASS" start="2024-06-07T09:13:01.566253" elapsed="0.183655"/>
</kw>
<kw name="Input pwd" owner="logintest_common_resources">
<kw name="Input Text" owner="SeleniumLibrary">
<msg time="2024-06-07T09:13:01.751006" level="INFO">Typing text 'secret_sauce' into text field 'id=password'.</msg>
<arg>id=password</arg>
<arg>${password}</arg>
<doc>Types the given ``text`` into the text field identified by ``locator``.</doc>
<status status="PASS" start="2024-06-07T09:13:01.750721" elapsed="0.128262"/>
</kw>
<arg>secret_sauce</arg>
<status status="PASS" start="2024-06-07T09:13:01.750131" elapsed="0.128975"/>
</kw>
<kw name="Click login button" owner="logintest_common_resources">
<kw name="Click Button" owner="SeleniumLibrary">
<msg time="2024-06-07T09:13:01.879804" level="INFO">Clicking button 'id=login-button'.</msg>
<arg>id=login-button</arg>
<doc>Clicks the button identified by ``locator``.</doc>
<status status="PASS" start="2024-06-07T09:13:01.879599" elapsed="0.123213"/>
</kw>
<status status="PASS" start="2024-06-07T09:13:01.879310" elapsed="0.123632"/>
</kw>
<kw name="Sleep" owner="BuiltIn">
<msg time="2024-06-07T09:13:04.003827" level="INFO">Slept 2 seconds.</msg>
<arg>2s</arg>
<doc>Pauses the test executed for the given time.</doc>
<status status="PASS" start="2024-06-07T09:13:02.003117" elapsed="2.000842"/>
</kw>
<status status="PASS" start="2024-06-07T09:13:00.018981" elapsed="3.985121"/>
</kw>
<status status="PASS" start="2024-06-07T09:13:00.018518" elapsed="3.985671"/>
</kw>
<kw name="Wait for page to appear" owner="dropDown_common_resources">
<kw name="Sleep" owner="BuiltIn">
<msg time="2024-06-07T09:13:05.006193" level="INFO">Slept 1 second.</msg>
<arg>1s</arg>
<doc>Pauses the test executed for the given time.</doc>
<status status="PASS" start="2024-06-07T09:13:04.005203" elapsed="1.001268"/>
</kw>
<status status="PASS" start="2024-06-07T09:13:04.004542" elapsed="1.002306"/>
</kw>
<kw name="Sort products from Z to A" owner="dropDown_common_resources">
<kw name="Select From List By Value" owner="SeleniumLibrary">
<msg time="2024-06-07T09:13:05.008353" level="INFO">Selecting options from selection list 'css:.product_sort_container' by value za.</msg>
<arg>css:.product_sort_container</arg>
<arg>za</arg>
<doc>Selects options from selection list ``locator`` by ``values``.</doc>
<status status="PASS" start="2024-06-07T09:13:05.008011" elapsed="0.147645"/>
</kw>
<status status="PASS" start="2024-06-07T09:13:05.007368" elapsed="0.148486"/>
</kw>
<kw name="Get price and name details to nameprice.csv file" owner="dropDown_common_resources">
<kw name="Create File" owner="OperatingSystem">
<msg time="2024-06-07T09:13:05.157017" level="INFO" html="true">Created file '&lt;a href="file:///tarobot/elements.csv"&gt;/tarobot/elements.csv&lt;/a&gt;'.</msg>
<arg>${file1}</arg>
<doc>Creates a file with the given content and encoding.</doc>
<status status="PASS" start="2024-06-07T09:13:05.156601" elapsed="0.000484"/>
</kw>
<kw name="Get WebElements" owner="SeleniumLibrary">
<msg time="2024-06-07T09:13:05.172433" level="INFO">@{elements} = [ &lt;selenium.webdriver.remote.webelement.WebElement (session="b99abcd525613e672cce37b3d36ccce0", element="AB428A884B3D8C67D2AD919B43B2A44C_element_44")&gt; | &lt;selenium.webdriver.remote.webelement.WebEleme...</msg>
<var>@{elements}</var>
<arg>css:.inventory_item_name</arg>
<doc>Returns a list of WebElement objects matching the ``locator``.</doc>
<status status="PASS" start="2024-06-07T09:13:05.157251" elapsed="0.015231"/>
</kw>
<for flavor="IN">
<iter>
<kw name="Append To File" owner="OperatingSystem">
<msg time="2024-06-07T09:13:05.194981" level="INFO" html="true">Appended to file '&lt;a href="file:///tarobot/elements.csv"&gt;/tarobot/elements.csv&lt;/a&gt;'.</msg>
<arg>${file1}</arg>
<arg>${element.text}\n</arg>
<doc>Appends the given content to the specified file.</doc>
<status status="PASS" start="2024-06-07T09:13:05.173018" elapsed="0.022085"/>
</kw>
<var name="${element}">&lt;selenium.webdriver.remote.webelement.WebElement (session="b99abcd525613e672cce37b3d36ccce0", element="AB428A884B3D8C67D2AD919B43B2A44C_element_44")&gt;</var>
<status status="PASS" start="2024-06-07T09:13:05.172859" elapsed="0.022335"/>
</iter>
<iter>
<kw name="Append To File" owner="OperatingSystem">
<msg time="2024-06-07T09:13:05.211894" level="INFO" html="true">Appended to file '&lt;a href="file:///tarobot/elements.csv"&gt;/tarobot/elements.csv&lt;/a&gt;'.</msg>
<arg>${file1}</arg>
<arg>${element.text}\n</arg>
<doc>Appends the given content to the specified file.</doc>
<status status="PASS" start="2024-06-07T09:13:05.195572" elapsed="0.016416"/>
</kw>
<var name="${element}">&lt;selenium.webdriver.remote.webelement.WebElement (session="b99abcd525613e672cce37b3d36ccce0", element="AB428A884B3D8C67D2AD919B43B2A44C_element_46")&gt;</var>
<status status="PASS" start="2024-06-07T09:13:05.195394" elapsed="0.016683"/>
</iter>
<iter>
<kw name="Append To File" owner="OperatingSystem">
<msg time="2024-06-07T09:13:05.227874" level="INFO" html="true">Appended to file '&lt;a href="file:///tarobot/elements.csv"&gt;/tarobot/elements.csv&lt;/a&gt;'.</msg>
<arg>${file1}</arg>
<arg>${element.text}\n</arg>
<doc>Appends the given content to the specified file.</doc>
<status status="PASS" start="2024-06-07T09:13:05.212449" elapsed="0.015507"/>
</kw>
<var name="${element}">&lt;selenium.webdriver.remote.webelement.WebElement (session="b99abcd525613e672cce37b3d36ccce0", element="AB428A884B3D8C67D2AD919B43B2A44C_element_47")&gt;</var>
<status status="PASS" start="2024-06-07T09:13:05.212273" elapsed="0.015759"/>
</iter>
<iter>
<kw name="Append To File" owner="OperatingSystem">
<msg time="2024-06-07T09:13:05.243567" level="INFO" html="true">Appended to file '&lt;a href="file:///tarobot/elements.csv"&gt;/tarobot/elements.csv&lt;/a&gt;'.</msg>
<arg>${file1}</arg>
<arg>${element.text}\n</arg>
<doc>Appends the given content to the specified file.</doc>
<status status="PASS" start="2024-06-07T09:13:05.228374" elapsed="0.015273"/>
</kw>
<var name="${element}">&lt;selenium.webdriver.remote.webelement.WebElement (session="b99abcd525613e672cce37b3d36ccce0", element="AB428A884B3D8C67D2AD919B43B2A44C_element_48")&gt;</var>
<status status="PASS" start="2024-06-07T09:13:05.228216" elapsed="0.015580"/>
</iter>
<iter>
<kw name="Append To File" owner="OperatingSystem">
<msg time="2024-06-07T09:13:05.258519" level="INFO" html="true">Appended to file '&lt;a href="file:///tarobot/elements.csv"&gt;/tarobot/elements.csv&lt;/a&gt;'.</msg>
<arg>${file1}</arg>
<arg>${element.text}\n</arg>
<doc>Appends the given content to the specified file.</doc>
<status status="PASS" start="2024-06-07T09:13:05.244121" elapsed="0.015062"/>
</kw>
<var name="${element}">&lt;selenium.webdriver.remote.webelement.WebElement (session="b99abcd525613e672cce37b3d36ccce0", element="AB428A884B3D8C67D2AD919B43B2A44C_element_49")&gt;</var>
<status status="PASS" start="2024-06-07T09:13:05.243957" elapsed="0.015309"/>
</iter>
<iter>
<kw name="Append To File" owner="OperatingSystem">
<msg time="2024-06-07T09:13:05.271168" level="INFO" html="true">Appended to file '&lt;a href="file:///tarobot/elements.csv"&gt;/tarobot/elements.csv&lt;/a&gt;'.</msg>
<arg>${file1}</arg>
<arg>${element.text}\n</arg>
<doc>Appends the given content to the specified file.</doc>
<status status="PASS" start="2024-06-07T09:13:05.259574" elapsed="0.011669"/>
</kw>
<var name="${element}">&lt;selenium.webdriver.remote.webelement.WebElement (session="b99abcd525613e672cce37b3d36ccce0", element="AB428A884B3D8C67D2AD919B43B2A44C_element_50")&gt;</var>
<status status="PASS" start="2024-06-07T09:13:05.259423" elapsed="0.011891"/>
</iter>
<var>${element}</var>
<value>@{elements}</value>
<status status="PASS" start="2024-06-07T09:13:05.172596" elapsed="0.098781"/>
</for>
<kw name="Create File" owner="OperatingSystem">
<msg time="2024-06-07T09:13:05.271803" level="INFO" html="true">Created file '&lt;a href="file:///tarobot/prices.csv"&gt;/tarobot/prices.csv&lt;/a&gt;'.</msg>
<arg>${file2}</arg>
<doc>Creates a file with the given content and encoding.</doc>
<status status="PASS" start="2024-06-07T09:13:05.271568" elapsed="0.000353"/>
</kw>
<kw name="Get WebElements" owner="SeleniumLibrary">
<msg time="2024-06-07T09:13:05.285525" level="INFO">@{prices} = [ &lt;selenium.webdriver.remote.webelement.WebElement (session="b99abcd525613e672cce37b3d36ccce0", element="AB428A884B3D8C67D2AD919B43B2A44C_element_51")&gt; | &lt;selenium.webdriver.remote.webelement.WebEleme...</msg>
<var>@{prices}</var>
<arg>css:.inventory_item_price</arg>
<doc>Returns a list of WebElement objects matching the ``locator``.</doc>
<status status="PASS" start="2024-06-07T09:13:05.272067" elapsed="0.013505"/>
</kw>
<for flavor="IN">
<iter>
<kw name="Append To File" owner="OperatingSystem">
<msg time="2024-06-07T09:13:05.298390" level="INFO" html="true">Appended to file '&lt;a href="file:///tarobot/prices.csv"&gt;/tarobot/prices.csv&lt;/a&gt;'.</msg>
<arg>${file2}</arg>
<arg>${price.text}\n</arg>
<doc>Appends the given content to the specified file.</doc>
<status status="PASS" start="2024-06-07T09:13:05.286055" elapsed="0.012408"/>
</kw>
<var name="${price}">&lt;selenium.webdriver.remote.webelement.WebElement (session="b99abcd525613e672cce37b3d36ccce0", element="AB428A884B3D8C67D2AD919B43B2A44C_element_51")&gt;</var>
<status status="PASS" start="2024-06-07T09:13:05.285911" elapsed="0.012623"/>
</iter>
<iter>
<kw name="Append To File" owner="OperatingSystem">
<msg time="2024-06-07T09:13:05.311157" level="INFO" html="true">Appended to file '&lt;a href="file:///tarobot/prices.csv"&gt;/tarobot/prices.csv&lt;/a&gt;'.</msg>
<arg>${file2}</arg>
<arg>${price.text}\n</arg>
<doc>Appends the given content to the specified file.</doc>
<status status="PASS" start="2024-06-07T09:13:05.298878" elapsed="0.012352"/>
</kw>
<var name="${price}">&lt;selenium.webdriver.remote.webelement.WebElement (session="b99abcd525613e672cce37b3d36ccce0", element="AB428A884B3D8C67D2AD919B43B2A44C_element_52")&gt;</var>
<status status="PASS" start="2024-06-07T09:13:05.298676" elapsed="0.012623"/>
</iter>
<iter>
<kw name="Append To File" owner="OperatingSystem">
<msg time="2024-06-07T09:13:05.323444" level="INFO" html="true">Appended to file '&lt;a href="file:///tarobot/prices.csv"&gt;/tarobot/prices.csv&lt;/a&gt;'.</msg>
<arg>${file2}</arg>
<arg>${price.text}\n</arg>
<doc>Appends the given content to the specified file.</doc>
<status status="PASS" start="2024-06-07T09:13:05.311579" elapsed="0.011938"/>
</kw>
<var name="${price}">&lt;selenium.webdriver.remote.webelement.WebElement (session="b99abcd525613e672cce37b3d36ccce0", element="AB428A884B3D8C67D2AD919B43B2A44C_element_53")&gt;</var>
<status status="PASS" start="2024-06-07T09:13:05.311440" elapsed="0.012148"/>
</iter>
<iter>
<kw name="Append To File" owner="OperatingSystem">
<msg time="2024-06-07T09:13:05.335794" level="INFO" html="true">Appended to file '&lt;a href="file:///tarobot/prices.csv"&gt;/tarobot/prices.csv&lt;/a&gt;'.</msg>
<arg>${file2}</arg>
<arg>${price.text}\n</arg>
<doc>Appends the given content to the specified file.</doc>
<status status="PASS" start="2024-06-07T09:13:05.323934" elapsed="0.011986"/>
</kw>
<var name="${price}">&lt;selenium.webdriver.remote.webelement.WebElement (session="b99abcd525613e672cce37b3d36ccce0", element="AB428A884B3D8C67D2AD919B43B2A44C_element_54")&gt;</var>
<status status="PASS" start="2024-06-07T09:13:05.323730" elapsed="0.012267"/>
</iter>
<iter>
<kw name="Append To File" owner="OperatingSystem">
<msg time="2024-06-07T09:13:05.348602" level="INFO" html="true">Appended to file '&lt;a href="file:///tarobot/prices.csv"&gt;/tarobot/prices.csv&lt;/a&gt;'.</msg>
<arg>${file2}</arg>
<arg>${price.text}\n</arg>
<doc>Appends the given content to the specified file.</doc>
<status status="PASS" start="2024-06-07T09:13:05.336277" elapsed="0.012397"/>
</kw>
<var name="${price}">&lt;selenium.webdriver.remote.webelement.WebElement (session="b99abcd525613e672cce37b3d36ccce0", element="AB428A884B3D8C67D2AD919B43B2A44C_element_55")&gt;</var>
<status status="PASS" start="2024-06-07T09:13:05.336139" elapsed="0.012604"/>
</iter>
<iter>
<kw name="Append To File" owner="OperatingSystem">
<msg time="2024-06-07T09:13:05.361530" level="INFO" html="true">Appended to file '&lt;a href="file:///tarobot/prices.csv"&gt;/tarobot/prices.csv&lt;/a&gt;'.</msg>
<arg>${file2}</arg>
<arg>${price.text}\n</arg>
<doc>Appends the given content to the specified file.</doc>
<status status="PASS" start="2024-06-07T09:13:05.349065" elapsed="0.012538"/>
</kw>
<var name="${price}">&lt;selenium.webdriver.remote.webelement.WebElement (session="b99abcd525613e672cce37b3d36ccce0", element="AB428A884B3D8C67D2AD919B43B2A44C_element_56")&gt;</var>
<status status="PASS" start="2024-06-07T09:13:05.348925" elapsed="0.012746"/>
</iter>
<var>${price}</var>
<value>@{prices}</value>
<status status="PASS" start="2024-06-07T09:13:05.285673" elapsed="0.076057"/>
</for>
<kw name="Create File" owner="OperatingSystem">
<msg time="2024-06-07T09:13:05.362260" level="INFO" html="true">Created file '&lt;a href="file:///tarobot/nameprice.csv"&gt;/tarobot/nameprice.csv&lt;/a&gt;'.</msg>
<arg>${combinedfile}</arg>
<doc>Creates a file with the given content and encoding.</doc>
<status status="PASS" start="2024-06-07T09:13:05.361979" elapsed="0.000333"/>
</kw>
<kw name="Combine Csv Files" owner="python_common_modules">
<arg>${file1}</arg>
<arg>${file2}</arg>
<arg>${combinedfile}</arg>
<status status="PASS" start="2024-06-07T09:13:05.362436" elapsed="0.004210"/>
</kw>
<kw name="Remove File" owner="OperatingSystem">
<msg time="2024-06-07T09:13:05.367040" level="INFO" html="true">Removed file '&lt;a href="file:///tarobot/elements.csv"&gt;/tarobot/elements.csv&lt;/a&gt;'.</msg>
<arg>${file1}</arg>
<doc>Removes a file with the given path.</doc>
<status status="PASS" start="2024-06-07T09:13:05.366846" elapsed="0.000248"/>
</kw>
<kw name="Remove File" owner="OperatingSystem">
<msg time="2024-06-07T09:13:05.367382" level="INFO" html="true">Removed file '&lt;a href="file:///tarobot/prices.csv"&gt;/tarobot/prices.csv&lt;/a&gt;'.</msg>
<arg>${file2}</arg>
<doc>Removes a file with the given path.</doc>
<status status="PASS" start="2024-06-07T09:13:05.367223" elapsed="0.000210"/>
</kw>
<status status="PASS" start="2024-06-07T09:13:05.156299" elapsed="0.211208"/>
</kw>
<kw name="Match item nameprice.csv file with expected data">
<kw name="Match Data" owner="python_common_modules">
<msg time="2024-06-07T09:13:05.377843" level="INFO">('name', 0, 'price', 1)</msg>
<msg time="2024-06-07T09:13:05.378769" level="INFO">${truth_value} = True</msg>
<var>${truth_value}</var>
<arg>${num}</arg>
<status status="PASS" start="2024-06-07T09:13:05.368081" elapsed="0.010732"/>
</kw>
<kw name="Log" owner="BuiltIn">
<msg time="2024-06-07T09:13:05.379264" level="INFO">True</msg>
<arg>${truth_value}</arg>
<doc>Logs the given message with the given level.</doc>
<status status="PASS" start="2024-06-07T09:13:05.379071" elapsed="0.000247"/>
</kw>
<kw name="Get Message" owner="python_common_modules">
<msg time="2024-06-07T09:13:05.379637" level="INFO">${messege} = Success: Test passed - Items are correctly displayed!</msg>
<var>${messege}</var>
<arg>${truth_value}</arg>
<status status="PASS" start="2024-06-07T09:13:05.379462" elapsed="0.000205"/>
</kw>
<kw name="Log" owner="BuiltIn">
<msg time="2024-06-07T09:13:05.380002" level="INFO">Success: Test passed - Items are correctly displayed!</msg>
<arg>${messege}</arg>
<doc>Logs the given message with the given level.</doc>
<status status="PASS" start="2024-06-07T09:13:05.379860" elapsed="0.000204"/>
</kw>
<kw name="Remove File" owner="OperatingSystem">
<msg time="2024-06-07T09:13:05.380443" level="INFO" html="true">Removed file '&lt;a href="file:///tarobot/nameprice.csv"&gt;/tarobot/nameprice.csv&lt;/a&gt;'.</msg>
<arg>${file}</arg>
<doc>Removes a file with the given path.</doc>
<status status="PASS" start="2024-06-07T09:13:05.380210" elapsed="0.000295"/>
</kw>
<kw name="Run Keyword If" owner="BuiltIn">
<arg>'Fail' in '''${messege}'''</arg>
<arg>Fail</arg>
<arg>The test should not indicate success</arg>
<doc>Runs the given keyword with the given arguments, if ``condition`` is true.</doc>
<status status="PASS" start="2024-06-07T09:13:05.380679" elapsed="0.000273"/>
</kw>
<arg>2</arg>
<doc>Enter 1:A2Z 2:Z2A 3:LowPrice2HighPrice 4:HighPrice2LowPrice</doc>
<status status="PASS" start="2024-06-07T09:13:05.367808" elapsed="0.013258"/>
</kw>
<kw name="Close Browsers" owner="logintest_common_resources">
<kw name="Close All Browsers" owner="SeleniumLibrary">
<doc>Closes all open browsers and resets the browser cache.</doc>
<status status="PASS" start="2024-06-07T09:13:05.381643" elapsed="0.065327"/>
</kw>
<status status="PASS" start="2024-06-07T09:13:05.381347" elapsed="0.065785"/>
</kw>
<status status="PASS" start="2024-06-07T09:12:59.169570" elapsed="6.277922"/>
</test>
<test id="s1-s4-t2" name="Interact with drop down menu on logedin page A TO Z" line="27">
<kw name="Set login page ready" owner="dropDown_common_resources">
<kw name="Open loged in Window in chrome" owner="logedInUserSetup">
<kw name="Open my Browser in chrome" owner="logintest_common_resources">
<kw name="Open Browser" owner="SeleniumLibrary">
<msg time="2024-06-07T09:13:05.451571" level="INFO">Opening browser 'headlesschrome' to base url 'https://www.saucedemo.com/'.</msg>
<arg>${URL}</arg>
<arg>headlesschrome</arg>
<doc>Opens a new browser instance to the optional ``url``.</doc>
<status status="PASS" start="2024-06-07T09:13:05.451291" elapsed="1.402004"/>
</kw>
<kw name="Maximize Browser Window" owner="SeleniumLibrary">
<doc>Maximizes current browser window.</doc>
<status status="PASS" start="2024-06-07T09:13:06.853585" elapsed="0.110972"/>
</kw>
<kw name="Set Selenium Implicit Wait" owner="SeleniumLibrary">
<arg>5</arg>
<doc>Sets the implicit wait value used by Selenium.</doc>
<status status="PASS" start="2024-06-07T09:13:06.964915" elapsed="0.001677"/>
</kw>
<status status="PASS" start="2024-06-07T09:13:05.450594" elapsed="1.516111"/>
</kw>
<kw name="Input username" owner="logintest_common_resources">
<kw name="Input Text" owner="SeleniumLibrary">
<msg time="2024-06-07T09:13:06.967592" level="INFO">Typing text 'standard_user' into text field 'id=user-name'.</msg>
<arg>id=user-name</arg>
<arg>${username}</arg>
<doc>Types the given ``text`` into the text field identified by ``locator``.</doc>
<status status="PASS" start="2024-06-07T09:13:06.967346" elapsed="0.174500"/>
</kw>
<arg>standard_user</arg>
<status status="PASS" start="2024-06-07T09:13:06.966982" elapsed="0.174989"/>
</kw>
<kw name="Input pwd" owner="logintest_common_resources">
<kw name="Input Text" owner="SeleniumLibrary">
<msg time="2024-06-07T09:13:07.142679" level="INFO">Typing text 'secret_sauce' into text field 'id=password'.</msg>
<arg>id=password</arg>
<arg>${password}</arg>
<doc>Types the given ``text`` into the text field identified by ``locator``.</doc>
<status status="PASS" start="2024-06-07T09:13:07.142478" elapsed="0.119370"/>
</kw>
<arg>secret_sauce</arg>
<status status="PASS" start="2024-06-07T09:13:07.142171" elapsed="0.119817"/>
</kw>
<kw name="Click login button" owner="logintest_common_resources">
<kw name="Click Button" owner="SeleniumLibrary">
<msg time="2024-06-07T09:13:07.262624" level="INFO">Clicking button 'id=login-button'.</msg>
<arg>id=login-button</arg>
<doc>Clicks the button identified by ``locator``.</doc>
<status status="PASS" start="2024-06-07T09:13:07.262457" elapsed="0.124013"/>
</kw>
<status status="PASS" start="2024-06-07T09:13:07.262177" elapsed="0.124417"/>
</kw>
<kw name="Sleep" owner="BuiltIn">
<msg time="2024-06-07T09:13:09.388335" level="INFO">Slept 2 seconds.</msg>
<arg>2s</arg>
<doc>Pauses the test executed for the given time.</doc>
<status status="PASS" start="2024-06-07T09:13:07.386768" elapsed="2.001820"/>
</kw>
<status status="PASS" start="2024-06-07T09:13:05.450201" elapsed="3.938751"/>
</kw>
<status status="PASS" start="2024-06-07T09:13:05.449227" elapsed="3.939862"/>
</kw>
<kw name="Wait for page to appear" owner="dropDown_common_resources">
<kw name="Sleep" owner="BuiltIn">
<msg time="2024-06-07T09:13:10.391362" level="INFO">Slept 1 second.</msg>
<arg>1s</arg>
<doc>Pauses the test executed for the given time.</doc>
<status status="PASS" start="2024-06-07T09:13:09.390216" elapsed="1.001331"/>
</kw>
<status status="PASS" start="2024-06-07T09:13:09.389603" elapsed="1.002136"/>
</kw>
<kw name="Sort products from A to Z" owner="dropDown_common_resources">
<kw name="Select From List By Value" owner="SeleniumLibrary">
<msg time="2024-06-07T09:13:10.393546" level="INFO">Selecting options from selection list 'css:.product_sort_container' by value az.</msg>
<arg>css:.product_sort_container</arg>
<arg>az</arg>
<doc>Selects options from selection list ``locator`` by ``values``.</doc>
<status status="PASS" start="2024-06-07T09:13:10.393196" elapsed="0.089870"/>
</kw>
<status status="PASS" start="2024-06-07T09:13:10.392472" elapsed="0.090754"/>
</kw>
<kw name="Get price and name details to nameprice.csv file" owner="dropDown_common_resources">
<kw name="Create File" owner="OperatingSystem">
<msg time="2024-06-07T09:13:10.484780" level="INFO" html="true">Created file '&lt;a href="file:///tarobot/elements.csv"&gt;/tarobot/elements.csv&lt;/a&gt;'.</msg>
<arg>${file1}</arg>
<doc>Creates a file with the given content and encoding.</doc>
<status status="PASS" start="2024-06-07T09:13:10.484312" elapsed="0.000559"/>
</kw>
<kw name="Get WebElements" owner="SeleniumLibrary">
<msg time="2024-06-07T09:13:10.503912" level="INFO">@{elements} = [ &lt;selenium.webdriver.remote.webelement.WebElement (session="7ef737616247e6aae6be852429a35d2b", element="8FCB4D7CE974196EAD259FECF4B1B56D_element_43")&gt; | &lt;selenium.webdriver.remote.webelement.WebEleme...</msg>
<var>@{elements}</var>
<arg>css:.inventory_item_name</arg>
<doc>Returns a list of WebElement objects matching the ``locator``.</doc>
<status status="PASS" start="2024-06-07T09:13:10.485058" elapsed="0.018913"/>
</kw>
<for flavor="IN">
<iter>
<kw name="Append To File" owner="OperatingSystem">
<msg time="2024-06-07T09:13:10.528053" level="INFO" html="true">Appended to file '&lt;a href="file:///tarobot/elements.csv"&gt;/tarobot/elements.csv&lt;/a&gt;'.</msg>
<arg>${file1}</arg>
<arg>${element.text}\n</arg>
<doc>Appends the given content to the specified file.</doc>
<status status="PASS" start="2024-06-07T09:13:10.504488" elapsed="0.023674"/>
</kw>
<var name="${element}">&lt;selenium.webdriver.remote.webelement.WebElement (session="7ef737616247e6aae6be852429a35d2b", element="8FCB4D7CE974196EAD259FECF4B1B56D_element_43")&gt;</var>
<status status="PASS" start="2024-06-07T09:13:10.504306" elapsed="0.023946"/>
</iter>
<iter>
<kw name="Append To File" owner="OperatingSystem">
<msg time="2024-06-07T09:13:10.545700" level="INFO" html="true">Appended to file '&lt;a href="file:///tarobot/elements.csv"&gt;/tarobot/elements.csv&lt;/a&gt;'.</msg>
<arg>${file1}</arg>
<arg>${element.text}\n</arg>
<doc>Appends the given content to the specified file.</doc>
<status status="PASS" start="2024-06-07T09:13:10.529384" elapsed="0.016481"/>
</kw>
<var name="${element}">&lt;selenium.webdriver.remote.webelement.WebElement (session="7ef737616247e6aae6be852429a35d2b", element="8FCB4D7CE974196EAD259FECF4B1B56D_element_44")&gt;</var>
<status status="PASS" start="2024-06-07T09:13:10.529190" elapsed="0.016770"/>
</iter>
<iter>
<kw name="Append To File" owner="OperatingSystem">
<msg time="2024-06-07T09:13:10.562087" level="INFO" html="true">Appended to file '&lt;a href="file:///tarobot/elements.csv"&gt;/tarobot/elements.csv&lt;/a&gt;'.</msg>
<arg>${file1}</arg>
<arg>${element.text}\n</arg>
<doc>Appends the given content to the specified file.</doc>
<status status="PASS" start="2024-06-07T09:13:10.546316" elapsed="0.015863"/>
</kw>
<var name="${element}">&lt;selenium.webdriver.remote.webelement.WebElement (session="7ef737616247e6aae6be852429a35d2b", element="8FCB4D7CE974196EAD259FECF4B1B56D_element_45")&gt;</var>
<status status="PASS" start="2024-06-07T09:13:10.546139" elapsed="0.016128"/>
</iter>
<iter>
<kw name="Append To File" owner="OperatingSystem">
<msg time="2024-06-07T09:13:10.578033" level="INFO" html="true">Appended to file '&lt;a href="file:///tarobot/elements.csv"&gt;/tarobot/elements.csv&lt;/a&gt;'.</msg>
<arg>${file1}</arg>
<arg>${element.text}\n</arg>
<doc>Appends the given content to the specified file.</doc>
<status status="PASS" start="2024-06-07T09:13:10.562611" elapsed="0.015515"/>
</kw>
<var name="${element}">&lt;selenium.webdriver.remote.webelement.WebElement (session="7ef737616247e6aae6be852429a35d2b", element="8FCB4D7CE974196EAD259FECF4B1B56D_element_46")&gt;</var>
<status status="PASS" start="2024-06-07T09:13:10.562440" elapsed="0.015776"/>
</iter>
<iter>
<kw name="Append To File" owner="OperatingSystem">
<msg time="2024-06-07T09:13:10.593223" level="INFO" html="true">Appended to file '&lt;a href="file:///tarobot/elements.csv"&gt;/tarobot/elements.csv&lt;/a&gt;'.</msg>
<arg>${file1}</arg>
<arg>${element.text}\n</arg>
<doc>Appends the given content to the specified file.</doc>
<status status="PASS" start="2024-06-07T09:13:10.578572" elapsed="0.014735"/>
</kw>
<var name="${element}">&lt;selenium.webdriver.remote.webelement.WebElement (session="7ef737616247e6aae6be852429a35d2b", element="8FCB4D7CE974196EAD259FECF4B1B56D_element_47")&gt;</var>
<status status="PASS" start="2024-06-07T09:13:10.578397" elapsed="0.014987"/>
</iter>
<iter>
<kw name="Append To File" owner="OperatingSystem">
<msg time="2024-06-07T09:13:10.607741" level="INFO" html="true">Appended to file '&lt;a href="file:///tarobot/elements.csv"&gt;/tarobot/elements.csv&lt;/a&gt;'.</msg>
<arg>${file1}</arg>
<arg>${element.text}\n</arg>
<doc>Appends the given content to the specified file.</doc>
<status status="PASS" start="2024-06-07T09:13:10.593674" elapsed="0.014204"/>
</kw>
<var name="${element}">&lt;selenium.webdriver.remote.webelement.WebElement (session="7ef737616247e6aae6be852429a35d2b", element="8FCB4D7CE974196EAD259FECF4B1B56D_element_48")&gt;</var>
<status status="PASS" start="2024-06-07T09:13:10.593530" elapsed="0.014422"/>
</iter>
<var>${element}</var>
<value>@{elements}</value>
<status status="PASS" start="2024-06-07T09:13:10.504098" elapsed="0.103933"/>
</for>
<kw name="Create File" owner="OperatingSystem">
<msg time="2024-06-07T09:13:10.608476" level="INFO" html="true">Created file '&lt;a href="file:///tarobot/prices.csv"&gt;/tarobot/prices.csv&lt;/a&gt;'.</msg>
<arg>${file2}</arg>
<doc>Creates a file with the given content and encoding.</doc>
<status status="PASS" start="2024-06-07T09:13:10.608228" elapsed="0.000303"/>
</kw>
<kw name="Get WebElements" owner="SeleniumLibrary">
<msg time="2024-06-07T09:13:10.623293" level="INFO">@{prices} = [ &lt;selenium.webdriver.remote.webelement.WebElement (session="7ef737616247e6aae6be852429a35d2b", element="8FCB4D7CE974196EAD259FECF4B1B56D_element_49")&gt; | &lt;selenium.webdriver.remote.webelement.WebEleme...</msg>
<var>@{prices}</var>
<arg>css:.inventory_item_price</arg>
<doc>Returns a list of WebElement objects matching the ``locator``.</doc>
<status status="PASS" start="2024-06-07T09:13:10.608673" elapsed="0.014668"/>
</kw>
<for flavor="IN">
<iter>
<kw name="Append To File" owner="OperatingSystem">
<msg time="2024-06-07T09:13:10.636397" level="INFO" html="true">Appended to file '&lt;a href="file:///tarobot/prices.csv"&gt;/tarobot/prices.csv&lt;/a&gt;'.</msg>
<arg>${file2}</arg>
<arg>${price.text}\n</arg>
<doc>Appends the given content to the specified file.</doc>
<status status="PASS" start="2024-06-07T09:13:10.623787" elapsed="0.012683"/>
</kw>
<var name="${price}">&lt;selenium.webdriver.remote.webelement.WebElement (session="7ef737616247e6aae6be852429a35d2b", element="8FCB4D7CE974196EAD259FECF4B1B56D_element_49")&gt;</var>
<status status="PASS" start="2024-06-07T09:13:10.623594" elapsed="0.012946"/>
</iter>
<iter>
<kw name="Append To File" owner="OperatingSystem">
<msg time="2024-06-07T09:13:10.648640" level="INFO" html="true">Appended to file '&lt;a href="file:///tarobot/prices.csv"&gt;/tarobot/prices.csv&lt;/a&gt;'.</msg>
<arg>${file2}</arg>
<arg>${price.text}\n</arg>
<doc>Appends the given content to the specified file.</doc>
<status status="PASS" start="2024-06-07T09:13:10.636871" elapsed="0.011840"/>
</kw>
<var name="${price}">&lt;selenium.webdriver.remote.webelement.WebElement (session="7ef737616247e6aae6be852429a35d2b", element="8FCB4D7CE974196EAD259FECF4B1B56D_element_50")&gt;</var>
<status status="PASS" start="2024-06-07T09:13:10.636678" elapsed="0.012153"/>
</iter>
<iter>
<kw name="Append To File" owner="OperatingSystem">
<msg time="2024-06-07T09:13:10.660689" level="INFO" html="true">Appended to file '&lt;a href="file:///tarobot/prices.csv"&gt;/tarobot/prices.csv&lt;/a&gt;'.</msg>
<arg>${file2}</arg>
<arg>${price.text}\n</arg>
<doc>Appends the given content to the specified file.</doc>
<status status="PASS" start="2024-06-07T09:13:10.649111" elapsed="0.011684"/>
</kw>
[...]
<arg>id=user-name</arg>
<arg>${username}</arg>
<doc>Types the given ``text`` into the text field identified by ``locator``.</doc>
<status status="PASS" start="2024-06-07T09:13:48.077562" elapsed="0.189791"/>
</kw>
<arg>standard_user</arg>
<status status="PASS" start="2024-06-07T09:13:48.077268" elapsed="0.190209"/>
</kw>
<kw name="Input pwd" owner="logintest_common_resources">
<kw name="Input Text" owner="SeleniumLibrary">
<msg time="2024-06-07T09:13:48.268225" level="INFO">Typing text 'secret_sauce' into text field 'id=password'.</msg>
<arg>id=password</arg>
<arg>${password}</arg>
<doc>Types the given ``text`` into the text field identified by ``locator``.</doc>
<status status="PASS" start="2024-06-07T09:13:48.267964" elapsed="0.116398"/>
</kw>
<arg>secret_sauce</arg>
<status status="PASS" start="2024-06-07T09:13:48.267662" elapsed="0.116827"/>
</kw>
<kw name="Click login button" owner="logintest_common_resources">
<kw name="Click Button" owner="SeleniumLibrary">
<msg time="2024-06-07T09:13:48.385213" level="INFO">Clicking button 'id=login-button'.</msg>
<arg>id=login-button</arg>
<doc>Clicks the button identified by ``locator``.</doc>
<status status="PASS" start="2024-06-07T09:13:48.384982" elapsed="0.124473"/>
</kw>
<status status="PASS" start="2024-06-07T09:13:48.384694" elapsed="0.124889"/>
</kw>
<kw name="Sleep" owner="BuiltIn">
<msg time="2024-06-07T09:13:50.510433" level="INFO">Slept 2 seconds.</msg>
<arg>2s</arg>
<doc>Pauses the test executed for the given time.</doc>
<status status="PASS" start="2024-06-07T09:13:48.509752" elapsed="2.000817"/>
</kw>
<status status="PASS" start="2024-06-07T09:13:46.525558" elapsed="3.985149"/>
</kw>
<status status="PASS" start="2024-06-07T09:13:46.525081" elapsed="3.985713"/>
</kw>
<kw name="Reset shopping cart" owner="logedInUserSetup">
<kw name="Sleep" owner="BuiltIn">
<msg time="2024-06-07T09:13:52.512984" level="INFO">Slept 2 seconds.</msg>
<arg>2s</arg>
<doc>Pauses the test executed for the given time.</doc>
<status status="PASS" start="2024-06-07T09:13:50.511775" elapsed="2.001463"/>
</kw>
<kw name="Reload Page" owner="SeleniumLibrary">
<doc>Simulates user reloading page.</doc>
<status status="PASS" start="2024-06-07T09:13:52.513803" elapsed="0.166657"/>
</kw>
<kw name="Click options button on right" owner="logedInUserSetup">
<kw name="Click Element" owner="SeleniumLibrary">
<msg time="2024-06-07T09:13:52.681705" level="INFO">Clicking element 'id=react-burger-menu-btn'.</msg>
<arg>id=${menu}</arg>
<doc>Click the element identified by ``locator``.</doc>
<status status="PASS" start="2024-06-07T09:13:52.681400" elapsed="0.069659"/>
</kw>
<kw name="Sleep" owner="BuiltIn">
<msg time="2024-06-07T09:13:54.752982" level="INFO">Slept 2 seconds.</msg>
<arg>2s</arg>
<doc>Pauses the test executed for the given time.</doc>
<status status="PASS" start="2024-06-07T09:13:52.751329" elapsed="2.001901"/>
</kw>
<status status="PASS" start="2024-06-07T09:13:52.680863" elapsed="2.072823"/>
</kw>
<kw name="Wait Until Element Is Visible" owner="SeleniumLibrary">
<arg>id=${resetshoppingcart}</arg>
<doc>Waits until the element ``locator`` is visible.</doc>
<status status="PASS" start="2024-06-07T09:13:54.754014" elapsed="0.045219"/>
</kw>
<kw name="Click Element" owner="SeleniumLibrary">
<msg time="2024-06-07T09:13:54.801185" level="INFO">Clicking element 'id=reset_sidebar_link'.</msg>
<arg>id=${resetshoppingcart}</arg>
<doc>Click the element identified by ``locator``.</doc>
<status status="PASS" start="2024-06-07T09:13:54.800048" elapsed="0.069853"/>
</kw>
<kw name="Reload Page" owner="SeleniumLibrary">
<doc>Simulates user reloading page.</doc>
<status status="PASS" start="2024-06-07T09:13:54.870114" elapsed="0.128552"/>
</kw>
<status status="PASS" start="2024-06-07T09:13:50.511365" elapsed="4.487452"/>
</kw>
<kw name="Read shopping list and add items to cart" owner="shoppingCart">
<kw name="Shopping Cart Add" owner="python_common_modules">
<msg time="2024-06-07T09:13:55.002069" level="INFO">${shopping_cart} = ['add-to-cart-sauce-labs-backpack', 'add-to-cart-sauce-labs-bike-light']</msg>
<var>${shopping_cart}</var>
<arg>Data/shopping_cart.txt</arg>
<status status="PASS" start="2024-06-07T09:13:54.999709" elapsed="0.002416"/>
</kw>
<for flavor="IN">
<iter>
<kw name="Add item to shopping cart" owner="shoppingCart">
<kw name="Click Button" owner="SeleniumLibrary">
<msg time="2024-06-07T09:13:55.003498" level="INFO">Clicking button 'add-to-cart-sauce-labs-backpack'.</msg>
<arg>${item}</arg>
<doc>Clicks the button identified by ``locator``.</doc>
<status status="PASS" start="2024-06-07T09:13:55.003239" elapsed="5.126834"/>
</kw>
<kw name="Sleep" owner="BuiltIn">
<msg time="2024-06-07T09:14:02.131824" level="INFO">Slept 2 seconds.</msg>
<arg>2s</arg>
<doc>Pauses the test executed for the given time.</doc>
<status status="PASS" start="2024-06-07T09:14:00.130297" elapsed="2.001706"/>
</kw>
<arg>${item}</arg>
<status status="PASS" start="2024-06-07T09:13:55.002764" elapsed="7.129432"/>
</kw>
<var name="${item}">add-to-cart-sauce-labs-backpack</var>
<status status="PASS" start="2024-06-07T09:13:55.002560" elapsed="7.129733"/>
</iter>
<iter>
<kw name="Add item to shopping cart" owner="shoppingCart">
<kw name="Click Button" owner="SeleniumLibrary">
<msg time="2024-06-07T09:14:02.133912" level="INFO">Clicking button 'add-to-cart-sauce-labs-bike-light'.</msg>
<arg>${item}</arg>
<doc>Clicks the button identified by ``locator``.</doc>
<status status="PASS" start="2024-06-07T09:14:02.133624" elapsed="5.116465"/>
</kw>
<kw name="Sleep" owner="BuiltIn">
<msg time="2024-06-07T09:14:09.251830" level="INFO">Slept 2 seconds.</msg>
<arg>2s</arg>
<doc>Pauses the test executed for the given time.</doc>
<status status="PASS" start="2024-06-07T09:14:07.250353" elapsed="2.001764"/>
</kw>
<arg>${item}</arg>
<status status="PASS" start="2024-06-07T09:14:02.132950" elapsed="7.119532"/>
</kw>
<var name="${item}">add-to-cart-sauce-labs-bike-light</var>
<status status="PASS" start="2024-06-07T09:14:02.132645" elapsed="7.119938"/>
</iter>
<var>${item}</var>
<value>@{shopping_cart}</value>
<status status="PASS" start="2024-06-07T09:13:55.002339" elapsed="14.250358"/>
</for>
<status status="PASS" start="2024-06-07T09:13:54.999325" elapsed="14.253535"/>
</kw>
<kw name="Click shopping cart icon" owner="logedInUserSetup">
<kw name="Click Element" owner="SeleniumLibrary">
<msg time="2024-06-07T09:14:09.254635" level="INFO">Clicking element 'id=shopping_cart_container'.</msg>
<arg>id=${shopingcarticon}</arg>
<doc>Click the element identified by ``locator``.</doc>
<status status="PASS" start="2024-06-07T09:14:09.254001" elapsed="0.101778"/>
</kw>
<status status="PASS" start="2024-06-07T09:14:09.253446" elapsed="0.102477"/>
</kw>
<kw name="Get price and name details to nameprice.csv file" owner="dropDown_common_resources">
<kw name="Create File" owner="OperatingSystem">
<msg time="2024-06-07T09:14:09.357199" level="INFO" html="true">Created file '&lt;a href="file:///tarobot/elements.csv"&gt;/tarobot/elements.csv&lt;/a&gt;'.</msg>
<arg>${file1}</arg>
<doc>Creates a file with the given content and encoding.</doc>
<status status="PASS" start="2024-06-07T09:14:09.356853" elapsed="0.000638"/>
</kw>
<kw name="Get WebElements" owner="SeleniumLibrary">
<msg time="2024-06-07T09:14:09.377652" level="INFO">@{elements} = [ &lt;selenium.webdriver.remote.webelement.WebElement (session="3a8774f38629243fe31e6283cdf9b7bc", element="CFD006B5329D93F2E9F18B56649294A5_element_86")&gt; | &lt;selenium.webdriver.remote.webelement.WebEleme...</msg>
<var>@{elements}</var>
<arg>css:.inventory_item_name</arg>
<doc>Returns a list of WebElement objects matching the ``locator``.</doc>
<status status="PASS" start="2024-06-07T09:14:09.357734" elapsed="0.019979"/>
</kw>
<for flavor="IN">
<iter>
<kw name="Append To File" owner="OperatingSystem">
<msg time="2024-06-07T09:14:09.402520" level="INFO" html="true">Appended to file '&lt;a href="file:///tarobot/elements.csv"&gt;/tarobot/elements.csv&lt;/a&gt;'.</msg>
<arg>${file1}</arg>
<arg>${element.text}\n</arg>
<doc>Appends the given content to the specified file.</doc>
<status status="PASS" start="2024-06-07T09:14:09.378223" elapsed="0.024415"/>
</kw>
<var name="${element}">&lt;selenium.webdriver.remote.webelement.WebElement (session="3a8774f38629243fe31e6283cdf9b7bc", element="CFD006B5329D93F2E9F18B56649294A5_element_86")&gt;</var>
<status status="PASS" start="2024-06-07T09:14:09.378041" elapsed="0.024716"/>
</iter>
<iter>
<kw name="Append To File" owner="OperatingSystem">
<msg time="2024-06-07T09:14:09.420015" level="INFO" html="true">Appended to file '&lt;a href="file:///tarobot/elements.csv"&gt;/tarobot/elements.csv&lt;/a&gt;'.</msg>
<arg>${file1}</arg>
<arg>${element.text}\n</arg>
<doc>Appends the given content to the specified file.</doc>
<status status="PASS" start="2024-06-07T09:14:09.403542" elapsed="0.016566"/>
</kw>
<var name="${element}">&lt;selenium.webdriver.remote.webelement.WebElement (session="3a8774f38629243fe31e6283cdf9b7bc", element="CFD006B5329D93F2E9F18B56649294A5_element_87")&gt;</var>
<status status="PASS" start="2024-06-07T09:14:09.403112" elapsed="0.017151"/>
</iter>
<var>${element}</var>
<value>@{elements}</value>
<status status="PASS" start="2024-06-07T09:14:09.377836" elapsed="0.042515"/>
</for>
<kw name="Create File" owner="OperatingSystem">
<msg time="2024-06-07T09:14:09.420871" level="INFO" html="true">Created file '&lt;a href="file:///tarobot/prices.csv"&gt;/tarobot/prices.csv&lt;/a&gt;'.</msg>
<arg>${file2}</arg>
<doc>Creates a file with the given content and encoding.</doc>
<status status="PASS" start="2024-06-07T09:14:09.420575" elapsed="0.000366"/>
</kw>
<kw name="Get WebElements" owner="SeleniumLibrary">
<msg time="2024-06-07T09:14:09.438413" level="INFO">@{prices} = [ &lt;selenium.webdriver.remote.webelement.WebElement (session="3a8774f38629243fe31e6283cdf9b7bc", element="CFD006B5329D93F2E9F18B56649294A5_element_88")&gt; | &lt;selenium.webdriver.remote.webelement.WebEleme...</msg>
<var>@{prices}</var>
<arg>css:.inventory_item_price</arg>
<doc>Returns a list of WebElement objects matching the ``locator``.</doc>
<status status="PASS" start="2024-06-07T09:14:09.421147" elapsed="0.017326"/>
</kw>
<for flavor="IN">
<iter>
<kw name="Append To File" owner="OperatingSystem">
<msg time="2024-06-07T09:14:09.454431" level="INFO" html="true">Appended to file '&lt;a href="file:///tarobot/prices.csv"&gt;/tarobot/prices.csv&lt;/a&gt;'.</msg>
<arg>${file2}</arg>
<arg>${price.text}\n</arg>
<doc>Appends the given content to the specified file.</doc>
<status status="PASS" start="2024-06-07T09:14:09.438958" elapsed="0.015568"/>
</kw>
<var name="${price}">&lt;selenium.webdriver.remote.webelement.WebElement (session="3a8774f38629243fe31e6283cdf9b7bc", element="CFD006B5329D93F2E9F18B56649294A5_element_88")&gt;</var>
<status status="PASS" start="2024-06-07T09:14:09.438778" elapsed="0.015851"/>
</iter>
<iter>
<kw name="Append To File" owner="OperatingSystem">
<msg time="2024-06-07T09:14:09.469922" level="INFO" html="true">Appended to file '&lt;a href="file:///tarobot/prices.csv"&gt;/tarobot/prices.csv&lt;/a&gt;'.</msg>
<arg>${file2}</arg>
<arg>${price.text}\n</arg>
<doc>Appends the given content to the specified file.</doc>
<status status="PASS" start="2024-06-07T09:14:09.454971" elapsed="0.015034"/>
</kw>
<var name="${price}">&lt;selenium.webdriver.remote.webelement.WebElement (session="3a8774f38629243fe31e6283cdf9b7bc", element="CFD006B5329D93F2E9F18B56649294A5_element_89")&gt;</var>
<status status="PASS" start="2024-06-07T09:14:09.454801" elapsed="0.015282"/>
</iter>
<var>${price}</var>
<value>@{prices}</value>
<status status="PASS" start="2024-06-07T09:14:09.438589" elapsed="0.032144"/>
</for>
<kw name="Create File" owner="OperatingSystem">
<msg time="2024-06-07T09:14:09.471237" level="INFO" html="true">Created file '&lt;a href="file:///tarobot/nameprice.csv"&gt;/tarobot/nameprice.csv&lt;/a&gt;'.</msg>
<arg>${combinedfile}</arg>
<doc>Creates a file with the given content and encoding.</doc>
<status status="PASS" start="2024-06-07T09:14:09.470951" elapsed="0.000416"/>
</kw>
<kw name="Combine Csv Files" owner="python_common_modules">
<arg>${file1}</arg>
<arg>${file2}</arg>
<arg>${combinedfile}</arg>
<status status="PASS" start="2024-06-07T09:14:09.471521" elapsed="0.003150"/>
</kw>
<kw name="Remove File" owner="OperatingSystem">
<msg time="2024-06-07T09:14:09.475109" level="INFO" html="true">Removed file '&lt;a href="file:///tarobot/elements.csv"&gt;/tarobot/elements.csv&lt;/a&gt;'.</msg>
<arg>${file1}</arg>
<doc>Removes a file with the given path.</doc>
<status status="PASS" start="2024-06-07T09:14:09.474875" elapsed="0.000303"/>
</kw>
<kw name="Remove File" owner="OperatingSystem">
<msg time="2024-06-07T09:14:09.475599" level="INFO" html="true">Removed file '&lt;a href="file:///tarobot/prices.csv"&gt;/tarobot/prices.csv&lt;/a&gt;'.</msg>
<arg>${file2}</arg>
<doc>Removes a file with the given path.</doc>
<status status="PASS" start="2024-06-07T09:14:09.475387" elapsed="0.000279"/>
</kw>
<status status="PASS" start="2024-06-07T09:14:09.356498" elapsed="0.119263"/>
</kw>
<kw name="Match cart items to incorrect shopping list" owner="shoppingCart">
<kw name="Cart List" owner="python_common_modules">
<msg time="2024-06-07T09:14:09.478342" level="INFO">${cart_list} = ['backpack', 'bike light']</msg>
<var>${cart_list}</var>
<arg>nameprice.csv</arg>
<status status="PASS" start="2024-06-07T09:14:09.476519" elapsed="0.001869"/>
</kw>
<kw name="User List" owner="python_common_modules">
<msg time="2024-06-07T09:14:09.480813" level="INFO">${user_list} = ['backpack', 'bike lightssss']</msg>
<var>${user_list}</var>
<arg>Data/incorrect_shopping_cart.txt</arg>
<status status="PASS" start="2024-06-07T09:14:09.478572" elapsed="0.002283"/>
</kw>
<kw name="Match List" owner="python_common_modules">
<msg time="2024-06-07T09:14:09.481316" level="INFO">${truth_value} = False</msg>
<var>${truth_value}</var>
<arg>${cart_list}</arg>
<arg>${user_list}</arg>
<status status="PASS" start="2024-06-07T09:14:09.481034" elapsed="0.000317"/>
</kw>
<kw name="Get Message Cart" owner="python_common_modules">
<msg time="2024-06-07T09:14:09.481699" level="INFO">${messege} = Fail: Test failed - Items are not added!</msg>
<var>${messege}</var>
<arg>${truth_value}</arg>
<status status="PASS" start="2024-06-07T09:14:09.481515" elapsed="0.000215"/>
</kw>
<return>
<value>${messege}</value>
<status status="PASS" start="2024-06-07T09:14:09.481805" elapsed="0.000072"/>
</return>
<msg time="2024-06-07T09:14:09.482048" level="INFO">${message} = Fail: Test failed - Items are not added!</msg>
<var>${message}</var>
<status status="PASS" start="2024-06-07T09:14:09.476095" elapsed="0.005984"/>
</kw>
<kw name="Remove File" owner="OperatingSystem">
<msg time="2024-06-07T09:14:09.482574" level="INFO" html="true">Removed file '&lt;a href="file:///tarobot/nameprice.csv"&gt;/tarobot/nameprice.csv&lt;/a&gt;'.</msg>
<arg>nameprice.csv</arg>
<doc>Removes a file with the given path.</doc>
<status status="PASS" start="2024-06-07T09:14:09.482366" elapsed="0.000275"/>
</kw>
<kw name="Check message for failure">
<kw name="Run Keyword If" owner="BuiltIn">
<arg>'Success' in '''${message}'''</arg>
<arg>Fail</arg>
<arg>The test should not indicate success</arg>
<doc>Runs the given keyword with the given arguments, if ``condition`` is true.</doc>
<status status="PASS" start="2024-06-07T09:14:09.483556" elapsed="0.000550"/>
</kw>
<arg>${message}</arg>
<status status="PASS" start="2024-06-07T09:14:09.482925" elapsed="0.001305"/>
</kw>
<kw name="Close Browsers" owner="logintest_common_resources">
<kw name="Close All Browsers" owner="SeleniumLibrary">
<doc>Closes all open browsers and resets the browser cache.</doc>
<status status="PASS" start="2024-06-07T09:14:09.485430" elapsed="0.066178"/>
</kw>
<status status="PASS" start="2024-06-07T09:14:09.484929" elapsed="0.066833"/>
</kw>
<status status="PASS" start="2024-06-07T09:13:46.523534" elapsed="23.028496"/>
</test>
<status status="PASS" start="2024-06-07T09:13:22.929931" elapsed="46.622699"/>
</suite>
<status status="PASS" start="2024-06-07T09:11:58.976615" elapsed="130.577427"/>
</suite>
<statistics>
<total>
<stat pass="18" fail="0" skip="0">All Tests</stat>
</total>
<tag>
</tag>
<suite>
<stat pass="18" fail="0" skip="0" id="s1" name="tc01 logintestChrome &amp; tc02 logintestFirefox &amp; tc03 logoutTest &amp; tc04 itemMenuSort &amp; tc05 shoppingCart">tc01 logintestChrome &amp; tc02 logintestFirefox &amp; tc03 logoutTest &amp; tc04 itemMenuSort &amp; tc05 shoppingCart</stat>
<stat pass="5" fail="0" skip="0" id="s1-s1" name="tc01 logintestChrome">tc01 logintestChrome &amp; tc02 logintestFirefox &amp; tc03 logoutTest &amp; tc04 itemMenuSort &amp; tc05 shoppingCart.tc01 logintestChrome</stat>
<stat pass="5" fail="0" skip="0" id="s1-s2" name="tc02 logintestFirefox">tc01 logintestChrome &amp; tc02 logintestFirefox &amp; tc03 logoutTest &amp; tc04 itemMenuSort &amp; tc05 shoppingCart.tc02 logintestFirefox</stat>
<stat pass="2" fail="0" skip="0" id="s1-s3" name="tc03 logoutTest">tc01 logintestChrome &amp; tc02 logintestFirefox &amp; tc03 logoutTest &amp; tc04 itemMenuSort &amp; tc05 shoppingCart.tc03 logoutTest</stat>
<stat pass="4" fail="0" skip="0" id="s1-s4" name="tc04 itemMenuSort">tc01 logintestChrome &amp; tc02 logintestFirefox &amp; tc03 logoutTest &amp; tc04 itemMenuSort &amp; tc05 shoppingCart.tc04 itemMenuSort</stat>
<stat pass="2" fail="0" skip="0" id="s1-s5" name="tc05 shoppingCart">tc01 logintestChrome &amp; tc02 logintestFirefox &amp; tc03 logoutTest &amp; tc04 itemMenuSort &amp; tc05 shoppingCart.tc05 shoppingCart</stat>
</suite>
</statistics>
<errors>
<msg time="2024-06-07T09:12:03.782509" level="WARN">Multiple tests with name 'LoginTestwithAcceptedUsernames' executed in suite 'tc01 logintestChrome &amp; tc02 logintestFirefox &amp; tc03 logoutTest &amp; tc04 itemMenuSort &amp; tc05 shoppingCart.tc01 logintestChrome'.</msg>
<msg time="2024-06-07T09:12:05.883699" level="WARN">Multiple tests with name 'LoginTestwithAcceptedUsernames' executed in suite 'tc01 logintestChrome &amp; tc02 logintestFirefox &amp; tc03 logoutTest &amp; tc04 itemMenuSort &amp; tc05 shoppingCart.tc01 logintestChrome'.</msg>
<msg time="2024-06-07T09:12:12.924193" level="WARN">Multiple tests with name 'LoginTestwithAcceptedUsernames' executed in suite 'tc01 logintestChrome &amp; tc02 logintestFirefox &amp; tc03 logoutTest &amp; tc04 itemMenuSort &amp; tc05 shoppingCart.tc01 logintestChrome'.</msg>
<msg time="2024-06-07T09:12:14.962659" level="WARN">Multiple tests with name 'LoginTestwithAcceptedUsernames' executed in suite 'tc01 logintestChrome &amp; tc02 logintestFirefox &amp; tc03 logoutTest &amp; tc04 itemMenuSort &amp; tc05 shoppingCart.tc01 logintestChrome'.</msg>
<msg time="2024-06-07T09:12:22.471007" level="WARN">Multiple tests with name 'LoginTestwithAcceptedUsernames' executed in suite 'tc01 logintestChrome &amp; tc02 logintestFirefox &amp; tc03 logoutTest &amp; tc04 itemMenuSort &amp; tc05 shoppingCart.tc02 logintestFirefox'.</msg>
<msg time="2024-06-07T09:12:28.018221" level="WARN">Multiple tests with name 'LoginTestwithAcceptedUsernames' executed in suite 'tc01 logintestChrome &amp; tc02 logintestFirefox &amp; tc03 logoutTest &amp; tc04 itemMenuSort &amp; tc05 shoppingCart.tc02 logintestFirefox'.</msg>
<msg time="2024-06-07T09:12:37.863039" level="WARN">Multiple tests with name 'LoginTestwithAcceptedUsernames' executed in suite 'tc01 logintestChrome &amp; tc02 logintestFirefox &amp; tc03 logoutTest &amp; tc04 itemMenuSort &amp; tc05 shoppingCart.tc02 logintestFirefox'.</msg>
<msg time="2024-06-07T09:12:42.818557" level="WARN">Multiple tests with name 'LoginTestwithAcceptedUsernames' executed in suite 'tc01 logintestChrome &amp; tc02 logintestFirefox &amp; tc03 logoutTest &amp; tc04 itemMenuSort &amp; tc05 shoppingCart.tc02 logintestFirefox'.</msg>
</errors>
</robot>
